2024-04-12 10:45:08 ERROR User failed to provide credentials
2024-04-12 10:45:17 ERROR User failed to provide credentials
2024-04-12 10:46:36 ERROR User failed to provide credentials
2024-04-16 19:32:17 ERROR User ahmed.dirir@bespinglobal.ae is not authorized to perform the action IAM:User:list
2024-04-16 19:48:41 ERROR User ahmed.dirir@bespinglobal.ae is not authorized to perform the action {'action': 'IAM:User:list', 'resource': '*', 'customer': '*'}
2024-04-16 20:04:18 ERROR User ahmed.dirir@bespinglobal.ae is not authorized to perform the action {'action': 'IAM:User:list', 'resource': '*', 'customer': '*'}
2024-04-16 20:06:37 ERROR User ahmed.dirir@bespinglobal.ae is not authorized to perform the action {'action': 'IAM:User:list', 'resource': '*', 'customer': '*'}
2024-04-16 20:07:50 ERROR User ahmed.dirir@bespinglobal.ae is not authorized to perform the action {'action': 'IAM:User:list', 'resource': '*', 'customer': '*'}
2024-04-16 20:09:06 ERROR User ahmed.dirir@bespinglobal.ae is not authorized to perform the action {'action': 'IAM:User:list', 'resources': '*', 'customers': '*'}
2024-04-17 23:20:52 ERROR User ahmed.dirir@bespinglobal.ae is not authorized to perform the action {'action': 'IAM:User:list', 'resources': '*', 'customers': '*'}
2024-04-17 23:25:29 ERROR User ahmed.dirir@bespinglobal.ae is not authorized to perform the action {'action': 'IAM:User:list', 'resources': '*', 'customers': '*'}
2024-04-17 23:36:34 ERROR User ahmed.dirir@bespinglobal.ae failed to perform action {'action': 'IAM:User:list', 'resource': '*', 'customer': '*'} with error {'error': 'Some error happened, please try again'}
2024-04-19 16:01:24 ERROR User ahmed.dirir@bespinglobal.ae failed to perform action {'action': 'Customers:AzureOpportunity:list', 'resource': ['*'], 'customer': ['*']} with error {'error': 'Error fetching rows from Table (azure_opportunity_details)\nMySQL Connection not available.'}
2024-04-19 16:01:24 ERROR User ahmed.dirir@bespinglobal.ae failed to perform action {'action': 'Customers:M365Opportunity:list', 'resource': ['*'], 'customer': ['*']} with error {'error': 'Error fetching rows from Table (m365_opportunity_details)\nUnread result found'}
2024-04-19 16:01:24 ERROR User ahmed.dirir@bespinglobal.ae failed to perform action {'action': 'Customers:AwsOpportunity:list', 'resource': ['*'], 'customer': ['*']} with error {'error': "Error fetching rows from Table (aws_opportunity_details)\n2014 (HY000): Commands out of sync; you can't run this command now"}
2024-04-19 16:02:42 ERROR User ahmed.dirir@bespinglobal.ae failed to perform action {'action': 'Customers:AwsOpportunity:list', 'resource': ['*'], 'customer': ['*']} with error {'error': 'Error fetching rows from Table (aws_opportunity_details)\nUnread result found'}
2024-04-19 16:02:42 ERROR User ahmed.dirir@bespinglobal.ae failed to perform action {'action': 'Customers:M365Opportunity:list', 'resource': ['*'], 'customer': ['*']} with error {'error': 'Error fetching rows from Table (m365_opportunity_details)\nMySQL Connection not available.'}
2024-04-19 16:02:42 ERROR User ahmed.dirir@bespinglobal.ae failed to perform action {'action': 'Customers:AzureOpportunity:list', 'resource': ['*'], 'customer': ['*']} with error {'error': "Error fetching rows from Table (opportunities)\n2014 (HY000): Commands out of sync; you can't run this command now"}
2024-04-19 16:30:36 ERROR User ahmed.dirir@bespinglobal.ae failed to perform action {'action': 'Customers:AzureAccount:list', 'resource': ['*'], 'customer': ['*']} with error {'error': 'Error fetching rows from Table (azure_accounts)\nMySQL Connection not available.'}
2024-04-19 16:30:36 ERROR User ahmed.dirir@bespinglobal.ae failed to perform action {'action': 'Customers:AwsAccount:list', 'resource': ['*'], 'customer': ['*']} with error {'error': "Error fetching rows from Table (sub_clients)\n2014 (HY000): Commands out of sync; you can't run this command now"}
2024-04-19 16:34:47 ERROR User ahmed.dirir@bespinglobal.ae failed to perform action {'action': 'Customers:AwsOpportunity:list', 'resource': ['*'], 'customer': ['*']} with error {'error': 'Error fetching rows from Table (aws_opportunity_details)\nUnread result found'}
2024-04-19 16:34:47 ERROR User ahmed.dirir@bespinglobal.ae failed to perform action {'action': 'Customers:AzureOpportunity:list', 'resource': ['*'], 'customer': ['*']} with error {'error': 'Error fetching rows from Table (azure_opportunity_details)\nMySQL Connection not available.'}
2024-04-19 16:34:47 ERROR User ahmed.dirir@bespinglobal.ae failed to perform action {'action': 'Customers:Opportunity:list', 'resource': ['*'], 'customer': ['*']} with error {'error': "Error fetching rows from Table (sub_clients)\n2014 (HY000): Commands out of sync; you can't run this command now"}
2024-04-19 16:35:20 ERROR User ahmed.dirir@bespinglobal.ae failed to perform action {'action': 'Customers:AwsOpportunity:list', 'resource': ['*'], 'customer': ['*']} with error {'error': 'Error fetching rows from Table (aws_opportunity_details)\nMySQL Connection not available.'}
2024-04-19 16:35:20 ERROR User ahmed.dirir@bespinglobal.ae failed to perform action {'action': 'Customers:AzureOpportunity:list', 'resource': ['*'], 'customer': ['*']} with error {'error': 'Error fetching rows from Table (azure_opportunity_details)\nUnread result found'}
2024-04-19 16:35:20 ERROR User ahmed.dirir@bespinglobal.ae failed to perform action {'action': 'Customers:Opportunity:list', 'resource': ['*'], 'customer': ['*']} with error {'error': "Error fetching rows from Table (opportunities)\n2014 (HY000): Commands out of sync; you can't run this command now"}
2024-04-19 16:40:15 ERROR User ahmed.dirir@bespinglobal.ae failed to perform action {'action': 'Customers:AwsOpportunity:list', 'resource': ['*'], 'customer': ['*']} with error {'error': 'Error fetching rows from Table (aws_opportunity_details)\nUnread result found'}
2024-04-19 16:40:15 ERROR User ahmed.dirir@bespinglobal.ae failed to perform action {'action': 'Customers:M365Opportunity:list', 'resource': ['*'], 'customer': ['*']} with error {'error': 'Error fetching rows from Table (m365_opportunity_details)\nUnread result found'}
2024-04-19 16:41:23 ERROR User ahmed.dirir@bespinglobal.ae failed to perform action {'action': 'Customers:Contact:list', 'resource': ['*'], 'customer': ['*']} with error {'error': "Error fetching rows from Table (clients_contacts)\n2014 (HY000): Commands out of sync; you can't run this command now"}
2024-04-19 16:41:23 ERROR User ahmed.dirir@bespinglobal.ae failed to perform action {'action': 'Customers:Synthetic:list', 'resource': ['*'], 'customer': ['*']} with error {'error': "Error fetching rows from Table (clients_url)\n2014 (HY000): Commands out of sync; you can't run this command now"}
2024-04-19 16:42:38 ERROR User ahmed.dirir@bespinglobal.ae failed to perform action {'action': 'Customers:Client:list', 'resource': ['*'], 'customer': ['*']} with error {'error': 'Error fetching rows from Table (clients)\nMySQL Connection not available.'}
2024-04-19 16:42:38 ERROR User ahmed.dirir@bespinglobal.ae failed to perform action {'action': 'Customers:SubClient:list', 'resource': ['*'], 'customer': ['*']} with error {'error': 'Error fetching rows from Table (sub_clients)\nMySQL Connection not available.'}
2024-04-19 16:42:38 ERROR User ahmed.dirir@bespinglobal.ae failed to perform action {'action': 'Customers:Synthetic:list', 'resource': ['*'], 'customer': ['*']} with error {'error': 'Error fetching rows from Table (clients_url)\nMySQL Connection not available.'}
2024-04-19 16:42:38 ERROR User ahmed.dirir@bespinglobal.ae failed to perform action {'action': 'Customers:Contact:list', 'resource': ['*'], 'customer': ['*']} with error {'error': 'Error fetching rows from Table (clients_contacts)\nMySQL Connection not available.'}
2024-04-19 16:42:43 ERROR User ahmed.dirir@bespinglobal.ae failed to perform action {'action': 'Customers:AwsAccount:list', 'resource': ['*'], 'customer': ['*']} with error {'error': 'Error fetching rows from Table (aws_accounts)\nMySQL Connection not available.'}
2024-04-19 16:42:43 ERROR User ahmed.dirir@bespinglobal.ae failed to perform action {'action': 'Customers:AzureAccount:list', 'resource': ['*'], 'customer': ['*']} with error {'error': 'Error fetching rows from Table (azure_accounts)\nMySQL Connection not available.'}
2024-04-19 16:42:43 ERROR User ahmed.dirir@bespinglobal.ae failed to perform action {'action': 'Customers:M365Account:list', 'resource': ['*'], 'customer': ['*']} with error {'error': 'Error fetching rows from Table (m365_accounts)\nMySQL Connection not available.'}
2024-04-19 16:43:00 ERROR User ahmed.dirir@bespinglobal.ae failed to perform action {'action': 'Customers:AzureAccount:list', 'resource': ['*'], 'customer': ['*']} with error {'error': 'Error fetching rows from Table (azure_accounts)\nUnread result found'}
2024-04-19 16:44:12 ERROR User ahmed.dirir@bespinglobal.ae failed to perform action {'action': 'Customers:Synthetic:list', 'resource': ['*'], 'customer': ['*']} with error {'error': 'Error fetching rows from Table (clients_url)\nUnread result found'}
2024-04-21 20:10:12 ERROR User ahmed.dirir@bespinglobal.ae failed to perform action {'action': 'Customers:SubClient:list', 'resource': ['*'], 'customer': ['*']} with error {'error': 'Error fetching rows from Table (sub_clients)\nMySQL Connection not available.'}
2024-04-21 20:10:12 ERROR User ahmed.dirir@bespinglobal.ae failed to perform action {'action': 'Customers:SubClient:list', 'resource': ['*'], 'customer': ['*']} with error {'error': "Error fetching rows from Table (sub_clients)\n2014 (HY000): Commands out of sync; you can't run this command now"}
2024-04-21 22:31:27 ERROR User ahmed.dirir@bespinglobal.ae failed to provide a valid service undefined
