2023-11-02 21:55:30 INFO ahmed.dirir@bespinglobal.ae Monitoring:AlarmTemplate:getTemplates ['360MEA FZE'] ['*'] 200
2023-11-02 21:55:32 INFO ahmed.dirir@bespinglobal.ae OPSNOW:Asset:getProducts ['360MEA FZE'] ['*'] 200
2023-11-02 21:55:33 INFO ahmed.dirir@bespinglobal.ae OPSNOW:Asset:getUsage ['360MEA FZE'] ['*'] 200
2023-11-02 22:09:39 INFO ahmed.dirir@bespinglobal.ae IAM:ApiKey:getApiKeys ['360MEA FZE'] ['*'] 200
2023-11-02 22:09:42 INFO ahmed.dirir@bespinglobal.ae IAM:Group:getGroups ['360MEA FZE'] ['*'] 200
2023-11-02 22:09:45 INFO ahmed.dirir@bespinglobal.ae IAM:ApiKey:createApiKey ['360MEA FZE'] ['*'] 400
2023-11-02 22:11:44 INFO ahmed.dirir@bespinglobal.ae IAM:Customer:getCustomers ['*'] ['*'] 200
2023-11-02 22:11:44 INFO ahmed.dirir@bespinglobal.ae IAM:ApiKey:getApiKeys ['*'] ['*'] 200
2023-11-02 22:11:47 INFO ahmed.dirir@bespinglobal.ae IAM:Group:getGroups ['*'] ['*'] 200
2023-11-02 22:11:50 INFO ahmed.dirir@bespinglobal.ae IAM:Policy:getPolicies ['*'] ['*'] 200
2023-11-02 22:11:51 INFO ahmed.dirir@bespinglobal.ae IAM:ApiKey:getApiKeys ['*'] ['*'] 200
2023-11-02 22:11:54 INFO ahmed.dirir@bespinglobal.ae IAM:Group:getGroups ['*'] ['*'] 200
2023-11-02 22:11:56 INFO ahmed.dirir@bespinglobal.ae IAM:ApiKey:createApiKey ['*'] ['*'] 200
2023-11-02 22:12:08 INFO ahmed.dirir@bespinglobal.ae IAM:Customer:getCustomers ['*'] ['*'] 200
2023-11-02 22:12:08 INFO ahmed.dirir@bespinglobal.ae IAM:ApiKey:getApiKeys ['*'] ['*'] 400
2023-11-02 22:12:11 INFO ahmed.dirir@bespinglobal.ae IAM:Group:getGroups ['*'] ['*'] 200
2023-11-02 22:13:04 INFO ahmed.dirir@bespinglobal.ae IAM:Customer:getCustomers ['*'] ['*'] 200
2023-11-02 22:13:04 INFO ahmed.dirir@bespinglobal.ae IAM:ApiKey:getApiKeys ['*'] ['*'] 400
2023-11-02 22:13:10 INFO ahmed.dirir@bespinglobal.ae IAM:Group:getGroups ['*'] ['*'] 200
2023-11-02 22:13:10 INFO ahmed.dirir@bespinglobal.ae IAM:Customer:getCustomers ['*'] ['*'] 200
2023-11-02 22:13:10 INFO ahmed.dirir@bespinglobal.ae IAM:ApiKey:getApiKeys ['*'] ['*'] 400
2023-11-02 22:13:13 INFO ahmed.dirir@bespinglobal.ae IAM:Group:getGroups ['*'] ['*'] 200
2023-11-02 22:13:13 INFO ahmed.dirir@bespinglobal.ae IAM:Customer:getCustomers ['*'] ['*'] 200
2023-11-02 22:13:13 INFO ahmed.dirir@bespinglobal.ae IAM:ApiKey:getApiKeys ['*'] ['*'] 400
2023-11-02 22:13:16 INFO ahmed.dirir@bespinglobal.ae IAM:Group:getGroups ['*'] ['*'] 200
2023-11-02 22:13:21 INFO ahmed.dirir@bespinglobal.ae IAM:Policy:getPolicies ['*'] ['*'] 200
2023-11-02 22:13:22 INFO ahmed.dirir@bespinglobal.ae IAM:ApiKey:getApiKeys ['*'] ['*'] 400
2023-11-02 22:13:25 INFO ahmed.dirir@bespinglobal.ae IAM:Group:getGroups ['*'] ['*'] 200
2023-11-02 22:13:52 INFO ahmed.dirir@bespinglobal.ae IAM:Customer:getCustomers ['*'] ['*'] 200
2023-11-02 22:13:52 INFO ahmed.dirir@bespinglobal.ae IAM:ApiKey:getApiKeys ['*'] ['*'] 400
2023-11-02 22:13:55 INFO ahmed.dirir@bespinglobal.ae IAM:Group:getGroups ['*'] ['*'] 200
2023-11-02 22:13:58 INFO ahmed.dirir@bespinglobal.ae Monitoring:AlarmTemplate:getTemplates ['*'] ['*'] 200
2023-11-02 22:14:03 INFO ahmed.dirir@bespinglobal.ae IAM:ApiKey:getApiKeys ['*'] ['*'] 400
2023-11-02 22:14:06 INFO ahmed.dirir@bespinglobal.ae IAM:Group:getGroups ['*'] ['*'] 200
2023-11-02 22:14:36 INFO ahmed.dirir@bespinglobal.ae IAM:Group:getGroups ['*'] ['*'] 200
2023-11-02 22:14:37 INFO ahmed.dirir@bespinglobal.ae IAM:Policy:getPolicies ['*'] ['*'] 200
2023-11-02 22:14:38 INFO ahmed.dirir@bespinglobal.ae IAM:ApiKey:getApiKeys ['*'] ['*'] 200
2023-11-02 22:14:39 INFO ahmed.dirir@bespinglobal.ae IAM:Policy:getPolicies ['*'] ['*'] 200
2023-11-02 22:14:41 INFO ahmed.dirir@bespinglobal.ae IAM:Group:getGroups ['*'] ['*'] 200
2023-11-02 22:14:46 INFO ahmed.dirir@bespinglobal.ae IAM:ApiKey:updateApiKey ['*'] ['*'] 200
2023-11-02 22:17:41 INFO ahmed.dirir@bespinglobal.ae IAM:Customer:getCustomers ['*'] ['*'] 200
2023-11-02 22:17:41 INFO ahmed.dirir@bespinglobal.ae IAM:ApiKey:getApiKeys ['*'] ['*'] 200
2023-11-02 22:17:44 INFO ahmed.dirir@bespinglobal.ae IAM:Group:getGroups ['*'] ['*'] 200
2023-11-02 22:17:48 INFO ahmed.dirir@bespinglobal.ae IAM:Customer:getCustomers ['*'] ['*'] 200
2023-11-02 22:17:48 INFO ahmed.dirir@bespinglobal.ae IAM:ApiKey:getApiKeys ['*'] ['*'] 200
2023-11-02 22:17:51 INFO ahmed.dirir@bespinglobal.ae IAM:Customer:getCustomers ['*'] ['*'] 200
2023-11-02 22:17:51 INFO ahmed.dirir@bespinglobal.ae IAM:ApiKey:getApiKeys ['*'] ['*'] 200
2023-11-02 22:17:54 INFO ahmed.dirir@bespinglobal.ae IAM:Group:getGroups ['*'] ['*'] 200
2023-11-02 22:18:11 INFO ahmed.dirir@bespinglobal.ae IAM:ApiKey:createApiKey ['*'] ['*'] 200
2023-11-02 22:20:04 INFO ahmed.dirir@bespinglobal.ae IAM:Customer:getCustomers ['*'] ['*'] 200
2023-11-02 22:20:04 INFO ahmed.dirir@bespinglobal.ae IAM:ApiKey:getApiKeys ['*'] ['*'] 200
2023-11-02 22:20:07 INFO ahmed.dirir@bespinglobal.ae IAM:Group:getGroups ['*'] ['*'] 200
2023-11-02 22:20:10 INFO ahmed.dirir@bespinglobal.ae IAM:ApiKey:createApiKey ['*'] ['*'] 200
2023-11-02 22:20:54 INFO ahmed.dirir@bespinglobal.ae IAM:Customer:getCustomers ['*'] ['*'] 200
2023-11-02 22:20:54 INFO ahmed.dirir@bespinglobal.ae IAM:ApiKey:getApiKeys ['*'] ['*'] 200
2023-11-02 22:20:57 INFO ahmed.dirir@bespinglobal.ae IAM:Group:getGroups ['*'] ['*'] 200
2023-11-02 22:20:59 INFO ahmed.dirir@bespinglobal.ae IAM:ApiKey:updateApiKey ['*'] ['*'] 200
2023-11-02 22:21:01 INFO ahmed.dirir@bespinglobal.ae IAM:ApiKey:deleteApiKey ['*'] ['*'] 200
2023-11-02 22:21:03 INFO ahmed.dirir@bespinglobal.ae IAM:ApiKey:deleteApiKey ['*'] ['*'] 200
2023-11-02 22:21:05 INFO ahmed.dirir@bespinglobal.ae IAM:ApiKey:deleteApiKey ['*'] ['*'] 200
2023-11-02 22:22:09 INFO ahmed.dirir@bespinglobal.ae IAM:Customer:getCustomers ['*'] ['*'] 200
2023-11-02 22:22:09 INFO ahmed.dirir@bespinglobal.ae IAM:ApiKey:getApiKeys ['*'] ['*'] 200
2023-11-02 22:22:12 INFO ahmed.dirir@bespinglobal.ae IAM:Group:getGroups ['*'] ['*'] 200
2023-11-02 22:22:16 INFO ahmed.dirir@bespinglobal.ae IAM:ApiKey:createApiKey ['*'] ['*'] 200
2023-11-02 22:23:45 INFO ahmed.dirir@bespinglobal.ae IAM:Customer:getCustomers ['*'] ['*'] 200
2023-11-02 22:23:45 INFO ahmed.dirir@bespinglobal.ae IAM:ApiKey:getApiKeys ['*'] ['*'] 200
2023-11-02 22:23:48 INFO ahmed.dirir@bespinglobal.ae IAM:Group:getGroups ['*'] ['*'] 200
2023-11-02 22:23:52 INFO ahmed.dirir@bespinglobal.ae IAM:ApiKey:createApiKey ['*'] ['*'] 200
2023-11-02 22:24:10 INFO ahmed.dirir@bespinglobal.ae IAM:ApiKey:deleteApiKey ['*'] ['*'] 200
2023-11-02 22:24:13 INFO ahmed.dirir@bespinglobal.ae IAM:ApiKey:deleteApiKey ['*'] ['*'] 200
2023-11-03 11:54:26 INFO ahmed.dirir@bespinglobal.ae OPSNOW:Asset:getProducts ['360MEA FZE'] ['*'] 200
2023-11-05 03:37:55 INFO ahmed.dirir@bespinglobal.ae IAM:Customer:getCustomers ['*'] ['*'] 200
2023-11-05 03:37:59 INFO ahmed.dirir@bespinglobal.ae IAM:Policy:getPolicies ['*'] ['*'] 200
2023-11-05 03:51:19 INFO ahmed.dirir@bespinglobal.ae IAM:User:getUsers ['*'] ['*'] 200
2023-11-05 03:51:22 INFO ahmed.dirir@bespinglobal.ae IAM:Group:getGroups ['*'] ['*'] 200
2023-11-05 03:51:55 INFO Mohammed@bespinglobal.ae IAM:User:getUsers ['*'] ['*'] 200
2023-11-05 03:51:58 INFO Mohammed@bespinglobal.ae IAM:Group:getGroups ['*'] ['*'] 200
2023-11-05 03:52:08 INFO Mohammed@bespinglobal.ae IAM:Group:getGroups ['*'] ['*'] 200
2023-11-05 03:52:10 INFO Mohammed@bespinglobal.ae IAM:User:getUsers ['*'] ['*'] 200
2023-11-05 03:52:13 INFO Mohammed@bespinglobal.ae IAM:Group:getGroups ['*'] ['*'] 200
2023-11-05 03:53:52 INFO Mohammed@bespinglobal.ae IAM:Policy:getPolicies ['*'] ['*'] 200
2023-11-05 04:00:14 INFO Mohammed@bespinglobal.ae IAM:Group:getGroups ['*'] ['*'] 200
2023-11-05 04:01:37 INFO Mohammed@bespinglobal.ae IAM:Group:getGroups ['*'] ['*'] 200
2023-11-05 04:01:40 INFO Mohammed@bespinglobal.ae IAM:Policy:getPolicies ['*'] ['*'] 200
2023-11-05 04:03:54 INFO Mohammed@bespinglobal.ae IAM:Group:getGroups ['*'] ['*'] 200
2023-11-05 04:03:57 INFO Mohammed@bespinglobal.ae IAM:Policy:getPolicies ['*'] ['*'] 200
2023-11-06 13:11:29 INFO Mohammed@bespinglobal.ae IAM:Group:getGroups ['*'] ['*'] 200
2023-11-06 13:11:45 INFO ahmed.dirir@bespinglobal.ae IAM:Customer:getCustomers ['*'] ['*'] 200
2023-11-06 13:11:45 INFO ahmed.dirir@bespinglobal.ae IAM:ApiKey:getApiKeys ['*'] ['*'] 200
2023-11-06 13:11:48 INFO ahmed.dirir@bespinglobal.ae IAM:Group:getGroups ['*'] ['*'] 200
2023-11-06 13:12:11 INFO ahmed.dirir@bespinglobal.ae IAM:Group:getGroups ['*'] ['*'] 200
2023-11-06 13:12:14 INFO ahmed.dirir@bespinglobal.ae IAM:Policy:getPolicies ['*'] ['*'] 200
2023-11-06 13:12:16 INFO ahmed.dirir@bespinglobal.ae IAM:User:getUsers ['*'] ['*'] 200
2023-11-06 13:12:19 INFO ahmed.dirir@bespinglobal.ae IAM:Group:getGroups ['*'] ['*'] 200
2023-11-06 13:12:24 INFO ahmed.dirir@bespinglobal.ae IAM:Policy:getPolicies ['*'] ['*'] 200
2023-11-06 13:12:33 INFO ahmed.dirir@bespinglobal.ae IAM:ApiKey:getApiKeys ['*'] ['*'] 200
2023-11-06 13:12:36 INFO ahmed.dirir@bespinglobal.ae IAM:Group:getGroups ['*'] ['*'] 200
2023-11-06 13:13:46 INFO ahmed.dirir@bespinglobal.ae IAM:Customer:getCustomers ['*'] ['*'] 200
2023-11-06 13:13:46 INFO ahmed.dirir@bespinglobal.ae IAM:ApiKey:getApiKeys ['*'] ['*'] 200
2023-11-06 13:13:49 INFO ahmed.dirir@bespinglobal.ae IAM:Group:getGroups ['*'] ['*'] 200
2023-11-06 13:15:22 INFO ahmed.dirir@bespinglobal.ae IAM:Customer:getCustomers ['*'] ['*'] 200
2023-11-06 13:15:22 INFO ahmed.dirir@bespinglobal.ae IAM:ApiKey:getApiKeys ['*'] ['*'] 200
2023-11-06 13:15:24 INFO ahmed.dirir@bespinglobal.ae IAM:Customer:getCustomers ['*'] ['*'] 200
2023-11-06 13:15:24 INFO ahmed.dirir@bespinglobal.ae IAM:ApiKey:getApiKeys ['*'] ['*'] 200
2023-11-06 13:15:27 INFO ahmed.dirir@bespinglobal.ae IAM:Group:getGroups ['*'] ['*'] 200
2023-11-06 13:15:40 INFO ahmed.dirir@bespinglobal.ae IAM:ApiKey:createApiKey ['*'] ['*'] 400
2023-11-06 13:20:51 INFO ahmed.dirir@bespinglobal.ae IAM:Customer:getCustomers ['*'] ['*'] 200
2023-11-06 13:20:51 INFO ahmed.dirir@bespinglobal.ae IAM:ApiKey:getApiKeys ['*'] ['*'] 200
2023-11-06 13:20:54 INFO ahmed.dirir@bespinglobal.ae IAM:Group:getGroups ['*'] ['*'] 200
2023-11-06 13:21:02 INFO ahmed.dirir@bespinglobal.ae IAM:ApiKey:createApiKey ['*'] ['*'] 400
2023-11-06 13:22:18 INFO ahmed.dirir@bespinglobal.ae IAM:Customer:getCustomers ['*'] ['*'] 200
2023-11-06 13:22:18 INFO ahmed.dirir@bespinglobal.ae IAM:ApiKey:getApiKeys ['*'] ['*'] 200
2023-11-06 13:22:21 INFO ahmed.dirir@bespinglobal.ae IAM:Group:getGroups ['*'] ['*'] 200
2023-11-06 13:22:26 INFO ahmed.dirir@bespinglobal.ae IAM:ApiKey:createApiKey ['*'] ['*'] 200
2023-11-06 13:23:08 INFO ahmed.dirir@bespinglobal.ae IAM:ApiKey:updateApiKey ['*'] ['*'] 200
2023-11-06 13:24:05 INFO ahmed.dirir@bespinglobal.ae IAM:Customer:getCustomers ['*'] ['*'] 200
2023-11-06 13:24:05 INFO ahmed.dirir@bespinglobal.ae IAM:ApiKey:getApiKeys ['*'] ['*'] 200
2023-11-06 13:24:08 INFO ahmed.dirir@bespinglobal.ae IAM:Group:getGroups ['*'] ['*'] 200
2023-11-06 13:25:15 INFO ahmed.dirir@bespinglobal.ae IAM:ApiKey:deleteApiKey ['*'] ['*'] 200
2023-11-06 13:25:22 INFO ahmed.dirir@bespinglobal.ae IAM:ApiKey:createApiKey ['*'] ['*'] 200
2023-11-06 13:26:31 INFO ahmed.dirir@bespinglobal.ae IAM:Customer:getCustomers ['*'] ['*'] 200
2023-11-06 13:26:31 INFO ahmed.dirir@bespinglobal.ae IAM:ApiKey:getApiKeys ['*'] ['*'] 200
2023-11-06 13:26:34 INFO ahmed.dirir@bespinglobal.ae IAM:Group:getGroups ['*'] ['*'] 200
2023-11-06 13:53:13 INFO ahmed.dirir@bespinglobal.ae IAM:Customer:getCustomers ['*'] ['*'] 200
2023-11-06 13:53:13 INFO ahmed.dirir@bespinglobal.ae IAM:ApiKey:getApiKeys ['*'] ['*'] 200
2023-11-06 13:53:16 INFO ahmed.dirir@bespinglobal.ae IAM:Group:getGroups ['*'] ['*'] 200
2023-11-06 13:53:29 INFO ahmed.dirir@bespinglobal.ae IAM:Customer:getCustomers ['*'] ['*'] 200
2023-11-06 13:53:29 INFO ahmed.dirir@bespinglobal.ae IAM:ApiKey:getApiKeys ['*'] ['*'] 200
2023-11-06 13:53:32 INFO ahmed.dirir@bespinglobal.ae IAM:Group:getGroups ['*'] ['*'] 200
2023-11-06 14:04:55 INFO ahmed.dirir@bespinglobal.ae IAM:Customer:getCustomers ['*'] ['*'] 200
2023-11-06 14:04:55 INFO ahmed.dirir@bespinglobal.ae IAM:ApiKey:getApiKeys ['*'] ['*'] 200
2023-11-06 14:04:58 INFO ahmed.dirir@bespinglobal.ae IAM:Group:getGroups ['*'] ['*'] 200
2023-11-06 14:05:02 INFO ahmed.dirir@bespinglobal.ae IAM:ApiKey:createApiKey ['*'] ['*'] 200
2023-11-06 14:07:14 INFO ahmed.dirir@bespinglobal.ae IAM:Customer:getCustomers ['*'] ['*'] 200
2023-11-06 14:07:14 INFO ahmed.dirir@bespinglobal.ae IAM:ApiKey:getApiKeys ['*'] ['*'] 200
2023-11-06 14:08:37 INFO ahmed.dirir@bespinglobal.ae IAM:ApiKey:deleteApiKey ['*'] ['*'] 400
2023-11-06 14:08:39 INFO ahmed.dirir@bespinglobal.ae IAM:Customer:getCustomers ['*'] ['*'] 200
2023-11-06 14:08:39 INFO ahmed.dirir@bespinglobal.ae IAM:ApiKey:getApiKeys ['*'] ['*'] 200
2023-11-06 14:08:42 INFO ahmed.dirir@bespinglobal.ae IAM:Group:getGroups ['*'] ['*'] 200
2023-11-06 14:09:03 INFO ahmed.dirir@bespinglobal.ae IAM:Group:getGroups ['*'] ['*'] 200
2023-11-06 14:09:05 INFO ahmed.dirir@bespinglobal.ae IAM:ApiKey:getApiKeys ['*'] ['*'] 200
2023-11-06 14:09:06 INFO ahmed.dirir@bespinglobal.ae IAM:Policy:getPolicies ['*'] ['*'] 200
2023-11-06 14:09:08 INFO ahmed.dirir@bespinglobal.ae IAM:Group:getGroups ['*'] ['*'] 200
2023-11-06 14:09:27 INFO ahmed.dirir@bespinglobal.ae IAM:Customer:getCustomers ['*'] ['*'] 200
2023-11-06 14:09:28 INFO ahmed.dirir@bespinglobal.ae IAM:ApiKey:getApiKeys ['*'] ['*'] 200
2023-11-06 14:09:31 INFO ahmed.dirir@bespinglobal.ae IAM:Group:getGroups ['*'] ['*'] 200
2023-11-06 14:09:40 INFO ahmed.dirir@bespinglobal.ae IAM:ApiKey:createApiKey ['*'] ['*'] 400
2023-11-06 14:10:03 INFO ahmed.dirir@bespinglobal.ae IAM:ApiKey:createApiKey ['*'] ['*'] 400
2023-11-06 14:10:28 INFO ahmed.dirir@bespinglobal.ae IAM:ApiKey:createApiKey ['*'] ['*'] 200
2023-11-06 14:11:14 INFO ahmed.dirir@bespinglobal.ae IAM:Customer:getCustomers ['*'] ['*'] 200
2023-11-06 14:11:14 INFO ahmed.dirir@bespinglobal.ae IAM:ApiKey:getApiKeys ['*'] ['*'] 200
2023-11-06 14:11:17 INFO ahmed.dirir@bespinglobal.ae IAM:Group:getGroups ['*'] ['*'] 200
2024-02-23 00:20:01 INFO ahmed.dirir@bespinglobal.ae IAM:Customer:getCustomers ['*'] ['*'] 200
2024-02-23 00:20:17 INFO ahmed.dirir@bespinglobal.ae IAM:User:getUsers ['*'] ['*'] 200
2024-02-23 00:20:20 INFO ahmed.dirir@bespinglobal.ae IAM:Group:getGroups ['*'] ['*'] 200
2024-02-23 00:20:20 INFO ahmed.dirir@bespinglobal.ae IAM:Group:getGroups ['*'] ['*'] 200
2024-02-23 00:20:22 INFO ahmed.dirir@bespinglobal.ae IAM:Policy:getPolicies ['*'] ['*'] 200
2024-02-23 00:20:23 INFO ahmed.dirir@bespinglobal.ae IAM:Policy:getPolicies ['*'] ['*'] 200
2024-02-23 00:20:23 INFO ahmed.dirir@bespinglobal.ae IAM:ApiKey:getApiKeys ['*'] ['*'] 200
2024-02-23 00:20:26 INFO ahmed.dirir@bespinglobal.ae IAM:Group:getGroups ['*'] ['*'] 200
2024-02-23 00:20:29 INFO ahmed.dirir@bespinglobal.ae IAM:User:getUsers ['*'] ['*'] 200
2024-02-23 00:20:32 INFO ahmed.dirir@bespinglobal.ae IAM:Group:getGroups ['*'] ['*'] 200
2024-02-23 00:20:34 INFO ahmed.dirir@bespinglobal.ae IAM:User:deleteUser ['*'] ['*'] 200
2024-02-23 16:35:27 INFO ahmed.dirir@bespinglobal.ae IAM:Customer:getCustomers ['*'] ['*'] 200
2024-02-23 16:47:18 INFO ahmed.dirir@bespinglobal.ae IAM:User:getUsers ['*'] ['*'] 200
2024-02-23 16:47:21 INFO ahmed.dirir@bespinglobal.ae IAM:Group:getGroups ['*'] ['*'] 200
2024-02-23 16:47:21 INFO ahmed.dirir@bespinglobal.ae IAM:Group:getGroups ['*'] ['*'] 200
2024-02-23 16:47:22 INFO ahmed.dirir@bespinglobal.ae IAM:Policy:getPolicies ['*'] ['*'] 200
2024-02-23 16:47:24 INFO ahmed.dirir@bespinglobal.ae IAM:Policy:getPolicies ['*'] ['*'] 200
2024-02-23 16:47:24 INFO ahmed.dirir@bespinglobal.ae IAM:User:getUsers ['*'] ['*'] 200
2024-02-23 16:47:27 INFO ahmed.dirir@bespinglobal.ae IAM:Group:getGroups ['*'] ['*'] 200
2024-02-24 15:54:01 INFO ahmed.dirir@bespinglobal.ae IAM:Customer:getCustomers ['*'] ['*'] 200
2024-02-24 16:01:25 INFO ahmed.dirir@bespinglobal.ae IAM:Customer:getCustomers ['*'] ['*'] 200
2024-02-24 16:07:03 INFO ahmed.dirir@bespinglobal.ae IAM:Customer:getCustomers ['*'] ['*'] 200
2024-02-25 14:10:29 INFO ahmed.dirir@bespinglobal.ae IAM:Customer:getCustomers ['*'] ['*'] 200
2024-02-25 14:10:32 INFO ahmed.dirir@bespinglobal.ae IAM:User:getUsers ['*'] ['*'] 200
2024-02-25 14:10:33 INFO ahmed.dirir@bespinglobal.ae IAM:Group:getGroups ['*'] ['*'] 200
2024-02-25 14:10:34 INFO ahmed.dirir@bespinglobal.ae IAM:Policy:getPolicies ['*'] ['*'] 200
2024-02-25 14:10:35 INFO ahmed.dirir@bespinglobal.ae IAM:Group:getGroups ['*'] ['*'] 200
2024-02-25 14:10:36 INFO ahmed.dirir@bespinglobal.ae IAM:Policy:getPolicies ['*'] ['*'] 200
2024-02-25 14:10:36 INFO ahmed.dirir@bespinglobal.ae IAM:ApiKey:getApiKeys ['*'] ['*'] 200
2024-02-25 14:10:39 INFO ahmed.dirir@bespinglobal.ae IAM:Group:getGroups ['*'] ['*'] 200
2024-02-25 14:11:23 INFO ahmed.dirir@bespinglobal.ae IAM:ApiKey:createApiKey ['*'] ['*'] 200
2024-02-25 14:59:08 INFO ahmed.dirir@bespinglobal.ae IAM:Customer:getCustomers ['*'] ['*'] 200
2024-02-25 14:59:08 INFO ahmed.dirir@bespinglobal.ae IAM:ApiKey:getApiKeys ['*'] ['*'] 200
2024-02-25 14:59:11 INFO ahmed.dirir@bespinglobal.ae IAM:Group:getGroups ['*'] ['*'] 200
2024-02-25 14:59:40 INFO ahmed.dirir@bespinglobal.ae IAM:Customer:getCustomers ['*'] ['*'] 200
2024-02-25 14:59:40 INFO ahmed.dirir@bespinglobal.ae IAM:ApiKey:getApiKeys ['*'] ['*'] 200
2024-02-25 14:59:44 INFO ahmed.dirir@bespinglobal.ae IAM:Group:getGroups ['*'] ['*'] 200
2024-02-25 15:04:37 INFO ahmed.dirir@bespinglobal.ae IAM:Customer:getCustomers ['*'] ['*'] 200
2024-02-25 15:04:37 INFO ahmed.dirir@bespinglobal.ae IAM:ApiKey:getApiKeys ['*'] ['*'] 200
2024-02-25 15:04:40 INFO ahmed.dirir@bespinglobal.ae IAM:Group:getGroups ['*'] ['*'] 200
2024-02-25 15:04:41 INFO ahmed.dirir@bespinglobal.ae IAM:Customer:getCustomers ['*'] ['*'] 200
2024-02-25 15:04:41 INFO ahmed.dirir@bespinglobal.ae IAM:ApiKey:getApiKeys ['*'] ['*'] 200
2024-02-25 15:04:43 INFO ahmed.dirir@bespinglobal.ae IAM:Product:getProducts ['*'] ['*'] 400
2024-02-25 15:04:46 INFO ahmed.dirir@bespinglobal.ae IAM:Group:getGroups ['*'] ['*'] 200
2024-02-25 15:06:16 INFO ahmed.dirir@bespinglobal.ae IAM:Customer:getCustomers ['*'] ['*'] 200
2024-02-25 15:19:19 INFO ahmed.dirir@bespinglobal.ae IAM:Customer:getCustomers ['*'] ['*'] 200
2024-02-25 15:19:21 INFO ahmed.dirir@bespinglobal.ae Customers:Product:getProducts ['*'] ['*'] 200
2024-02-25 15:19:40 INFO ahmed.dirir@bespinglobal.ae Customers:Product:createProduct ['*'] ['*'] 200
2024-02-25 15:20:03 INFO ahmed.dirir@bespinglobal.ae Customers:Product:updateProduct ['*'] ['*'] 200
2024-02-25 15:20:07 INFO ahmed.dirir@bespinglobal.ae IAM:Customer:getCustomers ['*'] ['*'] 200
2024-02-25 15:20:07 INFO ahmed.dirir@bespinglobal.ae Customers:Product:getProducts ['*'] ['*'] 200
2024-02-25 15:20:45 INFO ahmed.dirir@bespinglobal.ae Customers:Product:deleteProduct ['*'] ['*'] 200
2024-02-25 15:22:11 INFO ahmed.dirir@bespinglobal.ae IAM:Customer:getCustomers ['*'] ['*'] 200
2024-02-25 15:22:11 INFO ahmed.dirir@bespinglobal.ae Customers:Product:getProducts ['*'] ['*'] 200
2024-02-25 15:23:02 INFO ahmed.dirir@bespinglobal.ae IAM:Customer:getCustomers ['*'] ['*'] 200
2024-02-25 15:23:02 INFO ahmed.dirir@bespinglobal.ae Customers:Product:getProducts ['*'] ['*'] 200
2024-02-25 15:23:57 INFO ahmed.dirir@bespinglobal.ae IAM:Customer:getCustomers ['*'] ['*'] 200
2024-02-25 15:23:57 INFO ahmed.dirir@bespinglobal.ae Customers:Product:getProducts ['*'] ['*'] 200
2024-02-25 15:24:25 INFO ahmed.dirir@bespinglobal.ae IAM:Customer:getCustomers ['*'] ['*'] 200
2024-02-25 15:24:25 INFO ahmed.dirir@bespinglobal.ae Customers:Product:getProducts ['*'] ['*'] 200
2024-02-25 15:25:00 INFO ahmed.dirir@bespinglobal.ae IAM:Customer:getCustomers ['*'] ['*'] 200
2024-02-25 15:25:00 INFO ahmed.dirir@bespinglobal.ae Customers:Product:getProducts ['*'] ['*'] 200
2024-02-25 15:25:14 INFO ahmed.dirir@bespinglobal.ae IAM:Customer:getCustomers ['*'] ['*'] 200
2024-02-25 15:25:14 INFO ahmed.dirir@bespinglobal.ae Customers:Product:getProducts ['*'] ['*'] 200
2024-02-25 15:25:51 INFO ahmed.dirir@bespinglobal.ae IAM:Customer:getCustomers ['*'] ['*'] 200
2024-02-25 15:25:51 INFO ahmed.dirir@bespinglobal.ae Customers:Product:getProducts ['*'] ['*'] 200
2024-02-25 15:26:11 INFO ahmed.dirir@bespinglobal.ae IAM:Customer:getCustomers ['*'] ['*'] 200
2024-02-25 15:26:11 INFO ahmed.dirir@bespinglobal.ae Customers:Product:getProducts ['*'] ['*'] 200
2024-02-25 15:26:22 INFO ahmed.dirir@bespinglobal.ae IAM:Customer:getCustomers ['*'] ['*'] 200
2024-02-25 15:26:22 INFO ahmed.dirir@bespinglobal.ae Customers:Product:getProducts ['*'] ['*'] 200
2024-02-25 15:26:25 INFO ahmed.dirir@bespinglobal.ae IAM:Customer:getCustomers ['*'] ['*'] 200
2024-02-25 15:26:25 INFO ahmed.dirir@bespinglobal.ae Customers:Product:getProducts ['*'] ['*'] 200
2024-02-25 15:26:33 INFO ahmed.dirir@bespinglobal.ae IAM:Customer:getCustomers ['*'] ['*'] 200
2024-02-25 15:26:33 INFO ahmed.dirir@bespinglobal.ae Customers:Product:getProducts ['*'] ['*'] 200
2024-02-25 15:26:52 INFO ahmed.dirir@bespinglobal.ae IAM:Customer:getCustomers ['*'] ['*'] 200
2024-02-25 15:26:52 INFO ahmed.dirir@bespinglobal.ae Customers:Product:getProducts ['*'] ['*'] 200
2024-02-25 15:26:58 INFO ahmed.dirir@bespinglobal.ae IAM:Customer:getCustomers ['*'] ['*'] 200
2024-02-25 15:26:58 INFO ahmed.dirir@bespinglobal.ae Customers:Product:getProducts ['*'] ['*'] 200
2024-02-25 15:28:43 INFO ahmed.dirir@bespinglobal.ae IAM:Customer:getCustomers ['*'] ['*'] 200
2024-02-25 15:28:43 INFO ahmed.dirir@bespinglobal.ae Customers:Product:getProducts ['*'] ['*'] 200
2024-02-25 15:28:50 INFO ahmed.dirir@bespinglobal.ae IAM:Customer:getCustomers ['*'] ['*'] 200
2024-02-25 15:28:50 INFO ahmed.dirir@bespinglobal.ae Customers:Product:getProducts ['*'] ['*'] 200
2024-02-25 15:28:55 INFO ahmed.dirir@bespinglobal.ae IAM:Customer:getCustomers ['*'] ['*'] 200
2024-02-25 15:28:55 INFO ahmed.dirir@bespinglobal.ae Customers:Product:getProducts ['*'] ['*'] 200
2024-02-25 16:49:06 INFO ahmed.dirir@bespinglobal.ae IAM:Customer:getCustomers ['*'] ['*'] 200
2024-02-25 16:49:06 INFO ahmed.dirir@bespinglobal.ae Customers:Product:getProducts ['*'] ['*'] 200
2024-02-25 16:49:34 INFO ahmed.dirir@bespinglobal.ae IAM:Customer:getCustomers ['*'] ['*'] 200
2024-02-25 16:49:34 INFO ahmed.dirir@bespinglobal.ae Customers:Product:getProducts ['*'] ['*'] 200
2024-02-25 16:49:45 INFO ahmed.dirir@bespinglobal.ae IAM:Customer:getCustomers ['*'] ['*'] 200
2024-02-25 16:49:45 INFO ahmed.dirir@bespinglobal.ae Customers:Product:getProducts ['*'] ['*'] 200
2024-02-25 16:50:24 INFO ahmed.dirir@bespinglobal.ae IAM:Customer:getCustomers ['*'] ['*'] 200
2024-02-25 16:50:24 INFO ahmed.dirir@bespinglobal.ae Customers:Product:getProducts ['*'] ['*'] 200
2024-02-25 16:52:13 INFO ahmed.dirir@bespinglobal.ae IAM:Customer:getCustomers ['*'] ['*'] 200
2024-02-25 16:52:14 INFO ahmed.dirir@bespinglobal.ae Customers:Product:getProducts ['*'] ['*'] 200
2024-02-25 16:53:42 INFO ahmed.dirir@bespinglobal.ae IAM:Customer:getCustomers ['*'] ['*'] 200
2024-02-25 16:53:42 INFO ahmed.dirir@bespinglobal.ae Customers:Product:getProducts ['*'] ['*'] 200
2024-02-25 16:54:58 INFO ahmed.dirir@bespinglobal.ae IAM:Customer:getCustomers ['*'] ['*'] 200
2024-02-25 16:54:58 INFO ahmed.dirir@bespinglobal.ae Customers:Product:getProducts ['*'] ['*'] 200
2024-02-25 16:55:20 INFO ahmed.dirir@bespinglobal.ae IAM:Customer:getCustomers ['*'] ['*'] 200
2024-02-25 16:55:20 INFO ahmed.dirir@bespinglobal.ae Customers:Product:getProducts ['*'] ['*'] 200
2024-02-25 16:58:38 INFO ahmed.dirir@bespinglobal.ae IAM:Customer:getCustomers ['*'] ['*'] 200
2024-02-25 16:58:38 INFO ahmed.dirir@bespinglobal.ae Customers:Product:getProducts ['*'] ['*'] 200
2024-02-25 16:58:39 INFO ahmed.dirir@bespinglobal.ae Customers:Addon:getAddons ['*'] ['*'] 200
2024-02-25 16:58:45 INFO ahmed.dirir@bespinglobal.ae Customers:Product:getProducts ['*'] ['*'] 200
2024-02-25 16:58:46 INFO ahmed.dirir@bespinglobal.ae Customers:Addon:getAddons ['*'] ['*'] 200
2024-02-25 16:58:56 INFO ahmed.dirir@bespinglobal.ae IAM:Customer:getCustomers ['*'] ['*'] 200
2024-02-25 16:58:57 INFO ahmed.dirir@bespinglobal.ae Customers:Addon:getAddons ['*'] ['*'] 200
2024-02-25 16:58:58 INFO ahmed.dirir@bespinglobal.ae IAM:Customer:getCustomers ['*'] ['*'] 200
2024-02-25 16:58:58 INFO ahmed.dirir@bespinglobal.ae Customers:Addon:getAddons ['*'] ['*'] 200
2024-02-25 17:02:28 INFO ahmed.dirir@bespinglobal.ae IAM:Customer:getCustomers ['*'] ['*'] 200
2024-02-25 17:02:28 INFO ahmed.dirir@bespinglobal.ae Customers:Addon:getAddons ['*'] ['*'] 200
2024-02-25 17:24:40 INFO ahmed.dirir@bespinglobal.ae Customers:Product:getProducts ['*'] ['*'] 200
2024-02-25 17:24:43 INFO ahmed.dirir@bespinglobal.ae Customers:Addon:getAddons ['*'] ['*'] 200
2024-02-25 18:07:50 INFO ahmed.dirir@bespinglobal.ae IAM:Customer:getCustomers ['*'] ['*'] 200
2024-02-25 18:07:50 INFO ahmed.dirir@bespinglobal.ae Customers:Addon:getAddons ['*'] ['*'] 200
2024-02-25 18:08:15 INFO ahmed.dirir@bespinglobal.ae IAM:Customer:getCustomers ['*'] ['*'] 200
2024-02-25 18:08:15 INFO ahmed.dirir@bespinglobal.ae Customers:Addon:getAddons ['*'] ['*'] 200
2024-02-25 18:11:18 INFO ahmed.dirir@bespinglobal.ae IAM:Customer:getCustomers ['*'] ['*'] 200
2024-02-25 18:11:19 INFO ahmed.dirir@bespinglobal.ae Customers:Addon:getAddons ['*'] ['*'] 200
2024-02-25 18:12:23 INFO ahmed.dirir@bespinglobal.ae IAM:Customer:getCustomers ['*'] ['*'] 200
2024-02-25 18:12:23 INFO ahmed.dirir@bespinglobal.ae Customers:Addon:getAddons ['*'] ['*'] 200
2024-02-25 18:13:28 INFO ahmed.dirir@bespinglobal.ae IAM:Customer:getCustomers ['*'] ['*'] 200
2024-02-25 18:13:28 INFO ahmed.dirir@bespinglobal.ae Customers:Addon:getAddons ['*'] ['*'] 200
2024-02-25 18:15:30 INFO ahmed.dirir@bespinglobal.ae IAM:Customer:getCustomers ['*'] ['*'] 200
2024-02-25 18:15:30 INFO ahmed.dirir@bespinglobal.ae Customers:Addon:getAddons ['*'] ['*'] 200
2024-02-25 18:16:43 INFO ahmed.dirir@bespinglobal.ae IAM:Customer:getCustomers ['*'] ['*'] 200
2024-02-25 18:16:43 INFO ahmed.dirir@bespinglobal.ae Customers:Addon:getAddons ['*'] ['*'] 200
2024-02-25 18:17:55 INFO ahmed.dirir@bespinglobal.ae IAM:Customer:getCustomers ['*'] ['*'] 200
2024-02-25 18:17:55 INFO ahmed.dirir@bespinglobal.ae Customers:Addon:getAddons ['*'] ['*'] 200
2024-02-25 18:20:16 INFO ahmed.dirir@bespinglobal.ae IAM:Customer:getCustomers ['*'] ['*'] 200
2024-02-25 18:20:16 INFO ahmed.dirir@bespinglobal.ae Customers:Addon:getAddons ['*'] ['*'] 200
2024-02-25 18:21:34 INFO ahmed.dirir@bespinglobal.ae IAM:Customer:getCustomers ['*'] ['*'] 200
2024-02-25 18:21:34 INFO ahmed.dirir@bespinglobal.ae Customers:Addon:getAddons ['*'] ['*'] 200
2024-02-25 18:21:37 INFO ahmed.dirir@bespinglobal.ae Customers:Contact:getContacts ['*'] ['*'] 400
2024-02-25 18:22:20 INFO ahmed.dirir@bespinglobal.ae IAM:Customer:getCustomers ['*'] ['*'] 200
2024-02-25 18:22:20 INFO ahmed.dirir@bespinglobal.ae Customers:Contact:getContacts ['*'] ['*'] 200
2024-02-25 18:23:37 INFO ahmed.dirir@bespinglobal.ae IAM:Customer:getCustomers ['*'] ['*'] 200
2024-02-25 18:23:38 INFO ahmed.dirir@bespinglobal.ae Customers:Contact:getContacts ['*'] ['*'] 200
2024-02-25 18:25:04 INFO ahmed.dirir@bespinglobal.ae IAM:Customer:getCustomers ['*'] ['*'] 200
2024-02-25 18:25:05 INFO ahmed.dirir@bespinglobal.ae Customers:Contact:getContacts ['*'] ['*'] 200
2024-02-25 18:26:15 INFO ahmed.dirir@bespinglobal.ae IAM:Customer:getCustomers ['*'] ['*'] 200
2024-02-25 18:26:16 INFO ahmed.dirir@bespinglobal.ae Customers:Contact:getContacts ['*'] ['*'] 200
2024-02-25 18:59:30 INFO ahmed.dirir@bespinglobal.ae IAM:Customer:getCustomers ['*'] ['*'] 200
2024-02-25 18:59:30 INFO ahmed.dirir@bespinglobal.ae Customers:Contact:getContacts ['*'] ['*'] 200
2024-02-25 19:00:54 INFO ahmed.dirir@bespinglobal.ae IAM:Customer:getCustomers ['*'] ['*'] 200
2024-02-25 19:00:54 INFO ahmed.dirir@bespinglobal.ae Customers:Contact:getContacts ['*'] ['*'] 200
2024-02-25 19:03:45 INFO ahmed.dirir@bespinglobal.ae IAM:Customer:getCustomers ['*'] ['*'] 200
2024-02-25 19:03:45 INFO ahmed.dirir@bespinglobal.ae Customers:Contact:getContacts ['*'] ['*'] 200
2024-02-25 19:04:08 INFO ahmed.dirir@bespinglobal.ae Customers:Contact:updateContact ['*'] ['*'] 400
2024-02-25 19:05:05 INFO ahmed.dirir@bespinglobal.ae IAM:Customer:getCustomers ['*'] ['*'] 200
2024-02-25 19:05:05 INFO ahmed.dirir@bespinglobal.ae Customers:Contact:getContacts ['*'] ['*'] 200
2024-02-25 19:05:18 INFO ahmed.dirir@bespinglobal.ae Customers:Contact:updateContact ['*'] ['*'] 400
2024-02-25 19:06:13 INFO ahmed.dirir@bespinglobal.ae IAM:Customer:getCustomers ['*'] ['*'] 200
2024-02-25 19:06:13 INFO ahmed.dirir@bespinglobal.ae Customers:Contact:getContacts ['*'] ['*'] 200
2024-02-25 19:06:18 INFO ahmed.dirir@bespinglobal.ae Customers:Contact:updateContact ['*'] ['*'] 200
2024-02-25 19:06:32 INFO ahmed.dirir@bespinglobal.ae Customers:Contact:updateContact ['*'] ['*'] 400
2024-02-25 19:07:24 INFO ahmed.dirir@bespinglobal.ae IAM:Customer:getCustomers ['*'] ['*'] 200
2024-02-25 19:07:24 INFO ahmed.dirir@bespinglobal.ae Customers:Contact:getContacts ['*'] ['*'] 200
2024-02-25 19:07:28 INFO ahmed.dirir@bespinglobal.ae IAM:Customer:getCustomers ['*'] ['*'] 200
2024-02-25 19:07:28 INFO ahmed.dirir@bespinglobal.ae Customers:Contact:getContacts ['*'] ['*'] 200
2024-02-25 19:07:36 INFO ahmed.dirir@bespinglobal.ae Customers:Contact:updateContact ['*'] ['*'] 200
2024-02-25 19:07:53 INFO ahmed.dirir@bespinglobal.ae Customers:Contact:updateContact ['*'] ['*'] 400
2024-02-25 19:17:29 INFO ahmed.dirir@bespinglobal.ae IAM:Customer:getCustomers ['*'] ['*'] 200
2024-02-25 19:17:29 INFO ahmed.dirir@bespinglobal.ae Customers:Contact:getContacts ['*'] ['*'] 200
2024-02-25 19:17:35 INFO ahmed.dirir@bespinglobal.ae IAM:Customer:getCustomers ['*'] ['*'] 200
2024-02-25 19:17:35 INFO ahmed.dirir@bespinglobal.ae Customers:Contact:getContacts ['*'] ['*'] 200
2024-02-25 19:19:31 INFO ahmed.dirir@bespinglobal.ae IAM:Customer:getCustomers ['*'] ['*'] 200
2024-02-25 19:19:31 INFO ahmed.dirir@bespinglobal.ae Customers:Contact:getContacts ['*'] ['*'] 200
2024-02-25 19:19:40 INFO ahmed.dirir@bespinglobal.ae Customers:Contact:updateContact ['*'] ['*'] 200
2024-02-25 19:19:52 INFO ahmed.dirir@bespinglobal.ae Customers:Contact:updateContact ['*'] ['*'] 200
2024-02-25 19:20:16 INFO ahmed.dirir@bespinglobal.ae IAM:Customer:getCustomers ['*'] ['*'] 200
2024-02-25 19:20:16 INFO ahmed.dirir@bespinglobal.ae Customers:Contact:getContacts ['*'] ['*'] 200
2024-02-25 19:20:58 INFO ahmed.dirir@bespinglobal.ae IAM:Customer:getCustomers ['*'] ['*'] 200
2024-02-25 19:20:58 INFO ahmed.dirir@bespinglobal.ae Customers:Contact:getContacts ['*'] ['*'] 200
2024-02-25 19:21:08 INFO ahmed.dirir@bespinglobal.ae Customers:Contact:updateContact ['*'] ['*'] 200
2024-02-25 19:21:42 INFO ahmed.dirir@bespinglobal.ae IAM:Customer:getCustomers ['*'] ['*'] 200
2024-02-25 19:21:42 INFO ahmed.dirir@bespinglobal.ae Customers:Contact:getContacts ['*'] ['*'] 200
2024-02-25 19:23:37 INFO ahmed.dirir@bespinglobal.ae Customers:Contact:updateContact ['*'] ['*'] 200
2024-02-25 19:23:40 INFO ahmed.dirir@bespinglobal.ae IAM:Customer:getCustomers ['*'] ['*'] 200
2024-02-25 19:23:40 INFO ahmed.dirir@bespinglobal.ae Customers:Contact:getContacts ['*'] ['*'] 200
2024-02-25 19:24:26 INFO ahmed.dirir@bespinglobal.ae IAM:Customer:getCustomers ['*'] ['*'] 200
2024-02-25 19:24:26 INFO ahmed.dirir@bespinglobal.ae Customers:Contact:getContacts ['*'] ['*'] 200
2024-02-25 19:24:33 INFO ahmed.dirir@bespinglobal.ae Customers:Contact:updateContact ['*'] ['*'] 200
2024-02-25 19:24:54 INFO ahmed.dirir@bespinglobal.ae IAM:Customer:getCustomers ['*'] ['*'] 200
2024-02-25 19:24:54 INFO ahmed.dirir@bespinglobal.ae Customers:Contact:getContacts ['*'] ['*'] 200
2024-02-25 19:25:25 INFO ahmed.dirir@bespinglobal.ae IAM:Customer:getCustomers ['*'] ['*'] 200
2024-02-25 19:25:25 INFO ahmed.dirir@bespinglobal.ae Customers:Contact:getContacts ['*'] ['*'] 200
2024-02-25 19:25:33 INFO ahmed.dirir@bespinglobal.ae Customers:Contact:updateContact ['*'] ['*'] 200
2024-02-25 19:27:44 INFO ahmed.dirir@bespinglobal.ae IAM:Customer:getCustomers ['*'] ['*'] 200
2024-02-25 19:27:44 INFO ahmed.dirir@bespinglobal.ae Customers:Contact:getContacts ['*'] ['*'] 200
2024-02-25 19:27:53 INFO ahmed.dirir@bespinglobal.ae Customers:Contact:updateContact ['*'] ['*'] 200
2024-02-25 19:28:09 INFO ahmed.dirir@bespinglobal.ae IAM:Customer:getCustomers ['*'] ['*'] 200
2024-02-25 19:28:09 INFO ahmed.dirir@bespinglobal.ae Customers:Contact:getContacts ['*'] ['*'] 200
2024-02-25 19:29:31 INFO ahmed.dirir@bespinglobal.ae IAM:Customer:getCustomers ['*'] ['*'] 200
2024-02-25 19:29:31 INFO ahmed.dirir@bespinglobal.ae Customers:Contact:getContacts ['*'] ['*'] 200
2024-02-25 19:29:38 INFO ahmed.dirir@bespinglobal.ae Customers:Contact:updateContact ['*'] ['*'] 200
2024-02-25 19:29:49 INFO ahmed.dirir@bespinglobal.ae IAM:Customer:getCustomers ['*'] ['*'] 200
2024-02-25 19:29:49 INFO ahmed.dirir@bespinglobal.ae Customers:Contact:getContacts ['*'] ['*'] 200
2024-02-25 19:30:40 INFO ahmed.dirir@bespinglobal.ae IAM:Customer:getCustomers ['*'] ['*'] 200
2024-02-25 19:30:40 INFO ahmed.dirir@bespinglobal.ae Customers:Contact:getContacts ['*'] ['*'] 200
2024-02-25 19:30:47 INFO ahmed.dirir@bespinglobal.ae Customers:Contact:updateContact ['*'] ['*'] 200
2024-02-25 19:30:50 INFO ahmed.dirir@bespinglobal.ae IAM:Customer:getCustomers ['*'] ['*'] 200
2024-02-25 19:30:50 INFO ahmed.dirir@bespinglobal.ae Customers:Contact:getContacts ['*'] ['*'] 200
2024-02-25 19:36:21 INFO ahmed.dirir@bespinglobal.ae IAM:Customer:getCustomers ['*'] ['*'] 200
2024-02-25 19:36:21 INFO ahmed.dirir@bespinglobal.ae Customers:Contact:getContacts ['*'] ['*'] 200
2024-02-25 19:36:27 INFO ahmed.dirir@bespinglobal.ae Customers:Contact:updateContact ['*'] ['*'] 200
2024-02-25 19:36:29 INFO ahmed.dirir@bespinglobal.ae IAM:Customer:getCustomers ['*'] ['*'] 200
2024-02-25 19:36:29 INFO ahmed.dirir@bespinglobal.ae Customers:Contact:getContacts ['*'] ['*'] 200
2024-02-25 19:37:16 INFO ahmed.dirir@bespinglobal.ae IAM:Customer:getCustomers ['*'] ['*'] 200
2024-02-25 19:37:16 INFO ahmed.dirir@bespinglobal.ae Customers:Contact:getContacts ['*'] ['*'] 200
2024-02-25 19:37:22 INFO ahmed.dirir@bespinglobal.ae Customers:Contact:updateContact ['*'] ['*'] 200
2024-02-25 19:37:27 INFO ahmed.dirir@bespinglobal.ae IAM:Customer:getCustomers ['*'] ['*'] 200
2024-02-25 19:37:27 INFO ahmed.dirir@bespinglobal.ae Customers:Contact:getContacts ['*'] ['*'] 200
2024-02-25 22:37:32 INFO ahmed.dirir@bespinglobal.ae IAM:Customer:getCustomers ['*'] ['*'] 200
2024-02-25 22:37:32 INFO ahmed.dirir@bespinglobal.ae Customers:Contact:getContacts ['*'] ['*'] 200
2024-02-25 22:37:37 INFO ahmed.dirir@bespinglobal.ae Customers:Product:getProducts ['*'] ['*'] 200
2024-02-25 22:37:41 INFO ahmed.dirir@bespinglobal.ae Customers:Addon:getAddons ['*'] ['*'] 200
2024-02-25 22:37:43 INFO ahmed.dirir@bespinglobal.ae Customers:Product:getProducts ['*'] ['*'] 200
2024-02-25 22:42:22 INFO ahmed.dirir@bespinglobal.ae Customers:Contact:getContacts ['*'] ['*'] 200
2024-02-25 22:48:25 INFO ahmed.dirir@bespinglobal.ae IAM:Customer:getCustomers ['*'] ['*'] 200
2024-02-25 22:48:25 INFO ahmed.dirir@bespinglobal.ae Customers:Contact:getContacts ['*'] ['*'] 200
2024-02-25 22:51:53 INFO ahmed.dirir@bespinglobal.ae IAM:Customer:getCustomers ['*'] ['*'] 200
2024-02-25 22:51:53 INFO ahmed.dirir@bespinglobal.ae Customers:Contact:getContacts ['*'] ['*'] 200
2024-02-25 22:55:18 INFO ahmed.dirir@bespinglobal.ae IAM:Customer:getCustomers ['*'] ['*'] 200
2024-02-25 22:55:18 INFO ahmed.dirir@bespinglobal.ae Customers:Contact:getContacts ['*'] ['*'] 200
2024-02-25 22:55:57 INFO ahmed.dirir@bespinglobal.ae IAM:Customer:getCustomers ['*'] ['*'] 200
2024-02-25 22:55:57 INFO ahmed.dirir@bespinglobal.ae Customers:Contact:getContacts ['*'] ['*'] 200
2024-02-25 22:56:47 INFO ahmed.dirir@bespinglobal.ae IAM:Customer:getCustomers ['*'] ['*'] 200
2024-02-25 22:56:47 INFO ahmed.dirir@bespinglobal.ae Customers:Contact:getContacts ['*'] ['*'] 200
2024-02-25 23:04:53 INFO ahmed.dirir@bespinglobal.ae IAM:Customer:getCustomers ['*'] ['*'] 200
2024-02-25 23:04:53 INFO ahmed.dirir@bespinglobal.ae Customers:Contact:getContacts ['*'] ['*'] 200
2024-02-25 23:04:54 INFO ahmed.dirir@bespinglobal.ae Customers:Client:getClients ['*'] ['*'] 400
2024-02-25 23:05:25 INFO ahmed.dirir@bespinglobal.ae IAM:Customer:getCustomers ['*'] ['*'] 200
2024-02-25 23:05:25 INFO ahmed.dirir@bespinglobal.ae Customers:Client:getClients ['*'] ['*'] 200
2024-02-25 23:05:42 INFO ahmed.dirir@bespinglobal.ae Customers:Client:createClient ['*'] ['*'] 200
2024-02-25 23:06:08 INFO ahmed.dirir@bespinglobal.ae Customers:Client:deleteClient ['*'] ['*'] 400
2024-02-25 23:07:24 INFO ahmed.dirir@bespinglobal.ae IAM:Customer:getCustomers ['*'] ['*'] 200
2024-02-25 23:07:24 INFO ahmed.dirir@bespinglobal.ae Customers:Client:getClients ['*'] ['*'] 200
2024-02-25 23:07:34 INFO ahmed.dirir@bespinglobal.ae Customers:Client:deleteClient ['*'] ['*'] 200
2024-02-25 23:17:47 INFO ahmed.dirir@bespinglobal.ae IAM:Customer:getCustomers ['*'] ['*'] 200
2024-02-25 23:17:47 INFO ahmed.dirir@bespinglobal.ae Customers:Client:getClients ['*'] ['*'] 200
2024-02-25 23:17:56 INFO ahmed.dirir@bespinglobal.ae IAM:Customer:getCustomers ['*'] ['*'] 200
2024-02-25 23:17:56 INFO ahmed.dirir@bespinglobal.ae Customers:Client:getClients ['*'] ['*'] 200
2024-02-25 23:20:03 INFO ahmed.dirir@bespinglobal.ae IAM:Customer:getCustomers ['*'] ['*'] 200
2024-02-25 23:20:03 INFO ahmed.dirir@bespinglobal.ae Customers:Client:getClients ['*'] ['*'] 200
2024-02-25 23:20:59 INFO ahmed.dirir@bespinglobal.ae IAM:Customer:getCustomers ['*'] ['*'] 200
2024-02-25 23:20:59 INFO ahmed.dirir@bespinglobal.ae Customers:Client:getClients ['*'] ['*'] 200
2024-02-25 23:21:30 INFO ahmed.dirir@bespinglobal.ae IAM:Customer:getCustomers ['*'] ['*'] 200
2024-02-25 23:21:30 INFO ahmed.dirir@bespinglobal.ae Customers:Client:getClients ['*'] ['*'] 200
2024-02-25 23:38:54 INFO ahmed.dirir@bespinglobal.ae IAM:Customer:getCustomers ['*'] ['*'] 200
2024-02-25 23:38:54 INFO ahmed.dirir@bespinglobal.ae Customers:Client:getClients ['*'] ['*'] 200
2024-02-25 23:39:39 INFO ahmed.dirir@bespinglobal.ae IAM:Customer:getCustomers ['*'] ['*'] 200
2024-02-25 23:39:39 INFO ahmed.dirir@bespinglobal.ae Customers:Client:getClients ['*'] ['*'] 200
2024-02-25 23:39:41 INFO ahmed.dirir@bespinglobal.ae Customers:SubClient:getSubClients ['*'] ['*'] 200
2024-02-25 23:40:47 INFO ahmed.dirir@bespinglobal.ae Customers:SubClient:createSubClient ['*'] ['*'] 400
2024-02-25 23:41:49 INFO ahmed.dirir@bespinglobal.ae IAM:Customer:getCustomers ['*'] ['*'] 200
2024-02-25 23:41:49 INFO ahmed.dirir@bespinglobal.ae Customers:SubClient:getSubClients ['*'] ['*'] 200
2024-02-25 23:43:06 INFO ahmed.dirir@bespinglobal.ae IAM:Customer:getCustomers ['*'] ['*'] 200
2024-02-25 23:43:06 INFO ahmed.dirir@bespinglobal.ae Customers:SubClient:getSubClients ['*'] ['*'] 200
2024-02-25 23:43:57 INFO ahmed.dirir@bespinglobal.ae Customers:SubClient:createSubClient ['*'] ['*'] 400
2024-02-25 23:47:55 INFO ahmed.dirir@bespinglobal.ae Customers:SubClient:createSubClient ['*'] ['*'] 400
2024-02-25 23:48:05 INFO ahmed.dirir@bespinglobal.ae Customers:Client:getClients ['*'] ['*'] 200
2024-02-25 23:50:32 INFO ahmed.dirir@bespinglobal.ae IAM:Customer:getCustomers ['*'] ['*'] 200
2024-02-25 23:50:32 INFO ahmed.dirir@bespinglobal.ae Customers:Client:getClients ['*'] ['*'] 200
2024-02-25 23:50:34 INFO ahmed.dirir@bespinglobal.ae Customers:SubClient:getSubClients ['*'] ['*'] 200
2024-02-25 23:51:39 INFO ahmed.dirir@bespinglobal.ae Customers:SubClient:createSubClient ['*'] ['*'] 200
2024-02-25 23:54:30 INFO ahmed.dirir@bespinglobal.ae IAM:Customer:getCustomers ['*'] ['*'] 200
2024-02-25 23:54:30 INFO ahmed.dirir@bespinglobal.ae Customers:SubClient:getSubClients ['*'] ['*'] 200
2024-02-25 23:57:00 INFO ahmed.dirir@bespinglobal.ae IAM:Customer:getCustomers ['*'] ['*'] 200
2024-02-25 23:57:00 INFO ahmed.dirir@bespinglobal.ae Customers:SubClient:getSubClients ['*'] ['*'] 400
2024-02-25 23:57:04 INFO ahmed.dirir@bespinglobal.ae IAM:Customer:getCustomers ['*'] ['*'] 200
2024-02-25 23:57:04 INFO ahmed.dirir@bespinglobal.ae Customers:SubClient:getSubClients ['*'] ['*'] 400
2024-02-25 23:57:17 INFO ahmed.dirir@bespinglobal.ae IAM:Customer:getCustomers ['*'] ['*'] 200
2024-02-25 23:57:17 INFO ahmed.dirir@bespinglobal.ae Customers:SubClient:getSubClients ['*'] ['*'] 400
2024-02-25 23:57:20 INFO ahmed.dirir@bespinglobal.ae IAM:Customer:getCustomers ['*'] ['*'] 200
2024-02-25 23:57:20 INFO ahmed.dirir@bespinglobal.ae Customers:SubClient:getSubClients ['*'] ['*'] 400
2024-02-25 23:57:31 INFO ahmed.dirir@bespinglobal.ae IAM:Customer:getCustomers ['*'] ['*'] 200
2024-02-25 23:57:31 INFO ahmed.dirir@bespinglobal.ae Customers:SubClient:getSubClients ['*'] ['*'] 400
2024-02-25 23:58:06 INFO ahmed.dirir@bespinglobal.ae IAM:Customer:getCustomers ['*'] ['*'] 200
2024-02-25 23:58:06 INFO ahmed.dirir@bespinglobal.ae Customers:SubClient:getSubClients ['*'] ['*'] 200
2024-02-26 08:10:03 INFO ahmed.dirir@bespinglobal.ae Customers:Client:getClients ['*'] ['*'] 200
2024-02-26 08:10:05 INFO ahmed.dirir@bespinglobal.ae Customers:SubClient:getSubClients ['*'] ['*'] 200
2024-02-26 08:14:03 INFO ahmed.dirir@bespinglobal.ae IAM:Customer:getCustomers ['*'] ['*'] 200
2024-02-26 08:14:03 INFO ahmed.dirir@bespinglobal.ae Customers:SubClient:getSubClients ['*'] ['*'] 200
2024-02-26 08:14:16 INFO ahmed.dirir@bespinglobal.ae Customers:SubClient:updateSubClient ['*'] ['*'] 200
2024-02-26 08:14:21 INFO ahmed.dirir@bespinglobal.ae IAM:Customer:getCustomers ['*'] ['*'] 200
2024-02-26 08:14:21 INFO ahmed.dirir@bespinglobal.ae Customers:SubClient:getSubClients ['*'] ['*'] 200
2024-02-26 08:14:36 INFO ahmed.dirir@bespinglobal.ae Customers:SubClient:updateSubClient ['*'] ['*'] 200
2024-02-26 08:14:41 INFO ahmed.dirir@bespinglobal.ae IAM:Customer:getCustomers ['*'] ['*'] 200
2024-02-26 08:14:41 INFO ahmed.dirir@bespinglobal.ae Customers:SubClient:getSubClients ['*'] ['*'] 200
2024-02-26 08:16:09 INFO ahmed.dirir@bespinglobal.ae Customers:SubClient:updateSubClient ['*'] ['*'] 200
2024-02-26 08:16:14 INFO ahmed.dirir@bespinglobal.ae IAM:Customer:getCustomers ['*'] ['*'] 200
2024-02-26 08:16:14 INFO ahmed.dirir@bespinglobal.ae Customers:SubClient:getSubClients ['*'] ['*'] 200
2024-02-26 08:16:31 INFO ahmed.dirir@bespinglobal.ae Customers:SubClient:updateSubClient ['*'] ['*'] 200
2024-02-26 08:16:33 INFO ahmed.dirir@bespinglobal.ae IAM:Customer:getCustomers ['*'] ['*'] 200
2024-02-26 08:16:34 INFO ahmed.dirir@bespinglobal.ae Customers:SubClient:getSubClients ['*'] ['*'] 200
2024-02-26 08:17:28 INFO ahmed.dirir@bespinglobal.ae IAM:Customer:getCustomers ['*'] ['*'] 200
2024-02-26 08:17:29 INFO ahmed.dirir@bespinglobal.ae Customers:SubClient:getSubClients ['*'] ['*'] 200
2024-02-26 08:17:43 INFO ahmed.dirir@bespinglobal.ae Customers:SubClient:updateSubClient ['*'] ['*'] 200
2024-02-26 08:18:03 INFO ahmed.dirir@bespinglobal.ae IAM:Customer:getCustomers ['*'] ['*'] 200
2024-02-26 08:18:03 INFO ahmed.dirir@bespinglobal.ae Customers:SubClient:getSubClients ['*'] ['*'] 200
2024-02-26 08:18:16 INFO ahmed.dirir@bespinglobal.ae Customers:SubClient:updateSubClient ['*'] ['*'] 200
2024-02-26 08:18:19 INFO ahmed.dirir@bespinglobal.ae IAM:Customer:getCustomers ['*'] ['*'] 200
2024-02-26 08:18:19 INFO ahmed.dirir@bespinglobal.ae Customers:SubClient:getSubClients ['*'] ['*'] 200
2024-02-26 08:19:11 INFO ahmed.dirir@bespinglobal.ae IAM:Customer:getCustomers ['*'] ['*'] 200
2024-02-26 08:19:11 INFO ahmed.dirir@bespinglobal.ae Customers:SubClient:getSubClients ['*'] ['*'] 200
2024-02-26 08:19:23 INFO ahmed.dirir@bespinglobal.ae IAM:Customer:getCustomers ['*'] ['*'] 200
2024-02-26 08:19:24 INFO ahmed.dirir@bespinglobal.ae Customers:SubClient:getSubClients ['*'] ['*'] 200
2024-02-26 08:19:37 INFO ahmed.dirir@bespinglobal.ae Customers:SubClient:updateSubClient ['*'] ['*'] 200
2024-02-26 08:20:29 INFO ahmed.dirir@bespinglobal.ae IAM:Customer:getCustomers ['*'] ['*'] 200
2024-02-26 08:20:29 INFO ahmed.dirir@bespinglobal.ae Customers:SubClient:getSubClients ['*'] ['*'] 200
2024-02-26 08:20:38 INFO ahmed.dirir@bespinglobal.ae Customers:Client:getClients ['*'] ['*'] 200
2024-02-26 08:20:39 INFO ahmed.dirir@bespinglobal.ae Customers:SubClient:getSubClients ['*'] ['*'] 200
2024-02-26 08:20:40 INFO ahmed.dirir@bespinglobal.ae Customers:Contact:getContacts ['*'] ['*'] 200
2024-02-26 08:21:25 INFO ahmed.dirir@bespinglobal.ae IAM:Customer:getCustomers ['*'] ['*'] 200
2024-02-26 08:21:25 INFO ahmed.dirir@bespinglobal.ae Customers:Contact:getContacts ['*'] ['*'] 200
2024-02-26 08:21:32 INFO ahmed.dirir@bespinglobal.ae IAM:Customer:getCustomers ['*'] ['*'] 200
2024-02-26 08:21:32 INFO ahmed.dirir@bespinglobal.ae Customers:Contact:getContacts ['*'] ['*'] 200
2024-02-26 08:22:34 INFO ahmed.dirir@bespinglobal.ae IAM:Customer:getCustomers ['*'] ['*'] 200
2024-02-26 08:22:34 INFO ahmed.dirir@bespinglobal.ae Customers:Contact:getContacts ['*'] ['*'] 200
2024-02-26 08:37:44 INFO ahmed.dirir@bespinglobal.ae IAM:Customer:getCustomers ['*'] ['*'] 200
2024-02-26 08:37:44 INFO ahmed.dirir@bespinglobal.ae Customers:Contact:getContacts ['*'] ['*'] 200
2024-02-26 08:37:45 INFO ahmed.dirir@bespinglobal.ae Customers:Client:getClients ['*'] ['*'] 200
2024-02-26 08:37:47 INFO ahmed.dirir@bespinglobal.ae Customers:Synthetic:getSynthetics ['*'] ['*'] 200
2024-02-26 08:39:20 INFO ahmed.dirir@bespinglobal.ae IAM:Customer:getCustomers ['*'] ['*'] 200
2024-02-26 08:39:21 INFO ahmed.dirir@bespinglobal.ae Customers:Synthetic:getSynthetics ['*'] ['*'] 200
2024-02-26 08:39:49 INFO ahmed.dirir@bespinglobal.ae Customers:Synthetic:updateSynthetic ['*'] ['*'] 200
2024-02-26 08:39:51 INFO ahmed.dirir@bespinglobal.ae IAM:Customer:getCustomers ['*'] ['*'] 200
2024-02-26 08:39:52 INFO ahmed.dirir@bespinglobal.ae Customers:Synthetic:getSynthetics ['*'] ['*'] 200
2024-02-26 08:40:14 INFO ahmed.dirir@bespinglobal.ae Customers:Synthetic:updateSynthetic ['*'] ['*'] 200
2024-02-26 08:40:16 INFO ahmed.dirir@bespinglobal.ae IAM:Customer:getCustomers ['*'] ['*'] 200
2024-02-26 08:40:17 INFO ahmed.dirir@bespinglobal.ae Customers:Synthetic:getSynthetics ['*'] ['*'] 200
2024-02-26 08:40:29 INFO ahmed.dirir@bespinglobal.ae Customers:Synthetic:updateSynthetic ['*'] ['*'] 200
2024-02-26 08:40:31 INFO ahmed.dirir@bespinglobal.ae IAM:Customer:getCustomers ['*'] ['*'] 200
2024-02-26 08:40:32 INFO ahmed.dirir@bespinglobal.ae Customers:Synthetic:getSynthetics ['*'] ['*'] 200
2024-02-26 08:42:04 INFO ahmed.dirir@bespinglobal.ae Customers:Synthetic:createSynthetic ['*'] ['*'] 200
2024-02-26 08:42:09 INFO ahmed.dirir@bespinglobal.ae IAM:Customer:getCustomers ['*'] ['*'] 200
2024-02-26 08:42:10 INFO ahmed.dirir@bespinglobal.ae Customers:Synthetic:getSynthetics ['*'] ['*'] 200
2024-02-26 08:45:51 INFO ahmed.dirir@bespinglobal.ae IAM:Customer:getCustomers ['*'] ['*'] 200
2024-02-26 08:45:52 INFO ahmed.dirir@bespinglobal.ae Customers:Synthetic:getSynthetics ['*'] ['*'] 200
2024-02-26 08:45:56 INFO ahmed.dirir@bespinglobal.ae Customers:Synthetic:deleteSynthetic ['*'] ['*'] 200
2024-02-26 08:45:58 INFO ahmed.dirir@bespinglobal.ae IAM:Customer:getCustomers ['*'] ['*'] 200
2024-02-26 08:45:59 INFO ahmed.dirir@bespinglobal.ae Customers:Synthetic:getSynthetics ['*'] ['*'] 200
2024-02-26 08:53:59 INFO ahmed.dirir@bespinglobal.ae IAM:Customer:getCustomers ['*'] ['*'] 200
2024-02-26 08:53:59 INFO ahmed.dirir@bespinglobal.ae Customers:Synthetic:getSynthetics ['*'] ['*'] 200
2024-02-26 08:54:01 INFO ahmed.dirir@bespinglobal.ae IAM:Customer:getCustomers ['*'] ['*'] 200
2024-02-26 08:54:02 INFO ahmed.dirir@bespinglobal.ae Customers:Synthetic:getSynthetics ['*'] ['*'] 200
2024-02-26 08:54:40 INFO ahmed.dirir@bespinglobal.ae IAM:Customer:getCustomers ['*'] ['*'] 200
2024-02-26 08:54:41 INFO ahmed.dirir@bespinglobal.ae Customers:Synthetic:getSynthetics ['*'] ['*'] 200
2024-02-26 08:55:38 INFO ahmed.dirir@bespinglobal.ae IAM:Customer:getCustomers ['*'] ['*'] 200
2024-02-26 08:55:39 INFO ahmed.dirir@bespinglobal.ae Customers:Synthetic:getSynthetics ['*'] ['*'] 200
2024-02-26 08:56:11 INFO ahmed.dirir@bespinglobal.ae IAM:Customer:getCustomers ['*'] ['*'] 200
2024-02-26 08:56:11 INFO ahmed.dirir@bespinglobal.ae Customers:Synthetic:getSynthetics ['*'] ['*'] 200
2024-02-26 08:56:20 INFO ahmed.dirir@bespinglobal.ae IAM:Customer:getCustomers ['*'] ['*'] 200
2024-02-26 08:56:21 INFO ahmed.dirir@bespinglobal.ae Customers:Synthetic:getSynthetics ['*'] ['*'] 200
2024-02-26 08:56:21 INFO ahmed.dirir@bespinglobal.ae Customers:Client:getClients ['*'] ['*'] 200
2024-02-26 08:56:28 INFO ahmed.dirir@bespinglobal.ae Customers:Contact:getContacts ['*'] ['*'] 200
2024-02-26 08:56:44 INFO ahmed.dirir@bespinglobal.ae Customers:Synthetic:getSynthetics ['*'] ['*'] 200
2024-02-26 08:56:54 INFO ahmed.dirir@bespinglobal.ae Customers:Product:getProducts ['*'] ['*'] 200
2024-02-26 08:56:59 INFO ahmed.dirir@bespinglobal.ae Customers:Addon:getAddons ['*'] ['*'] 200
2024-02-26 08:57:08 INFO ahmed.dirir@bespinglobal.ae Customers:Client:getClients ['*'] ['*'] 200
2024-02-26 08:57:09 INFO ahmed.dirir@bespinglobal.ae Customers:Contact:getContacts ['*'] ['*'] 200
2024-02-26 09:00:40 INFO ahmed.dirir@bespinglobal.ae IAM:Customer:getCustomers ['*'] ['*'] 200
2024-02-26 09:00:40 INFO ahmed.dirir@bespinglobal.ae Customers:Contact:getContacts ['*'] ['*'] 200
2024-02-26 09:00:51 INFO ahmed.dirir@bespinglobal.ae IAM:Customer:getCustomers ['*'] ['*'] 200
2024-02-26 09:00:51 INFO ahmed.dirir@bespinglobal.ae Customers:Contact:getContacts ['*'] ['*'] 200
2024-02-26 09:02:41 INFO ahmed.dirir@bespinglobal.ae Customers:Client:getClients ['*'] ['*'] 200
2024-02-26 09:02:46 INFO ahmed.dirir@bespinglobal.ae Customers:SubClient:getSubClients ['*'] ['*'] 200
2024-02-26 09:03:02 INFO ahmed.dirir@bespinglobal.ae Customers:Contact:getContacts ['*'] ['*'] 200
2024-02-26 09:03:10 INFO ahmed.dirir@bespinglobal.ae Customers:Synthetic:getSynthetics ['*'] ['*'] 200
2024-02-26 09:03:14 INFO ahmed.dirir@bespinglobal.ae Customers:Contact:getContacts ['*'] ['*'] 200
2024-02-26 09:03:15 INFO ahmed.dirir@bespinglobal.ae Customers:SubClient:getSubClients ['*'] ['*'] 200
2024-02-26 09:03:19 INFO ahmed.dirir@bespinglobal.ae Customers:Client:getClients ['*'] ['*'] 200
2024-02-26 11:01:49 INFO ahmed.dirir@bespinglobal.ae IAM:Customer:getCustomers ['*'] ['*'] 200
2024-02-26 11:01:49 INFO ahmed.dirir@bespinglobal.ae Customers:Client:getClients ['*'] ['*'] 200
2024-02-26 11:01:51 INFO ahmed.dirir@bespinglobal.ae Customers:AwsAccount:getAwsAccounts ['*'] ['*'] 400
2024-02-26 11:04:00 INFO ahmed.dirir@bespinglobal.ae IAM:Customer:getCustomers ['*'] ['*'] 200
2024-02-26 11:04:01 INFO ahmed.dirir@bespinglobal.ae Customers:AwsAccount:getAwsAccounts ['*'] ['*'] 200
2024-02-26 11:04:20 INFO ahmed.dirir@bespinglobal.ae Customers:AwsAccount:updateAwsAccount ['*'] ['*'] 200
2024-02-26 11:04:23 INFO ahmed.dirir@bespinglobal.ae IAM:Customer:getCustomers ['*'] ['*'] 200
2024-02-26 11:04:23 INFO ahmed.dirir@bespinglobal.ae Customers:AwsAccount:getAwsAccounts ['*'] ['*'] 200
2024-02-26 11:52:28 INFO ahmed.dirir@bespinglobal.ae IAM:Customer:getCustomers ['*'] ['*'] 200
2024-02-26 11:52:28 INFO ahmed.dirir@bespinglobal.ae Customers:AwsAccount:getAwsAccounts ['*'] ['*'] 200
2024-02-26 11:52:30 INFO ahmed.dirir@bespinglobal.ae Customers:AzureAccount:getAzureAccounts ['*'] ['*'] 200
2024-02-26 11:52:34 INFO ahmed.dirir@bespinglobal.ae Customers:M365Account:getM365Accounts ['*'] ['*'] 200
2024-02-26 11:52:37 INFO ahmed.dirir@bespinglobal.ae Customers:AwsAccount:getAwsAccounts ['*'] ['*'] 200
2024-02-26 11:52:38 INFO ahmed.dirir@bespinglobal.ae Customers:Client:getClients ['*'] ['*'] 200
2024-02-26 11:52:39 INFO ahmed.dirir@bespinglobal.ae Customers:SubClient:getSubClients ['*'] ['*'] 200
2024-02-26 11:52:40 INFO ahmed.dirir@bespinglobal.ae Customers:Contact:getContacts ['*'] ['*'] 200
2024-02-26 11:52:40 INFO ahmed.dirir@bespinglobal.ae Customers:Synthetic:getSynthetics ['*'] ['*'] 200
2024-02-26 11:52:42 INFO ahmed.dirir@bespinglobal.ae Customers:SubClient:getSubClients ['*'] ['*'] 200
2024-02-26 12:00:25 INFO ahmed.dirir@bespinglobal.ae IAM:Customer:getCustomers ['*'] ['*'] 200
2024-02-26 12:00:25 INFO ahmed.dirir@bespinglobal.ae Customers:SubClient:getSubClients ['*'] ['*'] 200
2024-02-26 12:00:28 INFO ahmed.dirir@bespinglobal.ae IAM:Customer:getCustomers ['*'] ['*'] 200
2024-02-26 12:00:29 INFO ahmed.dirir@bespinglobal.ae Customers:SubClient:getSubClients ['*'] ['*'] 200
2024-02-26 12:00:32 INFO ahmed.dirir@bespinglobal.ae Customers:Client:getClients ['*'] ['*'] 200
2024-02-26 12:00:33 INFO ahmed.dirir@bespinglobal.ae Customers:SubClient:getSubClients ['*'] ['*'] 200
2024-02-26 12:00:46 INFO ahmed.dirir@bespinglobal.ae IAM:Customer:getCustomers ['*'] ['*'] 200
2024-02-26 12:00:46 INFO ahmed.dirir@bespinglobal.ae Customers:SubClient:getSubClients ['*'] ['*'] 200
2024-02-26 12:00:53 INFO ahmed.dirir@bespinglobal.ae IAM:Customer:getCustomers ['*'] ['*'] 200
2024-02-26 12:00:53 INFO ahmed.dirir@bespinglobal.ae Customers:SubClient:getSubClients ['*'] ['*'] 200
2024-02-26 12:01:17 INFO ahmed.dirir@bespinglobal.ae IAM:Customer:getCustomers ['*'] ['*'] 200
2024-02-26 12:01:17 INFO ahmed.dirir@bespinglobal.ae Customers:SubClient:getSubClients ['*'] ['*'] 200
2024-02-26 12:01:35 INFO ahmed.dirir@bespinglobal.ae IAM:Customer:getCustomers ['*'] ['*'] 200
2024-02-26 12:01:35 INFO ahmed.dirir@bespinglobal.ae Customers:SubClient:getSubClients ['*'] ['*'] 200
2024-02-26 12:01:38 INFO ahmed.dirir@bespinglobal.ae IAM:Customer:getCustomers ['*'] ['*'] 200
2024-02-26 12:01:38 INFO ahmed.dirir@bespinglobal.ae Customers:SubClient:getSubClients ['*'] ['*'] 200
2024-02-26 12:01:48 INFO ahmed.dirir@bespinglobal.ae Customers:Client:getClients ['*'] ['*'] 200
2024-02-26 12:01:48 INFO ahmed.dirir@bespinglobal.ae Customers:SubClient:getSubClients ['*'] ['*'] 200
2024-02-26 12:02:39 INFO ahmed.dirir@bespinglobal.ae IAM:Customer:getCustomers ['*'] ['*'] 200
2024-02-26 12:02:39 INFO ahmed.dirir@bespinglobal.ae Customers:SubClient:getSubClients ['*'] ['*'] 200
2024-02-26 12:02:46 INFO ahmed.dirir@bespinglobal.ae IAM:Customer:getCustomers ['*'] ['*'] 200
2024-02-26 12:02:46 INFO ahmed.dirir@bespinglobal.ae Customers:SubClient:getSubClients ['*'] ['*'] 200
2024-02-26 12:03:54 INFO ahmed.dirir@bespinglobal.ae IAM:Customer:getCustomers ['*'] ['*'] 200
2024-02-26 12:03:55 INFO ahmed.dirir@bespinglobal.ae Customers:SubClient:getSubClients ['*'] ['*'] 200
2024-02-26 12:04:00 INFO ahmed.dirir@bespinglobal.ae IAM:Customer:getCustomers ['*'] ['*'] 200
2024-02-26 12:04:00 INFO ahmed.dirir@bespinglobal.ae Customers:SubClient:getSubClients ['*'] ['*'] 200
2024-02-26 12:04:39 INFO ahmed.dirir@bespinglobal.ae IAM:Customer:getCustomers ['*'] ['*'] 200
2024-02-26 12:04:39 INFO ahmed.dirir@bespinglobal.ae Customers:SubClient:getSubClients ['*'] ['*'] 200
2024-02-26 12:04:44 INFO ahmed.dirir@bespinglobal.ae IAM:Customer:getCustomers ['*'] ['*'] 200
2024-02-26 12:04:44 INFO ahmed.dirir@bespinglobal.ae Customers:SubClient:getSubClients ['*'] ['*'] 200
2024-02-26 12:04:46 INFO ahmed.dirir@bespinglobal.ae IAM:Customer:getCustomers ['*'] ['*'] 200
2024-02-26 12:04:46 INFO ahmed.dirir@bespinglobal.ae Customers:SubClient:getSubClients ['*'] ['*'] 200
2024-02-26 19:03:16 INFO ahmed.dirir@bespinglobal.ae Customers:AwsAccount:getAwsAccounts ['*'] ['*'] 200
2024-02-26 19:31:57 INFO ahmed.dirir@bespinglobal.ae IAM:Customer:getCustomers ['*'] ['*'] 200
2024-02-26 19:31:57 INFO ahmed.dirir@bespinglobal.ae Customers:AwsAccount:getAwsAccounts ['*'] ['*'] 200
2024-02-26 19:32:10 INFO ahmed.dirir@bespinglobal.ae IAM:Customer:getCustomers ['*'] ['*'] 200
2024-02-26 19:32:10 INFO ahmed.dirir@bespinglobal.ae Customers:AwsAccount:getAwsAccounts ['*'] ['*'] 200
2024-02-26 19:32:21 INFO ahmed.dirir@bespinglobal.ae IAM:Customer:getCustomers ['*'] ['*'] 200
2024-02-26 19:32:21 INFO ahmed.dirir@bespinglobal.ae Customers:AwsAccount:getAwsAccounts ['*'] ['*'] 200
2024-02-26 19:32:32 INFO ahmed.dirir@bespinglobal.ae IAM:Customer:getCustomers ['*'] ['*'] 200
2024-02-26 19:32:33 INFO ahmed.dirir@bespinglobal.ae Customers:AwsAccount:getAwsAccounts ['*'] ['*'] 200
2024-02-26 19:32:53 INFO ahmed.dirir@bespinglobal.ae IAM:Customer:getCustomers ['*'] ['*'] 200
2024-02-26 19:32:54 INFO ahmed.dirir@bespinglobal.ae Customers:AwsAccount:getAwsAccounts ['*'] ['*'] 200
2024-02-26 19:32:58 INFO ahmed.dirir@bespinglobal.ae IAM:Customer:getCustomers ['*'] ['*'] 200
2024-02-26 19:32:58 INFO ahmed.dirir@bespinglobal.ae Customers:AwsAccount:getAwsAccounts ['*'] ['*'] 200
2024-02-26 19:33:07 INFO ahmed.dirir@bespinglobal.ae IAM:Customer:getCustomers ['*'] ['*'] 200
2024-02-26 19:33:07 INFO ahmed.dirir@bespinglobal.ae Customers:AwsAccount:getAwsAccounts ['*'] ['*'] 200
2024-02-26 19:33:17 INFO ahmed.dirir@bespinglobal.ae IAM:Customer:getCustomers ['*'] ['*'] 200
2024-02-26 19:33:17 INFO ahmed.dirir@bespinglobal.ae Customers:AwsAccount:getAwsAccounts ['*'] ['*'] 200
2024-02-26 19:53:28 INFO ahmed.dirir@bespinglobal.ae IAM:Customer:getCustomers ['*'] ['*'] 200
2024-02-26 19:53:29 INFO ahmed.dirir@bespinglobal.ae Customers:AwsAccount:getAwsAccounts ['*'] ['*'] 200
2024-02-26 19:53:56 INFO ahmed.dirir@bespinglobal.ae IAM:Customer:getCustomers ['*'] ['*'] 200
2024-02-26 19:53:56 INFO ahmed.dirir@bespinglobal.ae Customers:AwsAccount:getAwsAccounts ['*'] ['*'] 200
2024-02-26 19:54:16 INFO ahmed.dirir@bespinglobal.ae IAM:Customer:getCustomers ['*'] ['*'] 200
2024-02-26 19:54:17 INFO ahmed.dirir@bespinglobal.ae Customers:AwsAccount:getAwsAccounts ['*'] ['*'] 200
2024-02-26 19:54:26 INFO ahmed.dirir@bespinglobal.ae IAM:Customer:getCustomers ['*'] ['*'] 200
2024-02-26 19:54:26 INFO ahmed.dirir@bespinglobal.ae Customers:AwsAccount:getAwsAccounts ['*'] ['*'] 200
2024-02-26 19:54:36 INFO ahmed.dirir@bespinglobal.ae IAM:Customer:getCustomers ['*'] ['*'] 200
2024-02-26 19:54:37 INFO ahmed.dirir@bespinglobal.ae Customers:AwsAccount:getAwsAccounts ['*'] ['*'] 200
2024-02-26 19:55:31 INFO ahmed.dirir@bespinglobal.ae IAM:Customer:getCustomers ['*'] ['*'] 200
2024-02-26 19:55:31 INFO ahmed.dirir@bespinglobal.ae Customers:AwsAccount:getAwsAccounts ['*'] ['*'] 200
2024-02-26 19:55:35 INFO ahmed.dirir@bespinglobal.ae IAM:Customer:getCustomers ['*'] ['*'] 200
2024-02-26 19:55:35 INFO ahmed.dirir@bespinglobal.ae Customers:AwsAccount:getAwsAccounts ['*'] ['*'] 200
2024-02-26 19:56:08 INFO ahmed.dirir@bespinglobal.ae IAM:Customer:getCustomers ['*'] ['*'] 200
2024-02-26 19:56:08 INFO ahmed.dirir@bespinglobal.ae Customers:AwsAccount:getAwsAccounts ['*'] ['*'] 200
2024-02-27 09:46:03 INFO ahmed.dirir@bespinglobal.ae IAM:Customer:getCustomers ['*'] ['*'] 200
2024-02-27 09:46:05 INFO ahmed.dirir@bespinglobal.ae Customers:Opportunity:getOpportunitys ['*'] ['*'] 200
2024-02-27 09:47:05 INFO ahmed.dirir@bespinglobal.ae IAM:Customer:getCustomers ['*'] ['*'] 200
2024-02-27 09:47:05 INFO ahmed.dirir@bespinglobal.ae Customers:Opportunity:getOpportunitys ['*'] ['*'] 400
2024-02-27 09:48:07 INFO ahmed.dirir@bespinglobal.ae IAM:Customer:getCustomers ['*'] ['*'] 200
2024-02-27 09:48:07 INFO ahmed.dirir@bespinglobal.ae Customers:Opportunity:getOpportunitys ['*'] ['*'] 200
2024-02-27 09:48:26 INFO ahmed.dirir@bespinglobal.ae Customers:Opportunity:updateOpportunity ['*'] ['*'] 400
2024-02-27 09:50:08 INFO ahmed.dirir@bespinglobal.ae IAM:Customer:getCustomers ['*'] ['*'] 200
2024-02-27 09:50:09 INFO ahmed.dirir@bespinglobal.ae Customers:Opportunity:getOpportunitys ['*'] ['*'] 200
2024-02-27 09:50:17 INFO ahmed.dirir@bespinglobal.ae Customers:Opportunity:updateOpportunity ['*'] ['*'] 400
2024-02-27 09:54:27 INFO ahmed.dirir@bespinglobal.ae IAM:Customer:getCustomers ['*'] ['*'] 200
2024-02-27 09:54:28 INFO ahmed.dirir@bespinglobal.ae Customers:Opportunity:getOpportunitys ['*'] ['*'] 200
2024-02-27 09:54:39 INFO ahmed.dirir@bespinglobal.ae Customers:Opportunity:updateOpportunity ['*'] ['*'] 200
2024-02-27 10:12:25 INFO ahmed.dirir@bespinglobal.ae IAM:Customer:getCustomers ['*'] ['*'] 200
2024-02-27 10:12:25 INFO ahmed.dirir@bespinglobal.ae Customers:Opportunity:getOpportunitys ['*'] ['*'] 200
2024-02-27 10:13:32 INFO ahmed.dirir@bespinglobal.ae IAM:Customer:getCustomers ['*'] ['*'] 200
2024-02-27 10:13:33 INFO ahmed.dirir@bespinglobal.ae Customers:Opportunity:getOpportunitys ['*'] ['*'] 200
2024-02-27 10:13:40 INFO ahmed.dirir@bespinglobal.ae IAM:Customer:getCustomers ['*'] ['*'] 200
2024-02-27 10:13:40 INFO ahmed.dirir@bespinglobal.ae Customers:Opportunity:getOpportunitys ['*'] ['*'] 200
2024-02-27 11:19:36 INFO ahmed.dirir@bespinglobal.ae IAM:Customer:getCustomers ['*'] ['*'] 200
2024-02-27 11:19:36 INFO ahmed.dirir@bespinglobal.ae Customers:Product:getProducts ['*'] ['*'] 200
2024-02-27 11:19:39 INFO ahmed.dirir@bespinglobal.ae Customers:Client:getClients ['*'] ['*'] 200
2024-02-27 11:19:54 INFO ahmed.dirir@bespinglobal.ae Customers:SubClient:getSubClients ['*'] ['*'] 200
2024-02-27 11:20:26 INFO ahmed.dirir@bespinglobal.ae Customers:AwsAccount:getAwsAccounts ['*'] ['*'] 200
2024-02-27 11:20:42 INFO ahmed.dirir@bespinglobal.ae Customers:AzureAccount:getAzureAccounts ['*'] ['*'] 200
2024-02-27 11:20:44 INFO ahmed.dirir@bespinglobal.ae Customers:Client:getClients ['*'] ['*'] 200
2024-02-27 11:20:45 INFO ahmed.dirir@bespinglobal.ae Customers:SubClient:getSubClients ['*'] ['*'] 200
2024-02-27 11:20:47 INFO ahmed.dirir@bespinglobal.ae IAM:Customer:getCustomers ['*'] ['*'] 200
2024-02-27 11:20:47 INFO ahmed.dirir@bespinglobal.ae Customers:SubClient:getSubClients ['*'] ['*'] 200
2024-02-27 11:22:24 INFO ahmed.dirir@bespinglobal.ae Customers:Opportunity:getOpportunitys ['*'] ['*'] 200
2024-02-27 11:22:25 INFO ahmed.dirir@bespinglobal.ae Customers:AwsOpportunity:getAwsOpportunitys ['*'] ['*'] 400
2024-02-27 11:41:17 INFO ahmed.dirir@bespinglobal.ae IAM:Customer:getCustomers ['*'] ['*'] 200
2024-02-27 11:41:17 INFO ahmed.dirir@bespinglobal.ae Customers:AwsOpportunity:getAwsOpportunitys ['*'] ['*'] 400
2024-02-27 11:41:43 INFO ahmed.dirir@bespinglobal.ae IAM:Customer:getCustomers ['*'] ['*'] 200
2024-02-27 11:41:43 INFO ahmed.dirir@bespinglobal.ae Customers:AwsOpportunity:getAwsOpportunitys ['*'] ['*'] 400
2024-02-27 11:42:03 INFO ahmed.dirir@bespinglobal.ae IAM:Customer:getCustomers ['*'] ['*'] 200
2024-02-27 11:42:03 INFO ahmed.dirir@bespinglobal.ae Customers:AwsOpportunity:getAwsOpportunitys ['*'] ['*'] 400
2024-02-27 11:42:54 INFO ahmed.dirir@bespinglobal.ae IAM:Customer:getCustomers ['*'] ['*'] 200
2024-02-27 11:42:54 INFO ahmed.dirir@bespinglobal.ae Customers:AwsOpportunity:getAwsOpportunitys ['*'] ['*'] 200
2024-02-27 11:44:19 INFO ahmed.dirir@bespinglobal.ae IAM:Customer:getCustomers ['*'] ['*'] 200
2024-02-27 11:44:19 INFO ahmed.dirir@bespinglobal.ae Customers:AwsOpportunity:getAwsOpportunitys ['*'] ['*'] 400
2024-02-27 11:44:22 INFO ahmed.dirir@bespinglobal.ae IAM:Customer:getCustomers ['*'] ['*'] 200
2024-02-27 11:44:22 INFO ahmed.dirir@bespinglobal.ae Customers:AwsOpportunity:getAwsOpportunitys ['*'] ['*'] 400
2024-02-27 11:47:35 INFO ahmed.dirir@bespinglobal.ae IAM:Customer:getCustomers ['*'] ['*'] 200
2024-02-27 11:47:35 INFO ahmed.dirir@bespinglobal.ae Customers:AwsOpportunity:getAwsOpportunitys ['*'] ['*'] 400
2024-02-27 11:48:56 INFO ahmed.dirir@bespinglobal.ae IAM:Customer:getCustomers ['*'] ['*'] 200
2024-02-27 11:48:56 INFO ahmed.dirir@bespinglobal.ae Customers:AwsOpportunity:getAwsOpportunitys ['*'] ['*'] 400
2024-02-27 11:49:29 INFO ahmed.dirir@bespinglobal.ae IAM:Customer:getCustomers ['*'] ['*'] 200
2024-02-27 11:49:29 INFO ahmed.dirir@bespinglobal.ae Customers:AwsOpportunity:getAwsOpportunitys ['*'] ['*'] 200
2024-02-27 11:49:42 INFO ahmed.dirir@bespinglobal.ae IAM:Customer:getCustomers ['*'] ['*'] 200
2024-02-27 11:49:42 INFO ahmed.dirir@bespinglobal.ae Customers:AwsOpportunity:getAwsOpportunitys ['*'] ['*'] 400
2024-02-27 11:51:23 INFO ahmed.dirir@bespinglobal.ae IAM:Customer:getCustomers ['*'] ['*'] 200
2024-02-27 11:51:23 INFO ahmed.dirir@bespinglobal.ae Customers:AwsOpportunity:getAwsOpportunitys ['*'] ['*'] 400
2024-02-27 12:25:59 INFO ahmed.dirir@bespinglobal.ae IAM:Customer:getCustomers ['*'] ['*'] 200
2024-02-27 12:25:59 INFO ahmed.dirir@bespinglobal.ae Customers:AwsOpportunity:getAwsOpportunitys ['*'] ['*'] 400
2024-02-27 12:29:17 INFO ahmed.dirir@bespinglobal.ae IAM:Customer:getCustomers ['*'] ['*'] 200
2024-02-27 12:29:17 INFO ahmed.dirir@bespinglobal.ae Customers:AwsOpportunity:getAwsOpportunitys ['*'] ['*'] 400
2024-02-27 12:30:13 INFO ahmed.dirir@bespinglobal.ae IAM:Customer:getCustomers ['*'] ['*'] 200
2024-02-27 12:30:14 INFO ahmed.dirir@bespinglobal.ae Customers:AwsOpportunity:getAwsOpportunitys ['*'] ['*'] 200
2024-02-27 12:31:12 INFO ahmed.dirir@bespinglobal.ae Customers:AwsOpportunity:updateAwsOpportunity ['*'] ['*'] 400
2024-02-27 12:33:43 INFO ahmed.dirir@bespinglobal.ae IAM:Customer:getCustomers ['*'] ['*'] 200
2024-02-27 12:33:43 INFO ahmed.dirir@bespinglobal.ae Customers:AwsOpportunity:getAwsOpportunitys ['*'] ['*'] 200
2024-02-27 12:33:50 INFO ahmed.dirir@bespinglobal.ae Customers:AwsOpportunity:updateAwsOpportunity ['*'] ['*'] 400
2024-02-27 12:34:42 INFO ahmed.dirir@bespinglobal.ae IAM:Customer:getCustomers ['*'] ['*'] 200
2024-02-27 12:34:43 INFO ahmed.dirir@bespinglobal.ae Customers:AwsOpportunity:getAwsOpportunitys ['*'] ['*'] 200
2024-02-27 12:34:51 INFO ahmed.dirir@bespinglobal.ae Customers:AwsOpportunity:updateAwsOpportunity ['*'] ['*'] 200
2024-02-27 12:35:01 INFO ahmed.dirir@bespinglobal.ae Customers:AwsOpportunity:updateAwsOpportunity ['*'] ['*'] 200
2024-02-27 12:41:35 INFO ahmed.dirir@bespinglobal.ae IAM:Customer:getCustomers ['*'] ['*'] 200
2024-02-27 12:41:36 INFO ahmed.dirir@bespinglobal.ae Customers:AwsOpportunity:getAwsOpportunitys ['*'] ['*'] 200
2024-02-27 12:41:41 INFO ahmed.dirir@bespinglobal.ae IAM:Customer:getCustomers ['*'] ['*'] 200
2024-02-27 12:41:41 INFO ahmed.dirir@bespinglobal.ae Customers:AwsOpportunity:getAwsOpportunitys ['*'] ['*'] 200
2024-02-27 12:41:42 INFO ahmed.dirir@bespinglobal.ae Customers:Opportunity:getOpportunitys ['*'] ['*'] 200
2024-02-27 12:41:43 INFO ahmed.dirir@bespinglobal.ae Customers:AzureOpportunity:getAzureOpportunitys ['*'] ['*'] 400
2024-02-27 12:43:34 INFO ahmed.dirir@bespinglobal.ae IAM:Customer:getCustomers ['*'] ['*'] 200
2024-02-27 12:43:34 INFO ahmed.dirir@bespinglobal.ae Customers:AzureOpportunity:getAzureOpportunitys ['*'] ['*'] 400
2024-02-27 12:44:19 INFO ahmed.dirir@bespinglobal.ae IAM:Customer:getCustomers ['*'] ['*'] 200
2024-02-27 12:44:19 INFO ahmed.dirir@bespinglobal.ae Customers:AzureOpportunity:getAzureOpportunitys ['*'] ['*'] 200
2024-02-27 12:44:30 INFO ahmed.dirir@bespinglobal.ae Customers:AzureOpportunity:updateAzureOpportunity ['*'] ['*'] 400
2024-02-27 12:46:46 INFO ahmed.dirir@bespinglobal.ae IAM:Customer:getCustomers ['*'] ['*'] 200
2024-02-27 12:46:46 INFO ahmed.dirir@bespinglobal.ae Customers:AzureOpportunity:getAzureOpportunitys ['*'] ['*'] 200
2024-02-27 12:46:48 INFO ahmed.dirir@bespinglobal.ae IAM:Customer:getCustomers ['*'] ['*'] 200
2024-02-27 12:46:48 INFO ahmed.dirir@bespinglobal.ae Customers:AzureOpportunity:getAzureOpportunitys ['*'] ['*'] 200
2024-02-27 12:47:05 INFO ahmed.dirir@bespinglobal.ae IAM:Customer:getCustomers ['*'] ['*'] 200
2024-02-27 12:47:05 INFO ahmed.dirir@bespinglobal.ae Customers:AzureOpportunity:getAzureOpportunitys ['*'] ['*'] 200
2024-02-27 12:47:12 INFO ahmed.dirir@bespinglobal.ae Customers:AzureOpportunity:updateAzureOpportunity ['*'] ['*'] 200
2024-02-27 12:47:19 INFO ahmed.dirir@bespinglobal.ae Customers:AzureOpportunity:updateAzureOpportunity ['*'] ['*'] 200
2024-02-27 12:48:43 INFO ahmed.dirir@bespinglobal.ae IAM:Customer:getCustomers ['*'] ['*'] 200
2024-02-27 12:48:43 INFO ahmed.dirir@bespinglobal.ae Customers:AzureOpportunity:getAzureOpportunitys ['*'] ['*'] 200
2024-02-27 12:52:15 INFO ahmed.dirir@bespinglobal.ae IAM:Customer:getCustomers ['*'] ['*'] 200
2024-02-27 12:52:15 INFO ahmed.dirir@bespinglobal.ae Customers:AzureOpportunity:getAzureOpportunitys ['*'] ['*'] 200
2024-02-27 12:52:16 INFO ahmed.dirir@bespinglobal.ae Customers:Opportunity:getOpportunitys ['*'] ['*'] 200
2024-02-27 12:52:17 INFO ahmed.dirir@bespinglobal.ae Customers:M365Opportunity:getM365Opportunitys ['*'] ['*'] 200
2024-02-27 12:54:08 INFO ahmed.dirir@bespinglobal.ae Customers:M365Opportunity:updateM365Opportunity ['*'] ['*'] 200
2024-02-29 13:38:31 INFO ahmed.dirir@bespinglobal.ae IAM:Customer:getCustomers ['*'] ['*'] 200
2024-02-29 13:38:31 INFO ahmed.dirir@bespinglobal.ae Customers:Client:getClients ['*'] ['*'] 200
2024-02-29 13:39:22 INFO ahmed.dirir@bespinglobal.ae IAM:Customer:getCustomers ['*'] ['*'] 200
2024-02-29 13:39:22 INFO ahmed.dirir@bespinglobal.ae Customers:Client:getClients ['*'] ['*'] 200
2024-02-29 13:42:33 INFO ahmed.dirir@bespinglobal.ae Customers:SubClient:getSubClients ['*'] ['*'] 200
2024-02-29 13:45:19 INFO ahmed.dirir@bespinglobal.ae IAM:Customer:getCustomers ['*'] ['*'] 200
2024-02-29 13:45:19 INFO ahmed.dirir@bespinglobal.ae Customers:SubClient:getSubClients ['*'] ['*'] 200
2024-02-29 13:45:22 INFO ahmed.dirir@bespinglobal.ae Customers:Client:getClients ['*'] ['*'] 200
2024-02-29 13:45:23 INFO ahmed.dirir@bespinglobal.ae Customers:SubClient:getSubClients ['*'] ['*'] 200
2024-02-29 13:45:25 INFO ahmed.dirir@bespinglobal.ae Customers:Contact:getContacts ['*'] ['*'] 200
2024-02-29 13:45:28 INFO ahmed.dirir@bespinglobal.ae Customers:Client:getClients ['*'] ['*'] 200
2024-02-29 13:45:33 INFO ahmed.dirir@bespinglobal.ae Customers:Synthetic:getSynthetics ['*'] ['*'] 200
2024-02-29 13:45:41 INFO ahmed.dirir@bespinglobal.ae Customers:Client:getClients ['*'] ['*'] 200
2024-02-29 13:45:45 INFO ahmed.dirir@bespinglobal.ae Customers:Synthetic:getSynthetics ['*'] ['*'] 200
2024-02-29 13:45:52 INFO ahmed.dirir@bespinglobal.ae Customers:Client:getClients ['*'] ['*'] 200
2024-02-29 13:45:55 INFO ahmed.dirir@bespinglobal.ae Customers:Opportunity:getOpportunitys ['*'] ['*'] 200
2024-02-29 13:46:39 INFO ahmed.dirir@bespinglobal.ae IAM:Customer:getCustomers ['*'] ['*'] 200
2024-02-29 13:46:39 INFO ahmed.dirir@bespinglobal.ae Customers:Opportunity:getOpportunitys ['*'] ['*'] 200
2024-02-29 13:46:46 INFO ahmed.dirir@bespinglobal.ae IAM:Customer:getCustomers ['*'] ['*'] 200
2024-02-29 13:46:46 INFO ahmed.dirir@bespinglobal.ae Customers:Opportunity:getOpportunitys ['*'] ['*'] 200
2024-02-29 13:47:15 INFO ahmed.dirir@bespinglobal.ae IAM:Customer:getCustomers ['*'] ['*'] 200
2024-02-29 13:47:16 INFO ahmed.dirir@bespinglobal.ae Customers:Opportunity:getOpportunitys ['*'] ['*'] 200
2024-02-29 13:47:46 INFO ahmed.dirir@bespinglobal.ae IAM:Customer:getCustomers ['*'] ['*'] 200
2024-02-29 13:47:47 INFO ahmed.dirir@bespinglobal.ae Customers:Opportunity:getOpportunitys ['*'] ['*'] 200
2024-02-29 13:47:51 INFO ahmed.dirir@bespinglobal.ae IAM:Customer:getCustomers ['*'] ['*'] 200
2024-02-29 13:47:52 INFO ahmed.dirir@bespinglobal.ae Customers:Opportunity:getOpportunitys ['*'] ['*'] 200
2024-02-29 13:47:55 INFO ahmed.dirir@bespinglobal.ae Customers:Product:getProducts ['*'] ['*'] 200
2024-02-29 13:47:56 INFO ahmed.dirir@bespinglobal.ae Customers:Addon:getAddons ['*'] ['*'] 200
2024-02-29 13:47:58 INFO ahmed.dirir@bespinglobal.ae Customers:Product:getProducts ['*'] ['*'] 200
2024-02-29 13:48:02 INFO ahmed.dirir@bespinglobal.ae Customers:Client:getClients ['*'] ['*'] 200
2024-02-29 13:48:18 INFO ahmed.dirir@bespinglobal.ae Customers:Opportunity:getOpportunitys ['*'] ['*'] 200
2024-02-29 13:48:31 INFO ahmed.dirir@bespinglobal.ae Customers:Client:getClients ['*'] ['*'] 200
2024-02-29 13:48:34 INFO ahmed.dirir@bespinglobal.ae Customers:Opportunity:getOpportunitys ['*'] ['*'] 200
2024-02-29 13:49:50 INFO ahmed.dirir@bespinglobal.ae IAM:Customer:getCustomers ['*'] ['*'] 200
2024-02-29 13:49:51 INFO ahmed.dirir@bespinglobal.ae Customers:Opportunity:getOpportunitys ['*'] ['*'] 200
2024-02-29 13:50:06 INFO ahmed.dirir@bespinglobal.ae IAM:Customer:getCustomers ['*'] ['*'] 200
2024-02-29 13:50:06 INFO ahmed.dirir@bespinglobal.ae Customers:Opportunity:getOpportunitys ['*'] ['*'] 200
2024-02-29 13:50:17 INFO ahmed.dirir@bespinglobal.ae IAM:Customer:getCustomers ['*'] ['*'] 200
2024-02-29 13:50:17 INFO ahmed.dirir@bespinglobal.ae Customers:Opportunity:getOpportunitys ['*'] ['*'] 200
2024-02-29 13:50:42 INFO ahmed.dirir@bespinglobal.ae IAM:Customer:getCustomers ['*'] ['*'] 200
2024-02-29 13:50:42 INFO ahmed.dirir@bespinglobal.ae Customers:Opportunity:getOpportunitys ['*'] ['*'] 200
2024-02-29 13:50:50 INFO ahmed.dirir@bespinglobal.ae IAM:Customer:getCustomers ['*'] ['*'] 200
2024-02-29 13:50:50 INFO ahmed.dirir@bespinglobal.ae Customers:Opportunity:getOpportunitys ['*'] ['*'] 200
2024-02-29 13:52:26 INFO ahmed.dirir@bespinglobal.ae IAM:Customer:getCustomers ['*'] ['*'] 200
2024-02-29 13:52:26 INFO ahmed.dirir@bespinglobal.ae Customers:Opportunity:getOpportunitys ['*'] ['*'] 200
2024-02-29 13:54:21 INFO ahmed.dirir@bespinglobal.ae IAM:Customer:getCustomers ['*'] ['*'] 200
2024-02-29 13:54:21 INFO ahmed.dirir@bespinglobal.ae Customers:Opportunity:getOpportunitys ['*'] ['*'] 200
2024-02-29 13:54:30 INFO ahmed.dirir@bespinglobal.ae IAM:Customer:getCustomers ['*'] ['*'] 200
2024-02-29 13:54:30 INFO ahmed.dirir@bespinglobal.ae Customers:Opportunity:getOpportunitys ['*'] ['*'] 200
2024-02-29 13:54:34 INFO ahmed.dirir@bespinglobal.ae Customers:Client:getClients ['*'] ['*'] 200
2024-02-29 13:54:36 INFO ahmed.dirir@bespinglobal.ae Customers:SubClient:getSubClients ['*'] ['*'] 200
2024-02-29 13:54:47 INFO ahmed.dirir@bespinglobal.ae IAM:Customer:getCustomers ['*'] ['*'] 200
2024-02-29 13:54:47 INFO ahmed.dirir@bespinglobal.ae Customers:SubClient:getSubClients ['*'] ['*'] 200
2024-02-29 13:54:59 INFO ahmed.dirir@bespinglobal.ae IAM:Customer:getCustomers ['*'] ['*'] 200
2024-02-29 13:54:59 INFO ahmed.dirir@bespinglobal.ae Customers:SubClient:getSubClients ['*'] ['*'] 200
2024-02-29 13:55:53 INFO ahmed.dirir@bespinglobal.ae Customers:Client:getClients ['*'] ['*'] 200
2024-02-29 13:55:54 INFO ahmed.dirir@bespinglobal.ae Customers:Contact:getContacts ['*'] ['*'] 200
2024-02-29 13:56:37 INFO ahmed.dirir@bespinglobal.ae Customers:Synthetic:getSynthetics ['*'] ['*'] 200
2024-02-29 13:57:33 INFO ahmed.dirir@bespinglobal.ae Customers:Addon:getAddons ['*'] ['*'] 200
2024-02-29 13:58:19 INFO ahmed.dirir@bespinglobal.ae Customers:Product:getProducts ['*'] ['*'] 200
2024-02-29 13:58:22 INFO ahmed.dirir@bespinglobal.ae Customers:Opportunity:getOpportunitys ['*'] ['*'] 200
2024-02-29 13:58:24 INFO ahmed.dirir@bespinglobal.ae Customers:AwsOpportunity:getAwsOpportunitys ['*'] ['*'] 200
2024-02-29 14:01:00 INFO ahmed.dirir@bespinglobal.ae Customers:Opportunity:getOpportunitys ['*'] ['*'] 200
2024-02-29 14:01:55 INFO ahmed.dirir@bespinglobal.ae Customers:AwsAccount:getAwsAccounts ['*'] ['*'] 200
2024-02-29 14:02:39 INFO ahmed.dirir@bespinglobal.ae IAM:Customer:getCustomers ['*'] ['*'] 200
2024-02-29 14:02:39 INFO ahmed.dirir@bespinglobal.ae Customers:AwsAccount:getAwsAccounts ['*'] ['*'] 200
2024-02-29 14:09:23 INFO ahmed.dirir@bespinglobal.ae Customers:Client:getClients ['*'] ['*'] 200
2024-02-29 14:09:30 INFO ahmed.dirir@bespinglobal.ae Customers:Client:createClient ['*'] ['*'] 200
2024-02-29 14:09:35 INFO ahmed.dirir@bespinglobal.ae IAM:Customer:getCustomers ['*'] ['*'] 200
2024-02-29 14:09:35 INFO ahmed.dirir@bespinglobal.ae Customers:Client:getClients ['*'] ['*'] 200
2024-02-29 14:09:43 INFO ahmed.dirir@bespinglobal.ae Customers:SubClient:getSubClients ['*'] ['*'] 200
2024-02-29 14:10:11 INFO ahmed.dirir@bespinglobal.ae Customers:SubClient:createSubClient ['*'] ['*'] 400
2024-02-29 14:11:35 INFO ahmed.dirir@bespinglobal.ae IAM:Customer:getCustomers ['*'] ['*'] 200
2024-02-29 14:11:36 INFO ahmed.dirir@bespinglobal.ae Customers:SubClient:getSubClients ['*'] ['*'] 200
2024-02-29 14:12:02 INFO ahmed.dirir@bespinglobal.ae Customers:SubClient:createSubClient ['*'] ['*'] 200
2024-02-29 14:12:05 INFO ahmed.dirir@bespinglobal.ae IAM:Customer:getCustomers ['*'] ['*'] 200
2024-02-29 14:12:05 INFO ahmed.dirir@bespinglobal.ae Customers:SubClient:getSubClients ['*'] ['*'] 200
2024-02-29 14:12:38 INFO ahmed.dirir@bespinglobal.ae Customers:SubClient:deleteSubClient ['*'] ['*'] 200
2024-02-29 14:12:45 INFO ahmed.dirir@bespinglobal.ae IAM:Customer:getCustomers ['*'] ['*'] 200
2024-02-29 14:12:45 INFO ahmed.dirir@bespinglobal.ae Customers:SubClient:getSubClients ['*'] ['*'] 200
2024-02-29 14:13:14 INFO ahmed.dirir@bespinglobal.ae Customers:SubClient:createSubClient ['*'] ['*'] 200
2024-02-29 14:13:17 INFO ahmed.dirir@bespinglobal.ae IAM:Customer:getCustomers ['*'] ['*'] 200
2024-02-29 14:13:17 INFO ahmed.dirir@bespinglobal.ae Customers:SubClient:getSubClients ['*'] ['*'] 200
2024-02-29 14:16:59 INFO ahmed.dirir@bespinglobal.ae Customers:Client:getClients ['*'] ['*'] 200
2024-02-29 14:17:00 INFO ahmed.dirir@bespinglobal.ae Customers:Synthetic:getSynthetics ['*'] ['*'] 200
2024-02-29 14:17:21 INFO ahmed.dirir@bespinglobal.ae IAM:Customer:getCustomers ['*'] ['*'] 200
2024-02-29 14:17:21 INFO ahmed.dirir@bespinglobal.ae Customers:Synthetic:getSynthetics ['*'] ['*'] 200
2024-02-29 14:17:30 INFO ahmed.dirir@bespinglobal.ae IAM:Customer:getCustomers ['*'] ['*'] 200
2024-02-29 14:17:30 INFO ahmed.dirir@bespinglobal.ae Customers:Synthetic:getSynthetics ['*'] ['*'] 200
2024-02-29 14:17:52 INFO ahmed.dirir@bespinglobal.ae Customers:Synthetic:createSynthetic ['*'] ['*'] 200
2024-02-29 14:17:54 INFO ahmed.dirir@bespinglobal.ae IAM:Customer:getCustomers ['*'] ['*'] 200
2024-02-29 14:17:54 INFO ahmed.dirir@bespinglobal.ae Customers:Synthetic:getSynthetics ['*'] ['*'] 200
2024-02-29 14:18:10 INFO ahmed.dirir@bespinglobal.ae Customers:Synthetic:deleteSynthetic ['*'] ['*'] 200
2024-02-29 14:18:11 INFO ahmed.dirir@bespinglobal.ae IAM:Customer:getCustomers ['*'] ['*'] 200
2024-02-29 14:18:11 INFO ahmed.dirir@bespinglobal.ae Customers:Synthetic:getSynthetics ['*'] ['*'] 200
2024-02-29 14:18:26 INFO ahmed.dirir@bespinglobal.ae IAM:Customer:getCustomers ['*'] ['*'] 200
2024-02-29 14:18:26 INFO ahmed.dirir@bespinglobal.ae Customers:Synthetic:getSynthetics ['*'] ['*'] 200
2024-02-29 14:22:09 INFO ahmed.dirir@bespinglobal.ae Customers:Client:getClients ['*'] ['*'] 200
2024-02-29 14:22:10 INFO ahmed.dirir@bespinglobal.ae Customers:SubClient:getSubClients ['*'] ['*'] 200
2024-02-29 14:22:25 INFO ahmed.dirir@bespinglobal.ae Customers:Client:getClients ['*'] ['*'] 200
2024-02-29 14:22:39 INFO ahmed.dirir@bespinglobal.ae Customers:Client:deleteClient ['*'] ['*'] 400
2024-02-29 14:24:15 INFO ahmed.dirir@bespinglobal.ae IAM:Customer:getCustomers ['*'] ['*'] 200
2024-02-29 14:24:15 INFO ahmed.dirir@bespinglobal.ae Customers:Client:getClients ['*'] ['*'] 200
2024-02-29 14:24:18 INFO ahmed.dirir@bespinglobal.ae Customers:SubClient:getSubClients ['*'] ['*'] 200
2024-02-29 14:24:23 INFO ahmed.dirir@bespinglobal.ae Customers:SubClient:deleteSubClient ['*'] ['*'] 200
2024-02-29 14:24:27 INFO ahmed.dirir@bespinglobal.ae IAM:Customer:getCustomers ['*'] ['*'] 200
2024-02-29 14:24:27 INFO ahmed.dirir@bespinglobal.ae Customers:SubClient:getSubClients ['*'] ['*'] 200
2024-02-29 14:24:31 INFO ahmed.dirir@bespinglobal.ae Customers:Client:getClients ['*'] ['*'] 200
2024-02-29 14:24:36 INFO ahmed.dirir@bespinglobal.ae Customers:Client:deleteClient ['*'] ['*'] 200
2024-02-29 14:24:38 INFO ahmed.dirir@bespinglobal.ae IAM:Customer:getCustomers ['*'] ['*'] 200
2024-02-29 14:24:38 INFO ahmed.dirir@bespinglobal.ae Customers:Client:getClients ['*'] ['*'] 200
2024-03-02 16:40:18 INFO ahmed.dirir@bespinglobal.ae IAM:Customer:getCustomers ['*'] ['*'] 400
2024-03-02 16:40:18 INFO ahmed.dirir@bespinglobal.ae IAM:Policy:list ['*'] ['*'] 200
2024-03-02 16:44:58 INFO ahmed.dirir@bespinglobal.ae IAM:Customer:getCustomers ['*'] ['*'] 400
2024-03-02 16:44:58 INFO ahmed.dirir@bespinglobal.ae IAM:Policy:list ['*'] ['*'] 400
2024-03-02 16:49:37 INFO ahmed.dirir@bespinglobal.ae IAM:Customer:getCustomers ['*'] ['*'] 400
2024-03-02 16:49:37 INFO ahmed.dirir@bespinglobal.ae IAM:Policy:list ['*'] ['*'] 200
2024-03-02 17:04:37 INFO ahmed.dirir@bespinglobal.ae IAM:Customer:getCustomers ['*'] ['*'] 400
2024-03-02 17:04:37 INFO ahmed.dirir@bespinglobal.ae IAM:Policy:list ['*'] ['*'] 200
2024-03-02 17:04:45 INFO ahmed.dirir@bespinglobal.ae IAM:Group:get ['*'] ['*'] 400
2024-03-02 17:04:48 INFO ahmed.dirir@bespinglobal.ae IAM:Policy:get ['*'] ['*'] 400
2024-03-02 17:05:25 INFO ahmed.dirir@bespinglobal.ae IAM:Customer:getCustomers ['*'] ['*'] 400
2024-03-02 17:05:25 INFO ahmed.dirir@bespinglobal.ae IAM:Group:get ['*'] ['*'] 400
2024-03-02 17:05:28 INFO ahmed.dirir@bespinglobal.ae IAM:Policy:get ['*'] ['*'] 400
2024-03-02 17:05:33 INFO ahmed.dirir@bespinglobal.ae IAM:Policy:list ['*'] ['*'] 200
2024-03-02 17:05:36 INFO ahmed.dirir@bespinglobal.ae IAM:Group:get ['*'] ['*'] 400
2024-03-02 17:09:21 INFO ahmed.dirir@bespinglobal.ae IAM:Policy:get ['*'] ['*'] 400
2024-03-02 17:09:23 INFO ahmed.dirir@bespinglobal.ae IAM:Customer:getCustomers ['*'] ['*'] 400
2024-03-02 17:09:23 INFO ahmed.dirir@bespinglobal.ae IAM:Group:list ['*'] ['*'] 200
2024-03-02 17:09:26 INFO ahmed.dirir@bespinglobal.ae IAM:Policy:lists ['*'] ['*'] 400
2024-03-02 17:09:30 INFO ahmed.dirir@bespinglobal.ae IAM:Customer:getCustomers ['*'] ['*'] 400
2024-03-02 17:09:30 INFO ahmed.dirir@bespinglobal.ae IAM:Group:list ['*'] ['*'] 200
2024-03-02 17:09:33 INFO ahmed.dirir@bespinglobal.ae IAM:Policy:lists ['*'] ['*'] 400
2024-03-02 17:09:49 INFO ahmed.dirir@bespinglobal.ae IAM:User:getUsers ['*'] ['*'] 400
2024-03-02 17:09:52 INFO ahmed.dirir@bespinglobal.ae IAM:Group:getGroups ['*'] ['*'] 400
2024-03-02 17:11:00 INFO ahmed.dirir@bespinglobal.ae IAM:Customer:getCustomers ['*'] ['*'] 400
2024-03-02 17:11:00 INFO ahmed.dirir@bespinglobal.ae IAM:User:list ['*'] ['*'] 200
2024-03-02 17:11:03 INFO ahmed.dirir@bespinglobal.ae IAM:Group:list ['*'] ['*'] 200
2024-03-02 17:11:11 INFO ahmed.dirir@bespinglobal.ae IAM:Customer:getCustomers ['*'] ['*'] 400
2024-03-02 17:11:14 INFO ahmed.dirir@bespinglobal.ae IAM:User:list ['*'] ['*'] 200
2024-03-02 17:11:16 INFO ahmed.dirir@bespinglobal.ae IAM:Group:list ['*'] ['*'] 200
2024-03-02 17:11:17 INFO ahmed.dirir@bespinglobal.ae IAM:Group:list ['*'] ['*'] 200
2024-03-02 17:11:18 INFO ahmed.dirir@bespinglobal.ae IAM:Policy:list ['*'] ['*'] 200
2024-03-02 17:11:19 INFO ahmed.dirir@bespinglobal.ae IAM:Policy:lists ['*'] ['*'] 400
2024-03-02 17:11:43 INFO ahmed.dirir@bespinglobal.ae IAM:Group:list ['*'] ['*'] 200
2024-03-02 17:11:46 INFO ahmed.dirir@bespinglobal.ae IAM:Policy:lists ['*'] ['*'] 400
2024-03-02 17:12:38 INFO ahmed.dirir@bespinglobal.ae IAM:Customer:getCustomers ['*'] ['*'] 400
2024-03-02 17:12:38 INFO ahmed.dirir@bespinglobal.ae IAM:Group:list ['*'] ['*'] 200
2024-03-02 17:12:49 INFO ahmed.dirir@bespinglobal.ae IAM:Customer:getCustomers ['*'] ['*'] 400
2024-03-02 17:12:53 INFO ahmed.dirir@bespinglobal.ae IAM:Group:list ['*'] ['*'] 200
2024-03-02 17:12:54 INFO ahmed.dirir@bespinglobal.ae IAM:Policy:list ['*'] ['*'] 200
2024-03-02 17:12:55 INFO ahmed.dirir@bespinglobal.ae IAM:ApiKey:getApiKeys ['*'] ['*'] 400
2024-03-02 17:12:59 INFO ahmed.dirir@bespinglobal.ae IAM:Group:getGroups ['*'] ['*'] 400
2024-03-02 17:12:59 INFO ahmed.dirir@bespinglobal.ae IAM:Policy:list ['*'] ['*'] 200
2024-03-02 17:13:02 INFO ahmed.dirir@bespinglobal.ae IAM:User:list ['*'] ['*'] 200
2024-03-02 17:13:05 INFO ahmed.dirir@bespinglobal.ae IAM:Group:list ['*'] ['*'] 200
