2024-04-12 10:45:08 ERROR User failed to provide credentials
2024-04-12 10:45:17 ERROR User failed to provide credentials
2024-04-12 10:46:36 ERROR User failed to provide credentials
2024-04-16 19:32:17 ERROR User ahmed.dirir@bespinglobal.ae is not authorized to perform the action IAM:User:list
2024-04-16 19:48:41 ERROR User ahmed.dirir@bespinglobal.ae is not authorized to perform the action {'action': 'IAM:User:list', 'resource': '*', 'customer': '*'}
2024-04-16 20:04:18 ERROR User ahmed.dirir@bespinglobal.ae is not authorized to perform the action {'action': 'IAM:User:list', 'resource': '*', 'customer': '*'}
2024-04-16 20:06:37 ERROR User ahmed.dirir@bespinglobal.ae is not authorized to perform the action {'action': 'IAM:User:list', 'resource': '*', 'customer': '*'}
2024-04-16 20:07:50 ERROR User ahmed.dirir@bespinglobal.ae is not authorized to perform the action {'action': 'IAM:User:list', 'resource': '*', 'customer': '*'}
2024-04-16 20:09:06 ERROR User ahmed.dirir@bespinglobal.ae is not authorized to perform the action {'action': 'IAM:User:list', 'resources': '*', 'customers': '*'}
2024-04-17 23:20:52 ERROR User ahmed.dirir@bespinglobal.ae is not authorized to perform the action {'action': 'IAM:User:list', 'resources': '*', 'customers': '*'}
2024-04-17 23:25:29 ERROR User ahmed.dirir@bespinglobal.ae is not authorized to perform the action {'action': 'IAM:User:list', 'resources': '*', 'customers': '*'}
2024-04-17 23:36:34 ERROR User ahmed.dirir@bespinglobal.ae failed to perform action {'action': 'IAM:User:list', 'resource': '*', 'customer': '*'} with error {'error': 'Some error happened, please try again'}
2024-04-17 23:38:07 INFO User ahmed.dirir@bespinglobal.ae performed action {'action': 'IAM:User:list', 'resource': '*', 'customer': '*'} successfully
2024-04-19 14:09:53 INFO User ahmed.dirir@bespinglobal.ae performed action {'action': 'IAM:User:list', 'resource': '*', 'customer': '*'} successfully
2024-04-19 14:14:05 INFO User ahmed.dirir@bespinglobal.ae performed action {'action': 'Customers:Addon:list', 'resource': ['*'], 'customer': ['*']} successfully
2024-04-19 14:14:07 INFO User ahmed.dirir@bespinglobal.ae performed action {'action': 'Customers:Product:list', 'resource': ['*'], 'customer': ['*']} successfully
2024-04-19 14:56:19 INFO User ahmed.dirir@bespinglobal.ae performed action {'action': 'Customers:Opportunity:list', 'resource': ['*'], 'customer': ['*']} successfully
2024-04-19 14:56:22 INFO User ahmed.dirir@bespinglobal.ae performed action {'action': 'Customers:AwsOpportunity:list', 'resource': ['*'], 'customer': ['*']} successfully
2024-04-19 14:56:25 INFO User ahmed.dirir@bespinglobal.ae performed action {'action': 'Customers:AzureOpportunity:list', 'resource': ['*'], 'customer': ['*']} successfully
2024-04-19 14:56:27 INFO User ahmed.dirir@bespinglobal.ae performed action {'action': 'Customers:M365Opportunity:list', 'resource': ['*'], 'customer': ['*']} successfully
2024-04-19 14:56:31 INFO User ahmed.dirir@bespinglobal.ae performed action {'action': 'Customers:Client:list', 'resource': ['*'], 'customer': ['*']} successfully
2024-04-19 14:56:33 INFO User ahmed.dirir@bespinglobal.ae performed action {'action': 'Customers:SubClient:list', 'resource': ['*'], 'customer': ['*']} successfully
2024-04-19 15:09:24 INFO User ahmed.dirir@bespinglobal.ae performed action {'action': 'Customers:Client:list', 'resource': ['*'], 'customer': ['*']} successfully
2024-04-19 15:09:25 INFO User ahmed.dirir@bespinglobal.ae performed action {'action': 'Customers:SubClient:list', 'resource': ['*'], 'customer': ['*']} successfully
2024-04-19 15:09:27 INFO User ahmed.dirir@bespinglobal.ae performed action {'action': 'Customers:Opportunity:list', 'resource': ['*'], 'customer': ['*']} successfully
2024-04-19 15:11:54 INFO User ahmed.dirir@bespinglobal.ae performed action {'action': 'Customers:Opportunity:list', 'resource': ['*'], 'customer': ['*']} successfully
2024-04-19 15:13:16 INFO User ahmed.dirir@bespinglobal.ae performed action {'action': 'Customers:Client:list', 'resource': ['*'], 'customer': ['*']} successfully
2024-04-19 15:13:19 INFO User ahmed.dirir@bespinglobal.ae performed action {'action': 'Customers:SubClient:list', 'resource': ['*'], 'customer': ['*']} successfully
2024-04-19 15:13:21 INFO User ahmed.dirir@bespinglobal.ae performed action {'action': 'Customers:Contact:list', 'resource': ['*'], 'customer': ['*']} successfully
2024-04-19 15:13:23 INFO User ahmed.dirir@bespinglobal.ae performed action {'action': 'Customers:Synthetic:list', 'resource': ['*'], 'customer': ['*']} successfully
2024-04-19 15:13:26 INFO User ahmed.dirir@bespinglobal.ae performed action {'action': 'Customers:AwsAccount:list', 'resource': ['*'], 'customer': ['*']} successfully
2024-04-19 15:13:34 INFO User ahmed.dirir@bespinglobal.ae performed action {'action': 'Customers:Client:list', 'resource': ['*'], 'customer': ['*']} successfully
2024-04-19 15:13:45 INFO User ahmed.dirir@bespinglobal.ae performed action {'action': 'Customers:Opportunity:list', 'resource': ['*'], 'customer': ['*']} successfully
2024-04-19 15:13:58 INFO User ahmed.dirir@bespinglobal.ae performed action {'action': 'Customers:M365Opportunity:list', 'resource': ['*'], 'customer': ['*']} successfully
2024-04-19 15:13:59 INFO User ahmed.dirir@bespinglobal.ae performed action {'action': 'Customers:AzureOpportunity:list', 'resource': ['*'], 'customer': ['*']} successfully
2024-04-19 15:14:00 INFO User ahmed.dirir@bespinglobal.ae performed action {'action': 'Customers:AwsOpportunity:list', 'resource': ['*'], 'customer': ['*']} successfully
2024-04-19 15:14:08 INFO User ahmed.dirir@bespinglobal.ae performed action {'action': 'Customers:AzureOpportunity:list', 'resource': ['*'], 'customer': ['*']} successfully
2024-04-19 15:14:10 INFO User ahmed.dirir@bespinglobal.ae performed action {'action': 'Customers:M365Opportunity:list', 'resource': ['*'], 'customer': ['*']} successfully
2024-04-19 15:14:56 INFO User ahmed.dirir@bespinglobal.ae performed action {'action': 'Customers:AwsAccount:list', 'resource': ['*'], 'customer': ['*']} successfully
2024-04-19 15:15:08 INFO User ahmed.dirir@bespinglobal.ae performed action {'action': 'Customers:AwsAccount:list', 'resource': ['*'], 'customer': ['*']} successfully
2024-04-19 15:15:09 INFO User ahmed.dirir@bespinglobal.ae performed action {'action': 'Customers:AzureAccount:list', 'resource': ['*'], 'customer': ['*']} successfully
2024-04-19 15:15:10 INFO User ahmed.dirir@bespinglobal.ae performed action {'action': 'Customers:M365Account:list', 'resource': ['*'], 'customer': ['*']} successfully
2024-04-19 15:15:25 INFO User ahmed.dirir@bespinglobal.ae performed action {'action': 'Customers:Opportunity:list', 'resource': ['*'], 'customer': ['*']} successfully
2024-04-19 15:15:36 INFO User ahmed.dirir@bespinglobal.ae performed action {'action': 'Customers:Client:list', 'resource': ['*'], 'customer': ['*']} successfully
2024-04-19 15:15:40 INFO User ahmed.dirir@bespinglobal.ae performed action {'action': 'Customers:SubClient:list', 'resource': ['*'], 'customer': ['*']} successfully
2024-04-19 15:18:18 INFO User ahmed.dirir@bespinglobal.ae performed action {'action': 'Customers:Client:list', 'resource': ['*'], 'customer': ['*']} successfully
2024-04-19 15:21:21 INFO User ahmed.dirir@bespinglobal.ae performed action {'action': 'Customers:Client:list', 'resource': ['*'], 'customer': ['*']} successfully
2024-04-19 15:21:38 INFO User ahmed.dirir@bespinglobal.ae performed action {'action': 'Customers:Client:list', 'resource': ['*'], 'customer': ['*']} successfully
2024-04-19 15:21:54 INFO User ahmed.dirir@bespinglobal.ae performed action {'action': 'Customers:Client:list', 'resource': ['*'], 'customer': ['*']} successfully
2024-04-19 15:27:20 INFO User ahmed.dirir@bespinglobal.ae performed action {'action': 'Customers:Product:list', 'resource': ['*'], 'customer': ['*']} successfully
2024-04-19 15:33:00 INFO User ahmed.dirir@bespinglobal.ae performed action {'action': 'Customers:Product:list', 'resource': ['*'], 'customer': ['*']} successfully
2024-04-19 15:33:41 INFO User ahmed.dirir@bespinglobal.ae performed action {'action': 'Customers:Product:list', 'resource': ['*'], 'customer': ['*']} successfully
2024-04-19 15:33:44 INFO User ahmed.dirir@bespinglobal.ae performed action {'action': 'Customers:Product:list', 'resource': ['*'], 'customer': ['*']} successfully
2024-04-19 15:54:24 INFO User ahmed.dirir@bespinglobal.ae performed action {'action': 'Customers:AwsAccount:list', 'resource': ['*'], 'customer': ['*']} successfully
2024-04-19 15:54:24 INFO User ahmed.dirir@bespinglobal.ae performed action {'action': 'Customers:AzureAccount:list', 'resource': ['*'], 'customer': ['*']} successfully
2024-04-19 15:54:24 INFO User ahmed.dirir@bespinglobal.ae performed action {'action': 'Customers:M365Account:list', 'resource': ['*'], 'customer': ['*']} successfully
2024-04-19 15:55:09 INFO User ahmed.dirir@bespinglobal.ae performed action {'action': 'Customers:AwsAccount:list', 'resource': ['*'], 'customer': ['*']} successfully
2024-04-19 15:55:09 INFO User ahmed.dirir@bespinglobal.ae performed action {'action': 'Customers:AzureAccount:list', 'resource': ['*'], 'customer': ['*']} successfully
2024-04-19 15:55:09 INFO User ahmed.dirir@bespinglobal.ae performed action {'action': 'Customers:M365Account:list', 'resource': ['*'], 'customer': ['*']} successfully
2024-04-19 15:55:15 INFO User ahmed.dirir@bespinglobal.ae performed action {'action': 'Customers:AwsAccount:list', 'resource': ['*'], 'customer': ['*']} successfully
2024-04-19 15:55:15 INFO User ahmed.dirir@bespinglobal.ae performed action {'action': 'Customers:AzureAccount:list', 'resource': ['*'], 'customer': ['*']} successfully
2024-04-19 15:55:15 INFO User ahmed.dirir@bespinglobal.ae performed action {'action': 'Customers:M365Account:list', 'resource': ['*'], 'customer': ['*']} successfully
2024-04-19 15:55:54 INFO User ahmed.dirir@bespinglobal.ae performed action {'action': 'Customers:AwsAccount:list', 'resource': ['*'], 'customer': ['*']} successfully
2024-04-19 15:55:54 INFO User ahmed.dirir@bespinglobal.ae performed action {'action': 'Customers:AzureAccount:list', 'resource': ['*'], 'customer': ['*']} successfully
2024-04-19 15:55:54 INFO User ahmed.dirir@bespinglobal.ae performed action {'action': 'Customers:M365Account:list', 'resource': ['*'], 'customer': ['*']} successfully
2024-04-19 15:56:58 INFO User ahmed.dirir@bespinglobal.ae performed action {'action': 'Customers:AwsAccount:list', 'resource': ['*'], 'customer': ['*']} successfully
2024-04-19 15:56:58 INFO User ahmed.dirir@bespinglobal.ae performed action {'action': 'Customers:AzureAccount:list', 'resource': ['*'], 'customer': ['*']} successfully
2024-04-19 15:56:58 INFO User ahmed.dirir@bespinglobal.ae performed action {'action': 'Customers:M365Account:list', 'resource': ['*'], 'customer': ['*']} successfully
2024-04-19 15:57:13 INFO User ahmed.dirir@bespinglobal.ae performed action {'action': 'Customers:AwsAccount:list', 'resource': ['*'], 'customer': ['*']} successfully
2024-04-19 15:57:13 INFO User ahmed.dirir@bespinglobal.ae performed action {'action': 'Customers:AzureAccount:list', 'resource': ['*'], 'customer': ['*']} successfully
2024-04-19 15:57:13 INFO User ahmed.dirir@bespinglobal.ae performed action {'action': 'Customers:M365Account:list', 'resource': ['*'], 'customer': ['*']} successfully
2024-04-19 15:57:19 INFO User ahmed.dirir@bespinglobal.ae performed action {'action': 'Customers:AwsAccount:list', 'resource': ['*'], 'customer': ['*']} successfully
2024-04-19 15:57:19 INFO User ahmed.dirir@bespinglobal.ae performed action {'action': 'Customers:AzureAccount:list', 'resource': ['*'], 'customer': ['*']} successfully
2024-04-19 15:57:19 INFO User ahmed.dirir@bespinglobal.ae performed action {'action': 'Customers:M365Account:list', 'resource': ['*'], 'customer': ['*']} successfully
2024-04-19 15:57:47 INFO User ahmed.dirir@bespinglobal.ae performed action {'action': 'Customers:AwsAccount:list', 'resource': ['*'], 'customer': ['*']} successfully
2024-04-19 15:57:47 INFO User ahmed.dirir@bespinglobal.ae performed action {'action': 'Customers:AzureAccount:list', 'resource': ['*'], 'customer': ['*']} successfully
2024-04-19 15:57:47 INFO User ahmed.dirir@bespinglobal.ae performed action {'action': 'Customers:M365Account:list', 'resource': ['*'], 'customer': ['*']} successfully
2024-04-19 15:58:18 INFO User ahmed.dirir@bespinglobal.ae performed action {'action': 'Customers:AwsAccount:list', 'resource': ['*'], 'customer': ['*']} successfully
2024-04-19 15:58:18 INFO User ahmed.dirir@bespinglobal.ae performed action {'action': 'Customers:AzureAccount:list', 'resource': ['*'], 'customer': ['*']} successfully
2024-04-19 15:58:18 INFO User ahmed.dirir@bespinglobal.ae performed action {'action': 'Customers:M365Account:list', 'resource': ['*'], 'customer': ['*']} successfully
2024-04-19 15:59:26 INFO User ahmed.dirir@bespinglobal.ae performed action {'action': 'Customers:AwsAccount:list', 'resource': ['*'], 'customer': ['*']} successfully
2024-04-19 15:59:26 INFO User ahmed.dirir@bespinglobal.ae performed action {'action': 'Customers:AzureAccount:list', 'resource': ['*'], 'customer': ['*']} successfully
2024-04-19 15:59:26 INFO User ahmed.dirir@bespinglobal.ae performed action {'action': 'Customers:M365Account:list', 'resource': ['*'], 'customer': ['*']} successfully
2024-04-19 16:01:20 INFO User ahmed.dirir@bespinglobal.ae performed action {'action': 'Customers:AwsAccount:list', 'resource': ['*'], 'customer': ['*']} successfully
2024-04-19 16:01:20 INFO User ahmed.dirir@bespinglobal.ae performed action {'action': 'Customers:AzureAccount:list', 'resource': ['*'], 'customer': ['*']} successfully
2024-04-19 16:01:20 INFO User ahmed.dirir@bespinglobal.ae performed action {'action': 'Customers:M365Account:list', 'resource': ['*'], 'customer': ['*']} successfully
2024-04-19 16:01:24 INFO User ahmed.dirir@bespinglobal.ae performed action {'action': 'Customers:Opportunity:list', 'resource': ['*'], 'customer': ['*']} successfully
2024-04-19 16:01:24 ERROR User ahmed.dirir@bespinglobal.ae failed to perform action {'action': 'Customers:AzureOpportunity:list', 'resource': ['*'], 'customer': ['*']} with error {'error': 'Error fetching rows from Table (azure_opportunity_details)\nMySQL Connection not available.'}
2024-04-19 16:01:24 ERROR User ahmed.dirir@bespinglobal.ae failed to perform action {'action': 'Customers:M365Opportunity:list', 'resource': ['*'], 'customer': ['*']} with error {'error': 'Error fetching rows from Table (m365_opportunity_details)\nUnread result found'}
2024-04-19 16:01:24 ERROR User ahmed.dirir@bespinglobal.ae failed to perform action {'action': 'Customers:AwsOpportunity:list', 'resource': ['*'], 'customer': ['*']} with error {'error': "Error fetching rows from Table (aws_opportunity_details)\n2014 (HY000): Commands out of sync; you can't run this command now"}
2024-04-19 16:02:22 INFO User ahmed.dirir@bespinglobal.ae performed action {'action': 'Customers:Opportunity:list', 'resource': ['*'], 'customer': ['*']} successfully
2024-04-19 16:02:22 INFO User ahmed.dirir@bespinglobal.ae performed action {'action': 'Customers:AwsOpportunity:list', 'resource': ['*'], 'customer': ['*']} successfully
2024-04-19 16:02:22 INFO User ahmed.dirir@bespinglobal.ae performed action {'action': 'Customers:AzureOpportunity:list', 'resource': ['*'], 'customer': ['*']} successfully
2024-04-19 16:02:22 INFO User ahmed.dirir@bespinglobal.ae performed action {'action': 'Customers:M365Opportunity:list', 'resource': ['*'], 'customer': ['*']} successfully
2024-04-19 16:02:42 ERROR User ahmed.dirir@bespinglobal.ae failed to perform action {'action': 'Customers:AwsOpportunity:list', 'resource': ['*'], 'customer': ['*']} with error {'error': 'Error fetching rows from Table (aws_opportunity_details)\nUnread result found'}
2024-04-19 16:02:42 INFO User ahmed.dirir@bespinglobal.ae performed action {'action': 'Customers:Opportunity:list', 'resource': ['*'], 'customer': ['*']} successfully
2024-04-19 16:02:42 ERROR User ahmed.dirir@bespinglobal.ae failed to perform action {'action': 'Customers:M365Opportunity:list', 'resource': ['*'], 'customer': ['*']} with error {'error': 'Error fetching rows from Table (m365_opportunity_details)\nMySQL Connection not available.'}
2024-04-19 16:02:42 ERROR User ahmed.dirir@bespinglobal.ae failed to perform action {'action': 'Customers:AzureOpportunity:list', 'resource': ['*'], 'customer': ['*']} with error {'error': "Error fetching rows from Table (opportunities)\n2014 (HY000): Commands out of sync; you can't run this command now"}
2024-04-19 16:30:36 ERROR User ahmed.dirir@bespinglobal.ae failed to perform action {'action': 'Customers:AzureAccount:list', 'resource': ['*'], 'customer': ['*']} with error {'error': 'Error fetching rows from Table (azure_accounts)\nMySQL Connection not available.'}
2024-04-19 16:30:36 ERROR User ahmed.dirir@bespinglobal.ae failed to perform action {'action': 'Customers:AwsAccount:list', 'resource': ['*'], 'customer': ['*']} with error {'error': "Error fetching rows from Table (sub_clients)\n2014 (HY000): Commands out of sync; you can't run this command now"}
2024-04-19 16:30:36 INFO User ahmed.dirir@bespinglobal.ae performed action {'action': 'Customers:M365Account:list', 'resource': ['*'], 'customer': ['*']} successfully
2024-04-19 16:33:19 INFO User ahmed.dirir@bespinglobal.ae performed action {'action': 'Customers:AwsAccount:list', 'resource': ['*'], 'customer': ['*']} successfully
2024-04-19 16:33:19 INFO User ahmed.dirir@bespinglobal.ae performed action {'action': 'Customers:AzureAccount:list', 'resource': ['*'], 'customer': ['*']} successfully
2024-04-19 16:33:19 INFO User ahmed.dirir@bespinglobal.ae performed action {'action': 'Customers:M365Account:list', 'resource': ['*'], 'customer': ['*']} successfully
2024-04-19 16:34:19 INFO User ahmed.dirir@bespinglobal.ae performed action {'action': 'Customers:AwsAccount:list', 'resource': ['*'], 'customer': ['*']} successfully
2024-04-19 16:34:19 INFO User ahmed.dirir@bespinglobal.ae performed action {'action': 'Customers:AzureAccount:list', 'resource': ['*'], 'customer': ['*']} successfully
2024-04-19 16:34:19 INFO User ahmed.dirir@bespinglobal.ae performed action {'action': 'Customers:M365Account:list', 'resource': ['*'], 'customer': ['*']} successfully
2024-04-19 16:34:41 INFO User ahmed.dirir@bespinglobal.ae performed action {'action': 'Customers:Addon:list', 'resource': ['*'], 'customer': ['*']} successfully
2024-04-19 16:34:45 INFO User ahmed.dirir@bespinglobal.ae performed action {'action': 'Customers:Product:list', 'resource': ['*'], 'customer': ['*']} successfully
2024-04-19 16:34:47 ERROR User ahmed.dirir@bespinglobal.ae failed to perform action {'action': 'Customers:AwsOpportunity:list', 'resource': ['*'], 'customer': ['*']} with error {'error': 'Error fetching rows from Table (aws_opportunity_details)\nUnread result found'}
2024-04-19 16:34:47 ERROR User ahmed.dirir@bespinglobal.ae failed to perform action {'action': 'Customers:AzureOpportunity:list', 'resource': ['*'], 'customer': ['*']} with error {'error': 'Error fetching rows from Table (azure_opportunity_details)\nMySQL Connection not available.'}
2024-04-19 16:34:47 ERROR User ahmed.dirir@bespinglobal.ae failed to perform action {'action': 'Customers:Opportunity:list', 'resource': ['*'], 'customer': ['*']} with error {'error': "Error fetching rows from Table (sub_clients)\n2014 (HY000): Commands out of sync; you can't run this command now"}
2024-04-19 16:34:47 INFO User ahmed.dirir@bespinglobal.ae performed action {'action': 'Customers:M365Opportunity:list', 'resource': ['*'], 'customer': ['*']} successfully
2024-04-19 16:35:05 INFO User ahmed.dirir@bespinglobal.ae performed action {'action': 'Customers:Addon:list', 'resource': ['*'], 'customer': ['*']} successfully
2024-04-19 16:35:20 ERROR User ahmed.dirir@bespinglobal.ae failed to perform action {'action': 'Customers:AwsOpportunity:list', 'resource': ['*'], 'customer': ['*']} with error {'error': 'Error fetching rows from Table (aws_opportunity_details)\nMySQL Connection not available.'}
2024-04-19 16:35:20 ERROR User ahmed.dirir@bespinglobal.ae failed to perform action {'action': 'Customers:AzureOpportunity:list', 'resource': ['*'], 'customer': ['*']} with error {'error': 'Error fetching rows from Table (azure_opportunity_details)\nUnread result found'}
2024-04-19 16:35:20 ERROR User ahmed.dirir@bespinglobal.ae failed to perform action {'action': 'Customers:Opportunity:list', 'resource': ['*'], 'customer': ['*']} with error {'error': "Error fetching rows from Table (opportunities)\n2014 (HY000): Commands out of sync; you can't run this command now"}
2024-04-19 16:35:20 INFO User ahmed.dirir@bespinglobal.ae performed action {'action': 'Customers:M365Opportunity:list', 'resource': ['*'], 'customer': ['*']} successfully
2024-04-19 16:37:23 INFO User ahmed.dirir@bespinglobal.ae performed action {'action': 'Customers:Opportunity:list', 'resource': ['*'], 'customer': ['*']} successfully
2024-04-19 16:37:23 INFO User ahmed.dirir@bespinglobal.ae performed action {'action': 'Customers:AwsOpportunity:list', 'resource': ['*'], 'customer': ['*']} successfully
2024-04-19 16:37:23 INFO User ahmed.dirir@bespinglobal.ae performed action {'action': 'Customers:AzureOpportunity:list', 'resource': ['*'], 'customer': ['*']} successfully
2024-04-19 16:37:23 INFO User ahmed.dirir@bespinglobal.ae performed action {'action': 'Customers:M365Opportunity:list', 'resource': ['*'], 'customer': ['*']} successfully
2024-04-19 16:37:27 INFO User ahmed.dirir@bespinglobal.ae performed action {'action': 'Customers:Client:list', 'resource': ['*'], 'customer': ['*']} successfully
2024-04-19 16:37:27 INFO User ahmed.dirir@bespinglobal.ae performed action {'action': 'Customers:SubClient:list', 'resource': ['*'], 'customer': ['*']} successfully
2024-04-19 16:37:27 INFO User ahmed.dirir@bespinglobal.ae performed action {'action': 'Customers:Synthetic:list', 'resource': ['*'], 'customer': ['*']} successfully
2024-04-19 16:37:27 INFO User ahmed.dirir@bespinglobal.ae performed action {'action': 'Customers:Contact:list', 'resource': ['*'], 'customer': ['*']} successfully
2024-04-19 16:38:42 INFO User ahmed.dirir@bespinglobal.ae performed action {'action': 'Customers:Client:list', 'resource': ['*'], 'customer': ['*']} successfully
2024-04-19 16:38:42 INFO User ahmed.dirir@bespinglobal.ae performed action {'action': 'Customers:SubClient:list', 'resource': ['*'], 'customer': ['*']} successfully
2024-04-19 16:38:42 INFO User ahmed.dirir@bespinglobal.ae performed action {'action': 'Customers:Synthetic:list', 'resource': ['*'], 'customer': ['*']} successfully
2024-04-19 16:38:42 INFO User ahmed.dirir@bespinglobal.ae performed action {'action': 'Customers:Contact:list', 'resource': ['*'], 'customer': ['*']} successfully
2024-04-19 16:38:54 INFO User ahmed.dirir@bespinglobal.ae performed action {'action': 'Customers:Client:list', 'resource': ['*'], 'customer': ['*']} successfully
2024-04-19 16:38:54 INFO User ahmed.dirir@bespinglobal.ae performed action {'action': 'Customers:SubClient:list', 'resource': ['*'], 'customer': ['*']} successfully
2024-04-19 16:38:54 INFO User ahmed.dirir@bespinglobal.ae performed action {'action': 'Customers:Synthetic:list', 'resource': ['*'], 'customer': ['*']} successfully
2024-04-19 16:38:54 INFO User ahmed.dirir@bespinglobal.ae performed action {'action': 'Customers:Contact:list', 'resource': ['*'], 'customer': ['*']} successfully
2024-04-19 16:39:02 INFO User ahmed.dirir@bespinglobal.ae performed action {'action': 'Customers:Client:list', 'resource': ['*'], 'customer': ['*']} successfully
2024-04-19 16:39:02 INFO User ahmed.dirir@bespinglobal.ae performed action {'action': 'Customers:SubClient:list', 'resource': ['*'], 'customer': ['*']} successfully
2024-04-19 16:39:02 INFO User ahmed.dirir@bespinglobal.ae performed action {'action': 'Customers:Synthetic:list', 'resource': ['*'], 'customer': ['*']} successfully
2024-04-19 16:39:02 INFO User ahmed.dirir@bespinglobal.ae performed action {'action': 'Customers:Contact:list', 'resource': ['*'], 'customer': ['*']} successfully
2024-04-19 16:39:20 INFO User ahmed.dirir@bespinglobal.ae performed action {'action': 'Customers:Client:list', 'resource': ['*'], 'customer': ['*']} successfully
2024-04-19 16:39:20 INFO User ahmed.dirir@bespinglobal.ae performed action {'action': 'Customers:SubClient:list', 'resource': ['*'], 'customer': ['*']} successfully
2024-04-19 16:39:20 INFO User ahmed.dirir@bespinglobal.ae performed action {'action': 'Customers:Synthetic:list', 'resource': ['*'], 'customer': ['*']} successfully
2024-04-19 16:39:20 INFO User ahmed.dirir@bespinglobal.ae performed action {'action': 'Customers:Contact:list', 'resource': ['*'], 'customer': ['*']} successfully
2024-04-19 16:39:50 INFO User ahmed.dirir@bespinglobal.ae performed action {'action': 'Customers:Client:list', 'resource': ['*'], 'customer': ['*']} successfully
2024-04-19 16:39:50 INFO User ahmed.dirir@bespinglobal.ae performed action {'action': 'Customers:SubClient:list', 'resource': ['*'], 'customer': ['*']} successfully
2024-04-19 16:39:50 INFO User ahmed.dirir@bespinglobal.ae performed action {'action': 'Customers:Synthetic:list', 'resource': ['*'], 'customer': ['*']} successfully
2024-04-19 16:39:50 INFO User ahmed.dirir@bespinglobal.ae performed action {'action': 'Customers:Contact:list', 'resource': ['*'], 'customer': ['*']} successfully
2024-04-19 16:40:15 ERROR User ahmed.dirir@bespinglobal.ae failed to perform action {'action': 'Customers:AwsOpportunity:list', 'resource': ['*'], 'customer': ['*']} with error {'error': 'Error fetching rows from Table (aws_opportunity_details)\nUnread result found'}
2024-04-19 16:40:15 INFO User ahmed.dirir@bespinglobal.ae performed action {'action': 'Customers:Opportunity:list', 'resource': ['*'], 'customer': ['*']} successfully
2024-04-19 16:40:15 ERROR User ahmed.dirir@bespinglobal.ae failed to perform action {'action': 'Customers:M365Opportunity:list', 'resource': ['*'], 'customer': ['*']} with error {'error': 'Error fetching rows from Table (m365_opportunity_details)\nUnread result found'}
2024-04-19 16:40:15 INFO User ahmed.dirir@bespinglobal.ae performed action {'action': 'Customers:AzureOpportunity:list', 'resource': ['*'], 'customer': ['*']} successfully
2024-04-19 16:40:19 INFO User ahmed.dirir@bespinglobal.ae performed action {'action': 'Customers:AwsAccount:list', 'resource': ['*'], 'customer': ['*']} successfully
2024-04-19 16:40:19 INFO User ahmed.dirir@bespinglobal.ae performed action {'action': 'Customers:AzureAccount:list', 'resource': ['*'], 'customer': ['*']} successfully
2024-04-19 16:40:19 INFO User ahmed.dirir@bespinglobal.ae performed action {'action': 'Customers:M365Account:list', 'resource': ['*'], 'customer': ['*']} successfully
2024-04-19 16:41:23 INFO User ahmed.dirir@bespinglobal.ae performed action {'action': 'Customers:Client:list', 'resource': ['*'], 'customer': ['*']} successfully
2024-04-19 16:41:23 INFO User ahmed.dirir@bespinglobal.ae performed action {'action': 'Customers:SubClient:list', 'resource': ['*'], 'customer': ['*']} successfully
2024-04-19 16:41:23 ERROR User ahmed.dirir@bespinglobal.ae failed to perform action {'action': 'Customers:Contact:list', 'resource': ['*'], 'customer': ['*']} with error {'error': "Error fetching rows from Table (clients_contacts)\n2014 (HY000): Commands out of sync; you can't run this command now"}
2024-04-19 16:41:23 ERROR User ahmed.dirir@bespinglobal.ae failed to perform action {'action': 'Customers:Synthetic:list', 'resource': ['*'], 'customer': ['*']} with error {'error': "Error fetching rows from Table (clients_url)\n2014 (HY000): Commands out of sync; you can't run this command now"}
2024-04-19 16:42:38 ERROR User ahmed.dirir@bespinglobal.ae failed to perform action {'action': 'Customers:Client:list', 'resource': ['*'], 'customer': ['*']} with error {'error': 'Error fetching rows from Table (clients)\nMySQL Connection not available.'}
2024-04-19 16:42:38 ERROR User ahmed.dirir@bespinglobal.ae failed to perform action {'action': 'Customers:SubClient:list', 'resource': ['*'], 'customer': ['*']} with error {'error': 'Error fetching rows from Table (sub_clients)\nMySQL Connection not available.'}
2024-04-19 16:42:38 ERROR User ahmed.dirir@bespinglobal.ae failed to perform action {'action': 'Customers:Synthetic:list', 'resource': ['*'], 'customer': ['*']} with error {'error': 'Error fetching rows from Table (clients_url)\nMySQL Connection not available.'}
2024-04-19 16:42:38 ERROR User ahmed.dirir@bespinglobal.ae failed to perform action {'action': 'Customers:Contact:list', 'resource': ['*'], 'customer': ['*']} with error {'error': 'Error fetching rows from Table (clients_contacts)\nMySQL Connection not available.'}
2024-04-19 16:42:43 ERROR User ahmed.dirir@bespinglobal.ae failed to perform action {'action': 'Customers:AwsAccount:list', 'resource': ['*'], 'customer': ['*']} with error {'error': 'Error fetching rows from Table (aws_accounts)\nMySQL Connection not available.'}
2024-04-19 16:42:43 ERROR User ahmed.dirir@bespinglobal.ae failed to perform action {'action': 'Customers:AzureAccount:list', 'resource': ['*'], 'customer': ['*']} with error {'error': 'Error fetching rows from Table (azure_accounts)\nMySQL Connection not available.'}
2024-04-19 16:42:43 ERROR User ahmed.dirir@bespinglobal.ae failed to perform action {'action': 'Customers:M365Account:list', 'resource': ['*'], 'customer': ['*']} with error {'error': 'Error fetching rows from Table (m365_accounts)\nMySQL Connection not available.'}
2024-04-19 16:43:00 ERROR User ahmed.dirir@bespinglobal.ae failed to perform action {'action': 'Customers:AzureAccount:list', 'resource': ['*'], 'customer': ['*']} with error {'error': 'Error fetching rows from Table (azure_accounts)\nUnread result found'}
2024-04-19 16:43:00 INFO User ahmed.dirir@bespinglobal.ae performed action {'action': 'Customers:AwsAccount:list', 'resource': ['*'], 'customer': ['*']} successfully
2024-04-19 16:43:00 INFO User ahmed.dirir@bespinglobal.ae performed action {'action': 'Customers:M365Account:list', 'resource': ['*'], 'customer': ['*']} successfully
2024-04-19 16:43:43 INFO User ahmed.dirir@bespinglobal.ae performed action {'action': 'Customers:Product:list', 'resource': ['*'], 'customer': ['*']} successfully
2024-04-19 16:44:07 INFO User ahmed.dirir@bespinglobal.ae performed action {'action': 'Customers:Addon:list', 'resource': ['*'], 'customer': ['*']} successfully
2024-04-19 16:44:12 INFO User ahmed.dirir@bespinglobal.ae performed action {'action': 'Customers:Client:list', 'resource': ['*'], 'customer': ['*']} successfully
2024-04-19 16:44:12 ERROR User ahmed.dirir@bespinglobal.ae failed to perform action {'action': 'Customers:Synthetic:list', 'resource': ['*'], 'customer': ['*']} with error {'error': 'Error fetching rows from Table (clients_url)\nUnread result found'}
2024-04-19 16:44:12 INFO User ahmed.dirir@bespinglobal.ae performed action {'action': 'Customers:SubClient:list', 'resource': ['*'], 'customer': ['*']} successfully
2024-04-19 16:44:12 INFO User ahmed.dirir@bespinglobal.ae performed action {'action': 'Customers:Contact:list', 'resource': ['*'], 'customer': ['*']} successfully
2024-04-19 16:46:44 INFO User ahmed.dirir@bespinglobal.ae performed action {'action': 'Customers:Client:list', 'resource': ['*'], 'customer': ['*']} successfully
2024-04-19 16:48:03 INFO User ahmed.dirir@bespinglobal.ae performed action {'action': 'Customers:Client:list', 'resource': ['*'], 'customer': ['*']} successfully
2024-04-19 16:48:16 INFO User ahmed.dirir@bespinglobal.ae performed action {'action': 'Customers:Client:list', 'resource': ['*'], 'customer': ['*']} successfully
2024-04-19 16:48:21 INFO User ahmed.dirir@bespinglobal.ae performed action {'action': 'Customers:Opportunity:list', 'resource': ['*'], 'customer': ['*']} successfully
2024-04-19 16:49:08 INFO User ahmed.dirir@bespinglobal.ae performed action {'action': 'Customers:Opportunity:list', 'resource': ['*'], 'customer': ['*']} successfully
2024-04-19 16:50:03 INFO User ahmed.dirir@bespinglobal.ae performed action {'action': 'Customers:Opportunity:list', 'resource': ['*'], 'customer': ['*']} successfully
2024-04-19 16:50:08 INFO User ahmed.dirir@bespinglobal.ae performed action {'action': 'Customers:Client:list', 'resource': ['*'], 'customer': ['*']} successfully
2024-04-19 16:51:56 INFO User ahmed.dirir@bespinglobal.ae performed action {'action': 'Customers:Client:list', 'resource': ['*'], 'customer': ['*']} successfully
2024-04-19 16:53:38 INFO User ahmed.dirir@bespinglobal.ae performed action {'action': 'Customers:Client:list', 'resource': ['*'], 'customer': ['*']} successfully
2024-04-19 16:54:15 INFO User ahmed.dirir@bespinglobal.ae performed action {'action': 'Customers:Client:list', 'resource': ['*'], 'customer': ['*']} successfully
2024-04-19 16:54:20 INFO User ahmed.dirir@bespinglobal.ae performed action {'action': 'Customers:Client:list', 'resource': ['*'], 'customer': ['*']} successfully
2024-04-19 16:54:22 INFO User ahmed.dirir@bespinglobal.ae performed action {'action': 'Customers:SubClient:list', 'resource': ['*'], 'customer': ['*']} successfully
2024-04-19 16:54:23 INFO User ahmed.dirir@bespinglobal.ae performed action {'action': 'Customers:Synthetic:list', 'resource': ['*'], 'customer': ['*']} successfully
2024-04-19 16:54:24 INFO User ahmed.dirir@bespinglobal.ae performed action {'action': 'Customers:Contact:list', 'resource': ['*'], 'customer': ['*']} successfully
2024-04-19 16:54:33 INFO User ahmed.dirir@bespinglobal.ae performed action {'action': 'Customers:Client:list', 'resource': ['*'], 'customer': ['*']} successfully
2024-04-19 16:54:35 INFO User ahmed.dirir@bespinglobal.ae performed action {'action': 'Customers:SubClient:list', 'resource': ['*'], 'customer': ['*']} successfully
2024-04-19 16:54:37 INFO User ahmed.dirir@bespinglobal.ae performed action {'action': 'Customers:AwsAccount:list', 'resource': ['*'], 'customer': ['*']} successfully
2024-04-19 16:54:38 INFO User ahmed.dirir@bespinglobal.ae performed action {'action': 'Customers:M365Account:list', 'resource': ['*'], 'customer': ['*']} successfully
2024-04-19 16:54:40 INFO User ahmed.dirir@bespinglobal.ae performed action {'action': 'Customers:AzureAccount:list', 'resource': ['*'], 'customer': ['*']} successfully
2024-04-19 16:54:42 INFO User ahmed.dirir@bespinglobal.ae performed action {'action': 'Customers:AwsAccount:list', 'resource': ['*'], 'customer': ['*']} successfully
2024-04-19 16:54:43 INFO User ahmed.dirir@bespinglobal.ae performed action {'action': 'Customers:AzureAccount:list', 'resource': ['*'], 'customer': ['*']} successfully
2024-04-19 16:54:44 INFO User ahmed.dirir@bespinglobal.ae performed action {'action': 'Customers:M365Account:list', 'resource': ['*'], 'customer': ['*']} successfully
2024-04-19 16:54:45 INFO User ahmed.dirir@bespinglobal.ae performed action {'action': 'Customers:Opportunity:list', 'resource': ['*'], 'customer': ['*']} successfully
2024-04-19 16:54:46 INFO User ahmed.dirir@bespinglobal.ae performed action {'action': 'Customers:AwsOpportunity:list', 'resource': ['*'], 'customer': ['*']} successfully
2024-04-19 16:54:47 INFO User ahmed.dirir@bespinglobal.ae performed action {'action': 'Customers:AzureOpportunity:list', 'resource': ['*'], 'customer': ['*']} successfully
2024-04-19 16:54:48 INFO User ahmed.dirir@bespinglobal.ae performed action {'action': 'Customers:M365Opportunity:list', 'resource': ['*'], 'customer': ['*']} successfully
2024-04-19 16:54:50 INFO User ahmed.dirir@bespinglobal.ae performed action {'action': 'Customers:AzureOpportunity:list', 'resource': ['*'], 'customer': ['*']} successfully
2024-04-19 16:54:51 INFO User ahmed.dirir@bespinglobal.ae performed action {'action': 'Customers:AwsOpportunity:list', 'resource': ['*'], 'customer': ['*']} successfully
2024-04-19 16:54:52 INFO User ahmed.dirir@bespinglobal.ae performed action {'action': 'Customers:Opportunity:list', 'resource': ['*'], 'customer': ['*']} successfully
2024-04-19 16:54:53 INFO User ahmed.dirir@bespinglobal.ae performed action {'action': 'Customers:Product:list', 'resource': ['*'], 'customer': ['*']} successfully
2024-04-19 16:54:53 INFO User ahmed.dirir@bespinglobal.ae performed action {'action': 'Customers:Addon:list', 'resource': ['*'], 'customer': ['*']} successfully
2024-04-19 16:54:54 INFO User ahmed.dirir@bespinglobal.ae performed action {'action': 'Customers:Client:list', 'resource': ['*'], 'customer': ['*']} successfully
2024-04-19 16:54:57 INFO User ahmed.dirir@bespinglobal.ae performed action {'action': 'Customers:Synthetic:list', 'resource': ['*'], 'customer': ['*']} successfully
2024-04-19 16:54:58 INFO User ahmed.dirir@bespinglobal.ae performed action {'action': 'Customers:Contact:list', 'resource': ['*'], 'customer': ['*']} successfully
2024-04-19 16:54:59 INFO User ahmed.dirir@bespinglobal.ae performed action {'action': 'Customers:Client:list', 'resource': ['*'], 'customer': ['*']} successfully
2024-04-19 16:55:00 INFO User ahmed.dirir@bespinglobal.ae performed action {'action': 'Customers:SubClient:list', 'resource': ['*'], 'customer': ['*']} successfully
2024-04-19 16:55:01 INFO User ahmed.dirir@bespinglobal.ae performed action {'action': 'Customers:Synthetic:list', 'resource': ['*'], 'customer': ['*']} successfully
2024-04-19 16:55:09 INFO User ahmed.dirir@bespinglobal.ae performed action {'action': 'Customers:Client:list', 'resource': ['*'], 'customer': ['*']} successfully
2024-04-19 16:55:10 INFO User ahmed.dirir@bespinglobal.ae performed action {'action': 'Customers:SubClient:list', 'resource': ['*'], 'customer': ['*']} successfully
2024-04-19 16:55:11 INFO User ahmed.dirir@bespinglobal.ae performed action {'action': 'Customers:Synthetic:list', 'resource': ['*'], 'customer': ['*']} successfully
2024-04-19 16:55:12 INFO User ahmed.dirir@bespinglobal.ae performed action {'action': 'Customers:Contact:list', 'resource': ['*'], 'customer': ['*']} successfully
2024-04-19 16:55:13 INFO User ahmed.dirir@bespinglobal.ae performed action {'action': 'Customers:AwsAccount:list', 'resource': ['*'], 'customer': ['*']} successfully
2024-04-19 16:55:14 INFO User ahmed.dirir@bespinglobal.ae performed action {'action': 'Customers:AzureAccount:list', 'resource': ['*'], 'customer': ['*']} successfully
2024-04-19 16:55:15 INFO User ahmed.dirir@bespinglobal.ae performed action {'action': 'Customers:M365Account:list', 'resource': ['*'], 'customer': ['*']} successfully
2024-04-19 16:55:17 INFO User ahmed.dirir@bespinglobal.ae performed action {'action': 'Customers:Opportunity:list', 'resource': ['*'], 'customer': ['*']} successfully
2024-04-19 16:55:18 INFO User ahmed.dirir@bespinglobal.ae performed action {'action': 'Customers:AwsOpportunity:list', 'resource': ['*'], 'customer': ['*']} successfully
2024-04-19 16:55:19 INFO User ahmed.dirir@bespinglobal.ae performed action {'action': 'Customers:AzureOpportunity:list', 'resource': ['*'], 'customer': ['*']} successfully
2024-04-19 16:55:20 INFO User ahmed.dirir@bespinglobal.ae performed action {'action': 'Customers:M365Opportunity:list', 'resource': ['*'], 'customer': ['*']} successfully
2024-04-19 16:55:21 INFO User ahmed.dirir@bespinglobal.ae performed action {'action': 'Customers:Product:list', 'resource': ['*'], 'customer': ['*']} successfully
2024-04-19 16:55:22 INFO User ahmed.dirir@bespinglobal.ae performed action {'action': 'Customers:Addon:list', 'resource': ['*'], 'customer': ['*']} successfully
2024-04-19 16:56:10 INFO User ahmed.dirir@bespinglobal.ae performed action {'action': 'Customers:Product:list', 'resource': ['*'], 'customer': ['*']} successfully
2024-04-19 16:56:14 INFO User ahmed.dirir@bespinglobal.ae performed action {'action': 'Customers:Opportunity:list', 'resource': ['*'], 'customer': ['*']} successfully
2024-04-19 16:56:16 INFO User ahmed.dirir@bespinglobal.ae performed action {'action': 'Customers:AwsAccount:list', 'resource': ['*'], 'customer': ['*']} successfully
2024-04-19 16:56:17 INFO User ahmed.dirir@bespinglobal.ae performed action {'action': 'Customers:Client:list', 'resource': ['*'], 'customer': ['*']} successfully
2024-04-19 16:56:20 INFO User ahmed.dirir@bespinglobal.ae performed action {'action': 'Customers:AwsAccount:list', 'resource': ['*'], 'customer': ['*']} successfully
2024-04-19 16:56:21 INFO User ahmed.dirir@bespinglobal.ae performed action {'action': 'Customers:Opportunity:list', 'resource': ['*'], 'customer': ['*']} successfully
2024-04-19 16:56:23 INFO User ahmed.dirir@bespinglobal.ae performed action {'action': 'Customers:Product:list', 'resource': ['*'], 'customer': ['*']} successfully
2024-04-19 16:56:24 INFO User ahmed.dirir@bespinglobal.ae performed action {'action': 'Customers:Addon:list', 'resource': ['*'], 'customer': ['*']} successfully
2024-04-19 16:56:25 INFO User ahmed.dirir@bespinglobal.ae performed action {'action': 'Customers:Product:list', 'resource': ['*'], 'customer': ['*']} successfully
2024-04-19 16:56:25 INFO User ahmed.dirir@bespinglobal.ae performed action {'action': 'Customers:Opportunity:list', 'resource': ['*'], 'customer': ['*']} successfully
2024-04-19 16:56:27 INFO User ahmed.dirir@bespinglobal.ae performed action {'action': 'Customers:AwsAccount:list', 'resource': ['*'], 'customer': ['*']} successfully
2024-04-19 16:56:29 INFO User ahmed.dirir@bespinglobal.ae performed action {'action': 'Customers:Client:list', 'resource': ['*'], 'customer': ['*']} successfully
2024-04-19 16:56:32 INFO User ahmed.dirir@bespinglobal.ae performed action {'action': 'Customers:Addon:list', 'resource': ['*'], 'customer': ['*']} successfully
2024-04-19 16:56:34 INFO User ahmed.dirir@bespinglobal.ae performed action {'action': 'Customers:Product:list', 'resource': ['*'], 'customer': ['*']} successfully
2024-04-19 16:56:35 INFO User ahmed.dirir@bespinglobal.ae performed action {'action': 'Customers:Opportunity:list', 'resource': ['*'], 'customer': ['*']} successfully
2024-04-19 16:56:37 INFO User ahmed.dirir@bespinglobal.ae performed action {'action': 'Customers:AwsAccount:list', 'resource': ['*'], 'customer': ['*']} successfully
2024-04-19 16:56:43 INFO User ahmed.dirir@bespinglobal.ae performed action {'action': 'Customers:Client:list', 'resource': ['*'], 'customer': ['*']} successfully
2024-04-19 16:56:45 INFO User ahmed.dirir@bespinglobal.ae performed action {'action': 'Customers:SubClient:list', 'resource': ['*'], 'customer': ['*']} successfully
2024-04-19 16:56:46 INFO User ahmed.dirir@bespinglobal.ae performed action {'action': 'Customers:Synthetic:list', 'resource': ['*'], 'customer': ['*']} successfully
2024-04-19 16:56:48 INFO User ahmed.dirir@bespinglobal.ae performed action {'action': 'Customers:Contact:list', 'resource': ['*'], 'customer': ['*']} successfully
2024-04-19 16:56:50 INFO User ahmed.dirir@bespinglobal.ae performed action {'action': 'Customers:AwsAccount:list', 'resource': ['*'], 'customer': ['*']} successfully
2024-04-19 16:56:51 INFO User ahmed.dirir@bespinglobal.ae performed action {'action': 'Customers:Opportunity:list', 'resource': ['*'], 'customer': ['*']} successfully
2024-04-19 16:56:52 INFO User ahmed.dirir@bespinglobal.ae performed action {'action': 'Customers:Product:list', 'resource': ['*'], 'customer': ['*']} successfully
2024-04-19 16:56:53 INFO User ahmed.dirir@bespinglobal.ae performed action {'action': 'Customers:Addon:list', 'resource': ['*'], 'customer': ['*']} successfully
2024-04-19 20:56:24 INFO User ahmed.dirir@bespinglobal.ae performed action {'action': 'Customers:AwsAccount:list', 'resource': ['*'], 'customer': ['*']} successfully
2024-04-19 20:56:26 INFO User ahmed.dirir@bespinglobal.ae performed action {'action': 'Customers:AzureAccount:list', 'resource': ['*'], 'customer': ['*']} successfully
2024-04-19 20:56:28 INFO User ahmed.dirir@bespinglobal.ae performed action {'action': 'Customers:M365Account:list', 'resource': ['*'], 'customer': ['*']} successfully
2024-04-19 21:14:19 INFO User ahmed.dirir@bespinglobal.ae performed action {'action': 'Customers:AzureAccount:list', 'resource': ['*'], 'customer': ['*']} successfully
2024-04-19 21:14:20 INFO User ahmed.dirir@bespinglobal.ae performed action {'action': 'Customers:AwsAccount:list', 'resource': ['*'], 'customer': ['*']} successfully
2024-04-19 21:14:21 INFO User ahmed.dirir@bespinglobal.ae performed action {'action': 'Customers:M365Account:list', 'resource': ['*'], 'customer': ['*']} successfully
2024-04-19 21:14:22 INFO User ahmed.dirir@bespinglobal.ae performed action {'action': 'Customers:AzureAccount:list', 'resource': ['*'], 'customer': ['*']} successfully
2024-04-19 21:14:22 INFO User ahmed.dirir@bespinglobal.ae performed action {'action': 'Customers:AwsAccount:list', 'resource': ['*'], 'customer': ['*']} successfully
2024-04-19 21:14:23 INFO User ahmed.dirir@bespinglobal.ae performed action {'action': 'Customers:AzureAccount:list', 'resource': ['*'], 'customer': ['*']} successfully
2024-04-19 21:14:24 INFO User ahmed.dirir@bespinglobal.ae performed action {'action': 'Customers:M365Account:list', 'resource': ['*'], 'customer': ['*']} successfully
2024-04-19 21:14:25 INFO User ahmed.dirir@bespinglobal.ae performed action {'action': 'Customers:AzureAccount:list', 'resource': ['*'], 'customer': ['*']} successfully
2024-04-19 21:14:26 INFO User ahmed.dirir@bespinglobal.ae performed action {'action': 'Customers:AwsAccount:list', 'resource': ['*'], 'customer': ['*']} successfully
2024-04-19 21:32:32 INFO User ahmed.dirir@bespinglobal.ae performed action {'action': 'Customers:AzureAccount:list', 'resource': ['*'], 'customer': ['*']} successfully
2024-04-19 21:32:34 INFO User ahmed.dirir@bespinglobal.ae performed action {'action': 'Customers:M365Account:list', 'resource': ['*'], 'customer': ['*']} successfully
2024-04-19 21:32:35 INFO User ahmed.dirir@bespinglobal.ae performed action {'action': 'Customers:AzureAccount:list', 'resource': ['*'], 'customer': ['*']} successfully
2024-04-19 21:32:36 INFO User ahmed.dirir@bespinglobal.ae performed action {'action': 'Customers:AwsAccount:list', 'resource': ['*'], 'customer': ['*']} successfully
2024-04-19 21:32:37 INFO User ahmed.dirir@bespinglobal.ae performed action {'action': 'Customers:AzureAccount:list', 'resource': ['*'], 'customer': ['*']} successfully
2024-04-19 21:32:37 INFO User ahmed.dirir@bespinglobal.ae performed action {'action': 'Customers:M365Account:list', 'resource': ['*'], 'customer': ['*']} successfully
2024-04-19 21:32:39 INFO User ahmed.dirir@bespinglobal.ae performed action {'action': 'Customers:Opportunity:list', 'resource': ['*'], 'customer': ['*']} successfully
2024-04-19 21:32:40 INFO User ahmed.dirir@bespinglobal.ae performed action {'action': 'Customers:AzureOpportunity:list', 'resource': ['*'], 'customer': ['*']} successfully
2024-04-19 21:32:41 INFO User ahmed.dirir@bespinglobal.ae performed action {'action': 'Customers:AwsOpportunity:list', 'resource': ['*'], 'customer': ['*']} successfully
2024-04-19 21:32:41 INFO User ahmed.dirir@bespinglobal.ae performed action {'action': 'Customers:M365Opportunity:list', 'resource': ['*'], 'customer': ['*']} successfully
2024-04-19 21:32:42 INFO User ahmed.dirir@bespinglobal.ae performed action {'action': 'Customers:AzureOpportunity:list', 'resource': ['*'], 'customer': ['*']} successfully
2024-04-19 21:32:44 INFO User ahmed.dirir@bespinglobal.ae performed action {'action': 'Customers:AwsOpportunity:list', 'resource': ['*'], 'customer': ['*']} successfully
2024-04-19 21:32:49 INFO User ahmed.dirir@bespinglobal.ae performed action {'action': 'Customers:Opportunity:list', 'resource': ['*'], 'customer': ['*']} successfully
2024-04-19 21:36:41 INFO User ahmed.dirir@bespinglobal.ae performed action {'action': 'Customers:Opportunity:list', 'resource': ['*'], 'customer': ['*']} successfully
2024-04-19 21:36:55 INFO User ahmed.dirir@bespinglobal.ae performed action {'action': 'Customers:Opportunity:list', 'resource': ['*'], 'customer': ['*']} successfully
2024-04-19 21:37:01 INFO User ahmed.dirir@bespinglobal.ae performed action {'action': 'Customers:Opportunity:list', 'resource': ['*'], 'customer': ['*']} successfully
2024-04-19 21:39:00 INFO User ahmed.dirir@bespinglobal.ae performed action {'action': 'Customers:Client:list', 'resource': ['*'], 'customer': ['*']} successfully
2024-04-19 21:40:14 INFO User ahmed.dirir@bespinglobal.ae performed action {'action': 'Customers:Opportunity:list', 'resource': ['*'], 'customer': ['*']} successfully
2024-04-19 21:40:17 INFO User ahmed.dirir@bespinglobal.ae performed action {'action': 'Customers:AwsAccount:list', 'resource': ['*'], 'customer': ['*']} successfully
2024-04-19 21:40:22 INFO User ahmed.dirir@bespinglobal.ae performed action {'action': 'Customers:Opportunity:list', 'resource': ['*'], 'customer': ['*']} successfully
2024-04-19 21:40:23 INFO User ahmed.dirir@bespinglobal.ae performed action {'action': 'Customers:AwsOpportunity:list', 'resource': ['*'], 'customer': ['*']} successfully
2024-04-19 21:40:28 INFO User ahmed.dirir@bespinglobal.ae performed action {'action': 'Customers:AwsAccount:list', 'resource': ['*'], 'customer': ['*']} successfully
2024-04-19 21:40:54 INFO User ahmed.dirir@bespinglobal.ae performed action {'action': 'Customers:Opportunity:list', 'resource': ['*'], 'customer': ['*']} successfully
2024-04-19 21:41:36 INFO User ahmed.dirir@bespinglobal.ae performed action {'action': 'Customers:AwsOpportunity:list', 'resource': ['*'], 'customer': ['*']} successfully
2024-04-19 21:41:37 INFO User ahmed.dirir@bespinglobal.ae performed action {'action': 'Customers:AzureOpportunity:list', 'resource': ['*'], 'customer': ['*']} successfully
2024-04-19 21:41:39 INFO User ahmed.dirir@bespinglobal.ae performed action {'action': 'Customers:M365Opportunity:list', 'resource': ['*'], 'customer': ['*']} successfully
2024-04-19 21:44:02 INFO User ahmed.dirir@bespinglobal.ae performed action {'action': 'Customers:Opportunity:list', 'resource': ['*'], 'customer': ['*']} successfully
2024-04-19 21:45:20 INFO User ahmed.dirir@bespinglobal.ae performed action {'action': 'Customers:Opportunity:list', 'resource': ['*'], 'customer': ['*']} successfully
2024-04-19 21:45:47 INFO User ahmed.dirir@bespinglobal.ae performed action {'action': 'Customers:Opportunity:list', 'resource': ['*'], 'customer': ['*']} successfully
2024-04-19 21:46:28 INFO User ahmed.dirir@bespinglobal.ae performed action {'action': 'Customers:Client:list', 'resource': ['*'], 'customer': ['*']} successfully
2024-04-19 21:47:11 INFO User ahmed.dirir@bespinglobal.ae performed action {'action': 'Customers:SubClient:list', 'resource': ['*'], 'customer': ['*']} successfully
2024-04-19 21:49:23 INFO User ahmed.dirir@bespinglobal.ae performed action {'action': 'Customers:AwsAccount:list', 'resource': ['*'], 'customer': ['*']} successfully
2024-04-19 21:49:25 INFO User ahmed.dirir@bespinglobal.ae performed action {'action': 'Customers:Opportunity:list', 'resource': ['*'], 'customer': ['*']} successfully
2024-04-19 21:49:35 INFO User ahmed.dirir@bespinglobal.ae performed action {'action': 'Customers:AwsAccount:list', 'resource': ['*'], 'customer': ['*']} successfully
2024-04-19 21:49:47 INFO User ahmed.dirir@bespinglobal.ae performed action {'action': 'Customers:Client:list', 'resource': ['*'], 'customer': ['*']} successfully
2024-04-19 21:52:01 INFO User ahmed.dirir@bespinglobal.ae performed action {'action': 'Customers:Product:list', 'resource': ['*'], 'customer': ['*']} successfully
2024-04-19 21:52:09 INFO User ahmed.dirir@bespinglobal.ae performed action {'action': 'Customers:Addon:list', 'resource': ['*'], 'customer': ['*']} successfully
2024-04-19 21:52:53 INFO User ahmed.dirir@bespinglobal.ae performed action {'action': 'Customers:Addon:list', 'resource': ['*'], 'customer': ['*']} successfully
2024-04-19 21:53:02 INFO User ahmed.dirir@bespinglobal.ae performed action {'action': 'Customers:Product:list', 'resource': ['*'], 'customer': ['*']} successfully
2024-04-19 21:54:04 INFO User ahmed.dirir@bespinglobal.ae performed action {'action': 'Customers:Client:list', 'resource': ['*'], 'customer': ['*']} successfully
2024-04-19 21:54:16 INFO User ahmed.dirir@bespinglobal.ae performed action {'action': 'Customers:SubClient:list', 'resource': ['*'], 'customer': ['*']} successfully
2024-04-19 21:54:28 INFO User ahmed.dirir@bespinglobal.ae performed action {'action': 'Customers:AwsAccount:list', 'resource': ['*'], 'customer': ['*']} successfully
2024-04-19 21:54:39 INFO User ahmed.dirir@bespinglobal.ae performed action {'action': 'Customers:Opportunity:list', 'resource': ['*'], 'customer': ['*']} successfully
2024-04-19 21:54:49 INFO User ahmed.dirir@bespinglobal.ae performed action {'action': 'Customers:Product:list', 'resource': ['*'], 'customer': ['*']} successfully
2024-04-19 21:54:49 INFO User ahmed.dirir@bespinglobal.ae performed action {'action': 'Customers:Addon:list', 'resource': ['*'], 'customer': ['*']} successfully
2024-04-19 21:54:50 INFO User ahmed.dirir@bespinglobal.ae performed action {'action': 'Customers:Client:list', 'resource': ['*'], 'customer': ['*']} successfully
2024-04-19 21:58:02 INFO User ahmed.dirir@bespinglobal.ae performed action {'action': 'Customers:Client:list', 'resource': ['*'], 'customer': ['*']} successfully
2024-04-19 22:12:21 INFO User ahmed.dirir@bespinglobal.ae performed action {'action': 'Customers:SubClient:list', 'resource': ['*'], 'customer': ['*']} successfully
2024-04-19 22:12:26 INFO User ahmed.dirir@bespinglobal.ae performed action {'action': 'Customers:AwsAccount:list', 'resource': ['*'], 'customer': ['*']} successfully
2024-04-19 22:12:32 INFO User ahmed.dirir@bespinglobal.ae performed action {'action': 'Customers:AzureAccount:list', 'resource': ['*'], 'customer': ['*']} successfully
2024-04-19 22:12:32 INFO User ahmed.dirir@bespinglobal.ae performed action {'action': 'Customers:M365Account:list', 'resource': ['*'], 'customer': ['*']} successfully
2024-04-19 22:12:35 INFO User ahmed.dirir@bespinglobal.ae performed action {'action': 'Customers:AwsAccount:list', 'resource': ['*'], 'customer': ['*']} successfully
2024-04-19 22:13:53 INFO User ahmed.dirir@bespinglobal.ae performed action {'action': 'Customers:Client:list', 'resource': ['*'], 'customer': ['*']} successfully
2024-04-19 22:13:57 INFO User ahmed.dirir@bespinglobal.ae performed action {'action': 'Customers:SubClient:list', 'resource': ['*'], 'customer': ['*']} successfully
2024-04-19 22:13:57 INFO User ahmed.dirir@bespinglobal.ae performed action {'action': 'Customers:Synthetic:list', 'resource': ['*'], 'customer': ['*']} successfully
2024-04-19 22:13:58 INFO User ahmed.dirir@bespinglobal.ae performed action {'action': 'Customers:Contact:list', 'resource': ['*'], 'customer': ['*']} successfully
2024-04-19 22:14:02 INFO User ahmed.dirir@bespinglobal.ae performed action {'action': 'Customers:AwsAccount:list', 'resource': ['*'], 'customer': ['*']} successfully
2024-04-19 22:14:03 INFO User ahmed.dirir@bespinglobal.ae performed action {'action': 'Customers:Opportunity:list', 'resource': ['*'], 'customer': ['*']} successfully
2024-04-19 22:14:03 INFO User ahmed.dirir@bespinglobal.ae performed action {'action': 'Customers:Product:list', 'resource': ['*'], 'customer': ['*']} successfully
2024-04-19 22:14:05 INFO User ahmed.dirir@bespinglobal.ae performed action {'action': 'Customers:Addon:list', 'resource': ['*'], 'customer': ['*']} successfully
2024-04-19 22:17:59 INFO User ahmed.dirir@bespinglobal.ae performed action {'action': 'Customers:Addon:list', 'resource': ['*'], 'customer': ['*']} successfully
2024-04-21 17:51:28 INFO User ahmed.dirir@bespinglobal.ae performed action {'action': 'Customers:Addon:list', 'resource': ['*'], 'customer': ['*']} successfully
2024-04-21 17:51:30 INFO User ahmed.dirir@bespinglobal.ae performed action {'action': 'Customers:Client:list', 'resource': ['*'], 'customer': ['*']} successfully
2024-04-21 17:51:31 INFO User ahmed.dirir@bespinglobal.ae performed action {'action': 'Customers:SubClient:list', 'resource': ['*'], 'customer': ['*']} successfully
2024-04-21 17:51:33 INFO User ahmed.dirir@bespinglobal.ae performed action {'action': 'Customers:Synthetic:list', 'resource': ['*'], 'customer': ['*']} successfully
2024-04-21 17:51:34 INFO User ahmed.dirir@bespinglobal.ae performed action {'action': 'Customers:Contact:list', 'resource': ['*'], 'customer': ['*']} successfully
2024-04-21 17:51:47 INFO User ahmed.dirir@bespinglobal.ae performed action {'action': 'Customers:Synthetic:list', 'resource': ['*'], 'customer': ['*']} successfully
2024-04-21 17:51:48 INFO User ahmed.dirir@bespinglobal.ae performed action {'action': 'Customers:SubClient:list', 'resource': ['*'], 'customer': ['*']} successfully
2024-04-21 17:51:49 INFO User ahmed.dirir@bespinglobal.ae performed action {'action': 'Customers:Client:list', 'resource': ['*'], 'customer': ['*']} successfully
2024-04-21 17:51:52 INFO User ahmed.dirir@bespinglobal.ae performed action {'action': 'Customers:SubClient:list', 'resource': ['*'], 'customer': ['*']} successfully
2024-04-21 17:51:53 INFO User ahmed.dirir@bespinglobal.ae performed action {'action': 'Customers:Synthetic:list', 'resource': ['*'], 'customer': ['*']} successfully
2024-04-21 17:51:54 INFO User ahmed.dirir@bespinglobal.ae performed action {'action': 'Customers:Contact:list', 'resource': ['*'], 'customer': ['*']} successfully
2024-04-21 17:52:14 INFO User ahmed.dirir@bespinglobal.ae performed action {'action': 'Customers:Synthetic:list', 'resource': ['*'], 'customer': ['*']} successfully
2024-04-21 17:52:16 INFO User ahmed.dirir@bespinglobal.ae performed action {'action': 'Customers:SubClient:list', 'resource': ['*'], 'customer': ['*']} successfully
2024-04-21 17:52:19 INFO User ahmed.dirir@bespinglobal.ae performed action {'action': 'Customers:Client:list', 'resource': ['*'], 'customer': ['*']} successfully
2024-04-21 17:54:37 INFO User ahmed.dirir@bespinglobal.ae performed action {'action': 'Customers:Client:list', 'resource': ['*'], 'customer': ['*']} successfully
2024-04-21 17:55:02 INFO User ahmed.dirir@bespinglobal.ae performed action {'action': 'Customers:Client:list', 'resource': ['*'], 'customer': ['*']} successfully
2024-04-21 17:55:30 INFO User ahmed.dirir@bespinglobal.ae performed action {'action': 'Customers:Client:list', 'resource': ['*'], 'customer': ['*']} successfully
2024-04-21 17:55:43 INFO User ahmed.dirir@bespinglobal.ae performed action {'action': 'Customers:Client:list', 'resource': ['*'], 'customer': ['*']} successfully
2024-04-21 17:56:02 INFO User ahmed.dirir@bespinglobal.ae performed action {'action': 'Customers:Client:list', 'resource': ['*'], 'customer': ['*']} successfully
2024-04-21 17:56:46 INFO User ahmed.dirir@bespinglobal.ae performed action {'action': 'Customers:Client:list', 'resource': ['*'], 'customer': ['*']} successfully
2024-04-21 17:57:10 INFO User ahmed.dirir@bespinglobal.ae performed action {'action': 'Customers:Client:list', 'resource': ['*'], 'customer': ['*']} successfully
2024-04-21 18:00:17 INFO User ahmed.dirir@bespinglobal.ae performed action {'action': 'Customers:Client:list', 'resource': ['*'], 'customer': ['*']} successfully
2024-04-21 18:00:20 INFO User ahmed.dirir@bespinglobal.ae performed action {'action': 'Customers:Client:list', 'resource': ['*'], 'customer': ['*']} successfully
2024-04-21 18:01:14 INFO User ahmed.dirir@bespinglobal.ae performed action {'action': 'Customers:Client:list', 'resource': ['*'], 'customer': ['*']} successfully
2024-04-21 18:01:25 INFO User ahmed.dirir@bespinglobal.ae performed action {'action': 'Customers:AwsAccount:list', 'resource': ['*'], 'customer': ['*']} successfully
2024-04-21 18:01:31 INFO User ahmed.dirir@bespinglobal.ae performed action {'action': 'Customers:AzureAccount:list', 'resource': ['*'], 'customer': ['*']} successfully
2024-04-21 18:01:33 INFO User ahmed.dirir@bespinglobal.ae performed action {'action': 'Customers:M365Account:list', 'resource': ['*'], 'customer': ['*']} successfully
2024-04-21 18:01:35 INFO User ahmed.dirir@bespinglobal.ae performed action {'action': 'Customers:Opportunity:list', 'resource': ['*'], 'customer': ['*']} successfully
2024-04-21 18:01:37 INFO User ahmed.dirir@bespinglobal.ae performed action {'action': 'Customers:AwsOpportunity:list', 'resource': ['*'], 'customer': ['*']} successfully
2024-04-21 18:01:40 INFO User ahmed.dirir@bespinglobal.ae performed action {'action': 'Customers:AzureOpportunity:list', 'resource': ['*'], 'customer': ['*']} successfully
2024-04-21 18:01:43 INFO User ahmed.dirir@bespinglobal.ae performed action {'action': 'Customers:M365Opportunity:list', 'resource': ['*'], 'customer': ['*']} successfully
2024-04-21 18:01:45 INFO User ahmed.dirir@bespinglobal.ae performed action {'action': 'Customers:Product:list', 'resource': ['*'], 'customer': ['*']} successfully
2024-04-21 18:01:47 INFO User ahmed.dirir@bespinglobal.ae performed action {'action': 'Customers:Addon:list', 'resource': ['*'], 'customer': ['*']} successfully
2024-04-21 18:03:53 INFO User ahmed.dirir@bespinglobal.ae performed action {'action': 'Customers:Addon:list', 'resource': ['*'], 'customer': ['*']} successfully
2024-04-21 18:04:00 INFO User ahmed.dirir@bespinglobal.ae performed action {'action': 'Customers:Addon:list', 'resource': ['*'], 'customer': ['*']} successfully
2024-04-21 18:04:03 INFO User ahmed.dirir@bespinglobal.ae performed action {'action': 'Customers:Client:list', 'resource': ['*'], 'customer': ['*']} successfully
2024-04-21 18:04:07 INFO User ahmed.dirir@bespinglobal.ae performed action {'action': 'Customers:SubClient:list', 'resource': ['*'], 'customer': ['*']} successfully
2024-04-21 18:04:10 INFO User ahmed.dirir@bespinglobal.ae performed action {'action': 'Customers:Contact:list', 'resource': ['*'], 'customer': ['*']} successfully
2024-04-21 18:04:31 INFO User ahmed.dirir@bespinglobal.ae performed action {'action': 'Customers:Contact:list', 'resource': ['*'], 'customer': ['*']} successfully
2024-04-21 18:04:33 INFO User ahmed.dirir@bespinglobal.ae performed action {'action': 'Customers:Client:list', 'resource': ['*'], 'customer': ['*']} successfully
2024-04-21 18:04:34 INFO User ahmed.dirir@bespinglobal.ae performed action {'action': 'Customers:Synthetic:list', 'resource': ['*'], 'customer': ['*']} successfully
2024-04-21 18:04:38 INFO User ahmed.dirir@bespinglobal.ae performed action {'action': 'Customers:AwsAccount:list', 'resource': ['*'], 'customer': ['*']} successfully
2024-04-21 18:04:40 INFO User ahmed.dirir@bespinglobal.ae performed action {'action': 'Customers:AzureAccount:list', 'resource': ['*'], 'customer': ['*']} successfully
2024-04-21 18:04:41 INFO User ahmed.dirir@bespinglobal.ae performed action {'action': 'Customers:M365Account:list', 'resource': ['*'], 'customer': ['*']} successfully
2024-04-21 18:04:44 INFO User ahmed.dirir@bespinglobal.ae performed action {'action': 'Customers:Opportunity:list', 'resource': ['*'], 'customer': ['*']} successfully
2024-04-21 18:04:45 INFO User ahmed.dirir@bespinglobal.ae performed action {'action': 'Customers:AwsOpportunity:list', 'resource': ['*'], 'customer': ['*']} successfully
2024-04-21 18:04:47 INFO User ahmed.dirir@bespinglobal.ae performed action {'action': 'Customers:AzureOpportunity:list', 'resource': ['*'], 'customer': ['*']} successfully
2024-04-21 18:04:48 INFO User ahmed.dirir@bespinglobal.ae performed action {'action': 'Customers:M365Opportunity:list', 'resource': ['*'], 'customer': ['*']} successfully
2024-04-21 18:04:50 INFO User ahmed.dirir@bespinglobal.ae performed action {'action': 'Customers:Product:list', 'resource': ['*'], 'customer': ['*']} successfully
2024-04-21 18:04:51 INFO User ahmed.dirir@bespinglobal.ae performed action {'action': 'Customers:Addon:list', 'resource': ['*'], 'customer': ['*']} successfully
2024-04-21 18:11:25 INFO User ahmed.dirir@bespinglobal.ae performed action {'action': 'Customers:Client:list', 'resource': ['*'], 'customer': ['*']} successfully
2024-04-21 19:40:27 INFO User ahmed.dirir@bespinglobal.ae performed action {'action': 'Customers:Client:list', 'resource': ['*'], 'customer': ['*']} successfully
2024-04-21 19:40:52 INFO User ahmed.dirir@bespinglobal.ae performed action {'action': 'Customers:Client:list', 'resource': ['*'], 'customer': ['*']} successfully
2024-04-21 19:42:13 INFO User ahmed.dirir@bespinglobal.ae performed action {'action': 'Customers:Client:list', 'resource': ['*'], 'customer': ['*']} successfully
2024-04-21 19:44:18 INFO User ahmed.dirir@bespinglobal.ae performed action {'action': 'Customers:Client:list', 'resource': ['*'], 'customer': ['*']} successfully
2024-04-21 19:45:11 INFO User ahmed.dirir@bespinglobal.ae performed action {'action': 'Customers:Client:list', 'resource': ['*'], 'customer': ['*']} successfully
2024-04-21 19:46:18 INFO User ahmed.dirir@bespinglobal.ae performed action {'action': 'Customers:Client:list', 'resource': ['*'], 'customer': ['*']} successfully
2024-04-21 19:46:26 INFO User ahmed.dirir@bespinglobal.ae performed action {'action': 'Customers:Opportunity:list', 'resource': ['*'], 'customer': ['*']} successfully
2024-04-21 19:46:39 INFO User ahmed.dirir@bespinglobal.ae performed action {'action': 'Customers:Client:list', 'resource': ['*'], 'customer': ['*']} successfully
2024-04-21 19:46:53 INFO User ahmed.dirir@bespinglobal.ae performed action {'action': 'Customers:Client:list', 'resource': ['*'], 'customer': ['*']} successfully
2024-04-21 19:50:03 INFO User ahmed.dirir@bespinglobal.ae performed action {'action': 'Customers:Client:list', 'resource': ['*'], 'customer': ['*']} successfully
2024-04-21 19:50:31 INFO User ahmed.dirir@bespinglobal.ae performed action {'action': 'Customers:Client:list', 'resource': ['*'], 'customer': ['*']} successfully
2024-04-21 19:51:12 INFO User ahmed.dirir@bespinglobal.ae performed action {'action': 'Customers:Client:list', 'resource': ['*'], 'customer': ['*']} successfully
2024-04-21 19:52:11 INFO User ahmed.dirir@bespinglobal.ae performed action {'action': 'Customers:Client:list', 'resource': ['*'], 'customer': ['*']} successfully
2024-04-21 19:53:40 INFO User ahmed.dirir@bespinglobal.ae performed action {'action': 'Customers:Client:list', 'resource': ['*'], 'customer': ['*']} successfully
2024-04-21 19:53:50 INFO User ahmed.dirir@bespinglobal.ae performed action {'action': 'Customers:Client:list', 'resource': ['*'], 'customer': ['*']} successfully
2024-04-21 19:54:49 INFO User ahmed.dirir@bespinglobal.ae performed action {'action': 'Customers:Client:list', 'resource': ['*'], 'customer': ['*']} successfully
2024-04-21 19:54:51 INFO User ahmed.dirir@bespinglobal.ae performed action {'action': 'Customers:Opportunity:list', 'resource': ['*'], 'customer': ['*']} successfully
2024-04-21 19:54:55 INFO User ahmed.dirir@bespinglobal.ae performed action {'action': 'Customers:AwsOpportunity:list', 'resource': ['*'], 'customer': ['*']} successfully
2024-04-21 19:54:57 INFO User ahmed.dirir@bespinglobal.ae performed action {'action': 'Customers:Client:list', 'resource': ['*'], 'customer': ['*']} successfully
2024-04-21 19:54:59 INFO User ahmed.dirir@bespinglobal.ae performed action {'action': 'Customers:SubClient:list', 'resource': ['*'], 'customer': ['*']} successfully
2024-04-21 19:55:19 INFO User ahmed.dirir@bespinglobal.ae performed action {'action': 'Customers:SubClient:list', 'resource': ['*'], 'customer': ['*']} successfully
2024-04-21 19:55:26 INFO User ahmed.dirir@bespinglobal.ae performed action {'action': 'Customers:SubClient:list', 'resource': ['*'], 'customer': ['*']} successfully
2024-04-21 19:55:40 INFO User ahmed.dirir@bespinglobal.ae performed action {'action': 'Customers:SubClient:list', 'resource': ['*'], 'customer': ['*']} successfully
2024-04-21 19:56:02 INFO User ahmed.dirir@bespinglobal.ae performed action {'action': 'Customers:Opportunity:list', 'resource': ['*'], 'customer': ['*']} successfully
2024-04-21 19:56:04 INFO User ahmed.dirir@bespinglobal.ae performed action {'action': 'Customers:Product:list', 'resource': ['*'], 'customer': ['*']} successfully
2024-04-21 19:56:05 INFO User ahmed.dirir@bespinglobal.ae performed action {'action': 'Customers:Addon:list', 'resource': ['*'], 'customer': ['*']} successfully
2024-04-21 19:56:07 INFO User ahmed.dirir@bespinglobal.ae performed action {'action': 'Customers:Opportunity:list', 'resource': ['*'], 'customer': ['*']} successfully
2024-04-21 19:56:09 INFO User ahmed.dirir@bespinglobal.ae performed action {'action': 'Customers:Client:list', 'resource': ['*'], 'customer': ['*']} successfully
2024-04-21 19:56:10 INFO User ahmed.dirir@bespinglobal.ae performed action {'action': 'Customers:SubClient:list', 'resource': ['*'], 'customer': ['*']} successfully
2024-04-21 19:56:22 INFO User ahmed.dirir@bespinglobal.ae performed action {'action': 'Customers:SubClient:delete', 'resource': ['*'], 'customer': ['*']} successfully
2024-04-21 19:58:34 INFO User ahmed.dirir@bespinglobal.ae performed action {'action': 'Customers:SubClient:list', 'resource': ['*'], 'customer': ['*']} successfully
2024-04-21 19:58:34 INFO User ahmed.dirir@bespinglobal.ae performed action {'action': 'Customers:SubClient:list', 'resource': ['*'], 'customer': ['*']} successfully
2024-04-21 19:58:49 INFO User ahmed.dirir@bespinglobal.ae performed action {'action': 'Customers:SubClient:list', 'resource': ['*'], 'customer': ['*']} successfully
2024-04-21 19:58:49 INFO User ahmed.dirir@bespinglobal.ae performed action {'action': 'Customers:SubClient:list', 'resource': ['*'], 'customer': ['*']} successfully
2024-04-21 20:02:22 INFO User ahmed.dirir@bespinglobal.ae performed action {'action': 'Customers:SubClient:list', 'resource': ['*'], 'customer': ['*']} successfully
2024-04-21 20:02:22 INFO User ahmed.dirir@bespinglobal.ae performed action {'action': 'Customers:SubClient:list', 'resource': ['*'], 'customer': ['*']} successfully
2024-04-21 20:04:05 INFO User ahmed.dirir@bespinglobal.ae performed action {'action': 'Customers:SubClient:list', 'resource': ['*'], 'customer': ['*']} successfully
2024-04-21 20:04:05 INFO User ahmed.dirir@bespinglobal.ae performed action {'action': 'Customers:SubClient:list', 'resource': ['*'], 'customer': ['*']} successfully
2024-04-21 20:04:59 INFO User ahmed.dirir@bespinglobal.ae performed action {'action': 'Customers:SubClient:list', 'resource': ['*'], 'customer': ['*']} successfully
2024-04-21 20:05:00 INFO User ahmed.dirir@bespinglobal.ae performed action {'action': 'Customers:SubClient:list', 'resource': ['*'], 'customer': ['*']} successfully
2024-04-21 20:05:23 INFO User ahmed.dirir@bespinglobal.ae performed action {'action': 'Customers:SubClient:list', 'resource': ['*'], 'customer': ['*']} successfully
2024-04-21 20:05:23 INFO User ahmed.dirir@bespinglobal.ae performed action {'action': 'Customers:SubClient:list', 'resource': ['*'], 'customer': ['*']} successfully
2024-04-21 20:07:32 INFO User ahmed.dirir@bespinglobal.ae performed action {'action': 'Customers:Client:list', 'resource': ['*'], 'customer': ['*']} successfully
2024-04-21 20:07:34 INFO User ahmed.dirir@bespinglobal.ae performed action {'action': 'Customers:SubClient:list', 'resource': ['*'], 'customer': ['*']} successfully
2024-04-21 20:07:39 INFO User ahmed.dirir@bespinglobal.ae performed action {'action': 'Customers:SubClient:list', 'resource': ['*'], 'customer': ['*']} successfully
2024-04-21 20:10:12 ERROR User ahmed.dirir@bespinglobal.ae failed to perform action {'action': 'Customers:SubClient:list', 'resource': ['*'], 'customer': ['*']} with error {'error': 'Error fetching rows from Table (sub_clients)\nMySQL Connection not available.'}
2024-04-21 20:10:12 ERROR User ahmed.dirir@bespinglobal.ae failed to perform action {'action': 'Customers:SubClient:list', 'resource': ['*'], 'customer': ['*']} with error {'error': "Error fetching rows from Table (sub_clients)\n2014 (HY000): Commands out of sync; you can't run this command now"}
2024-04-21 20:10:29 INFO User ahmed.dirir@bespinglobal.ae performed action {'action': 'Customers:SubClient:list', 'resource': ['*'], 'customer': ['*']} successfully
2024-04-21 20:10:46 INFO User ahmed.dirir@bespinglobal.ae performed action {'action': 'Customers:SubClient:list', 'resource': ['*'], 'customer': ['*']} successfully
2024-04-21 20:10:55 INFO User ahmed.dirir@bespinglobal.ae performed action {'action': 'Customers:SubClient:list', 'resource': ['*'], 'customer': ['*']} successfully
2024-04-21 20:11:12 INFO User ahmed.dirir@bespinglobal.ae performed action {'action': 'Customers:SubClient:list', 'resource': ['*'], 'customer': ['*']} successfully
2024-04-21 20:11:36 INFO User ahmed.dirir@bespinglobal.ae performed action {'action': 'Customers:SubClient:list', 'resource': ['*'], 'customer': ['*']} successfully
2024-04-21 20:12:27 INFO User ahmed.dirir@bespinglobal.ae performed action {'action': 'Customers:SubClient:list', 'resource': ['*'], 'customer': ['*']} successfully
2024-04-21 20:12:41 INFO User ahmed.dirir@bespinglobal.ae performed action {'action': 'Customers:SubClient:list', 'resource': ['*'], 'customer': ['*']} successfully
2024-04-21 20:13:46 INFO User ahmed.dirir@bespinglobal.ae performed action {'action': 'Customers:SubClient:list', 'resource': ['*'], 'customer': ['*']} successfully
2024-04-21 20:15:23 INFO User ahmed.dirir@bespinglobal.ae performed action {'action': 'Customers:SubClient:list', 'resource': ['*'], 'customer': ['*']} successfully
2024-04-21 20:16:05 INFO User ahmed.dirir@bespinglobal.ae performed action {'action': 'Customers:SubClient:list', 'resource': ['*'], 'customer': ['*']} successfully
2024-04-21 20:16:25 INFO User ahmed.dirir@bespinglobal.ae performed action {'action': 'Customers:SubClient:list', 'resource': ['*'], 'customer': ['*']} successfully
2024-04-21 20:16:34 INFO User ahmed.dirir@bespinglobal.ae performed action {'action': 'Customers:SubClient:list', 'resource': ['*'], 'customer': ['*']} successfully
2024-04-21 20:17:31 INFO User ahmed.dirir@bespinglobal.ae performed action {'action': 'Customers:Client:list', 'resource': ['*'], 'customer': ['*']} successfully
2024-04-21 20:17:32 INFO User ahmed.dirir@bespinglobal.ae performed action {'action': 'Customers:SubClient:list', 'resource': ['*'], 'customer': ['*']} successfully
2024-04-21 20:17:34 INFO User ahmed.dirir@bespinglobal.ae performed action {'action': 'Customers:Contact:list', 'resource': ['*'], 'customer': ['*']} successfully
2024-04-21 20:18:19 INFO User ahmed.dirir@bespinglobal.ae performed action {'action': 'Customers:Contact:list', 'resource': ['*'], 'customer': ['*']} successfully
2024-04-21 20:18:37 INFO User ahmed.dirir@bespinglobal.ae performed action {'action': 'Customers:SubClient:list', 'resource': ['*'], 'customer': ['*']} successfully
2024-04-21 20:19:21 INFO User ahmed.dirir@bespinglobal.ae performed action {'action': 'Customers:SubClient:list', 'resource': ['*'], 'customer': ['*']} successfully
2024-04-21 20:19:21 INFO User ahmed.dirir@bespinglobal.ae performed action {'action': 'Customers:Contact:list', 'resource': ['*'], 'customer': ['*']} successfully
2024-04-21 20:19:37 INFO User ahmed.dirir@bespinglobal.ae performed action {'action': 'Customers:SubClient:list', 'resource': ['*'], 'customer': ['*']} successfully
2024-04-21 20:19:42 INFO User ahmed.dirir@bespinglobal.ae performed action {'action': 'Customers:SubClient:list', 'resource': ['*'], 'customer': ['*']} successfully
2024-04-21 20:27:45 INFO User ahmed.dirir@bespinglobal.ae performed action {'action': 'Customers:Client:list', 'resource': ['*'], 'customer': ['*']} successfully
2024-04-21 20:27:46 INFO User ahmed.dirir@bespinglobal.ae performed action {'action': 'Customers:SubClient:list', 'resource': ['*'], 'customer': ['*']} successfully
2024-04-21 20:27:48 INFO User ahmed.dirir@bespinglobal.ae performed action {'action': 'Customers:Contact:list', 'resource': ['*'], 'customer': ['*']} successfully
2024-04-21 20:27:50 INFO User ahmed.dirir@bespinglobal.ae performed action {'action': 'Customers:Synthetic:list', 'resource': ['*'], 'customer': ['*']} successfully
2024-04-21 20:27:59 INFO User ahmed.dirir@bespinglobal.ae performed action {'action': 'Customers:Opportunity:list', 'resource': ['*'], 'customer': ['*']} successfully
2024-04-21 22:01:48 INFO User ahmed.dirir@bespinglobal.ae performed action {'action': 'Customers:Opportunity:list', 'resource': ['*'], 'customer': ['*']} successfully
2024-04-21 22:01:48 INFO User ahmed.dirir@bespinglobal.ae performed action {'action': 'Customers:SubClient:list', 'resource': ['*'], 'customer': ['*']} successfully
2024-04-21 22:08:08 INFO User ahmed.dirir@bespinglobal.ae performed action {'action': 'Customers:Client:list', 'resource': ['*'], 'customer': ['*']} successfully
2024-04-21 22:08:13 INFO User ahmed.dirir@bespinglobal.ae performed action {'action': 'Customers:SubClient:list', 'resource': ['*'], 'customer': ['*']} successfully
2024-04-21 22:08:14 INFO User ahmed.dirir@bespinglobal.ae performed action {'action': 'Customers:Client:list', 'resource': ['*'], 'customer': ['*']} successfully
2024-04-21 22:08:14 INFO User ahmed.dirir@bespinglobal.ae performed action {'action': 'Customers:SubClient:list', 'resource': ['*'], 'customer': ['*']} successfully
2024-04-21 22:08:15 INFO User ahmed.dirir@bespinglobal.ae performed action {'action': 'Customers:Client:list', 'resource': ['*'], 'customer': ['*']} successfully
2024-04-21 22:08:16 INFO User ahmed.dirir@bespinglobal.ae performed action {'action': 'Customers:SubClient:list', 'resource': ['*'], 'customer': ['*']} successfully
2024-04-21 22:08:53 INFO User ahmed.dirir@bespinglobal.ae performed action {'action': 'Customers:SubClient:list', 'resource': ['*'], 'customer': ['*']} successfully
2024-04-21 22:08:54 INFO User ahmed.dirir@bespinglobal.ae performed action {'action': 'Customers:SubClient:list', 'resource': ['*'], 'customer': ['*']} successfully
2024-04-21 22:09:02 INFO User ahmed.dirir@bespinglobal.ae performed action {'action': 'Customers:SubClient:list', 'resource': ['*'], 'customer': ['*']} successfully
2024-04-21 22:09:50 INFO User ahmed.dirir@bespinglobal.ae performed action {'action': 'Customers:SubClient:list', 'resource': ['*'], 'customer': ['*']} successfully
2024-04-21 22:23:31 INFO User ahmed.dirir@bespinglobal.ae performed action {'action': 'Customers:SubClient:list', 'resource': ['*'], 'customer': ['*']} successfully
2024-04-21 22:24:44 INFO User ahmed.dirir@bespinglobal.ae performed action {'action': 'Customers:SubClient:list', 'resource': ['*'], 'customer': ['*']} successfully
2024-04-21 22:25:07 INFO User ahmed.dirir@bespinglobal.ae performed action {'action': 'Customers:SubClient:list', 'resource': ['*'], 'customer': ['*']} successfully
2024-04-21 22:25:21 INFO User ahmed.dirir@bespinglobal.ae performed action {'action': 'Customers:Client:list', 'resource': ['*'], 'customer': ['*']} successfully
2024-04-21 22:25:28 INFO User ahmed.dirir@bespinglobal.ae performed action {'action': 'Customers:SubClient:list', 'resource': ['*'], 'customer': ['*']} successfully
2024-04-21 22:25:35 INFO User ahmed.dirir@bespinglobal.ae performed action {'action': 'Customers:Contact:list', 'resource': ['*'], 'customer': ['*']} successfully
2024-04-21 22:25:36 INFO User ahmed.dirir@bespinglobal.ae performed action {'action': 'Customers:Synthetic:list', 'resource': ['*'], 'customer': ['*']} successfully
2024-04-21 22:25:37 INFO User ahmed.dirir@bespinglobal.ae performed action {'action': 'Customers:Contact:list', 'resource': ['*'], 'customer': ['*']} successfully
2024-04-21 22:25:37 INFO User ahmed.dirir@bespinglobal.ae performed action {'action': 'Customers:SubClient:list', 'resource': ['*'], 'customer': ['*']} successfully
2024-04-21 22:25:39 INFO User ahmed.dirir@bespinglobal.ae performed action {'action': 'Customers:Client:list', 'resource': ['*'], 'customer': ['*']} successfully
2024-04-21 22:25:51 INFO User ahmed.dirir@bespinglobal.ae performed action {'action': 'Customers:AwsAccount:list', 'resource': ['*'], 'customer': ['*']} successfully
2024-04-21 22:26:19 INFO User ahmed.dirir@bespinglobal.ae performed action {'action': 'Customers:Opportunity:list', 'resource': ['*'], 'customer': ['*']} successfully
2024-04-21 22:26:21 INFO User ahmed.dirir@bespinglobal.ae performed action {'action': 'Customers:AwsOpportunity:list', 'resource': ['*'], 'customer': ['*']} successfully
2024-04-21 22:26:21 INFO User ahmed.dirir@bespinglobal.ae performed action {'action': 'Customers:AzureOpportunity:list', 'resource': ['*'], 'customer': ['*']} successfully
2024-04-21 22:26:22 INFO User ahmed.dirir@bespinglobal.ae performed action {'action': 'Customers:M365Opportunity:list', 'resource': ['*'], 'customer': ['*']} successfully
2024-04-21 22:26:23 INFO User ahmed.dirir@bespinglobal.ae performed action {'action': 'Customers:Opportunity:list', 'resource': ['*'], 'customer': ['*']} successfully
2024-04-21 22:26:24 INFO User ahmed.dirir@bespinglobal.ae performed action {'action': 'Customers:AwsOpportunity:list', 'resource': ['*'], 'customer': ['*']} successfully
2024-04-21 22:26:25 INFO User ahmed.dirir@bespinglobal.ae performed action {'action': 'Customers:AzureOpportunity:list', 'resource': ['*'], 'customer': ['*']} successfully
2024-04-21 22:26:25 INFO User ahmed.dirir@bespinglobal.ae performed action {'action': 'Customers:M365Opportunity:list', 'resource': ['*'], 'customer': ['*']} successfully
2024-04-21 22:26:27 INFO User ahmed.dirir@bespinglobal.ae performed action {'action': 'Customers:Product:list', 'resource': ['*'], 'customer': ['*']} successfully
2024-04-21 22:26:27 INFO User ahmed.dirir@bespinglobal.ae performed action {'action': 'Customers:Addon:list', 'resource': ['*'], 'customer': ['*']} successfully
2024-04-21 22:26:29 INFO User ahmed.dirir@bespinglobal.ae performed action {'action': 'Customers:Opportunity:list', 'resource': ['*'], 'customer': ['*']} successfully
2024-04-21 22:26:29 INFO User ahmed.dirir@bespinglobal.ae performed action {'action': 'Customers:AwsOpportunity:list', 'resource': ['*'], 'customer': ['*']} successfully
2024-04-21 22:26:31 INFO User ahmed.dirir@bespinglobal.ae performed action {'action': 'Customers:AzureOpportunity:list', 'resource': ['*'], 'customer': ['*']} successfully
2024-04-21 22:26:31 INFO User ahmed.dirir@bespinglobal.ae performed action {'action': 'Customers:M365Opportunity:list', 'resource': ['*'], 'customer': ['*']} successfully
2024-04-21 22:26:32 INFO User ahmed.dirir@bespinglobal.ae performed action {'action': 'Customers:AzureOpportunity:list', 'resource': ['*'], 'customer': ['*']} successfully
2024-04-21 22:26:32 INFO User ahmed.dirir@bespinglobal.ae performed action {'action': 'Customers:AwsOpportunity:list', 'resource': ['*'], 'customer': ['*']} successfully
2024-04-21 22:26:33 INFO User ahmed.dirir@bespinglobal.ae performed action {'action': 'Customers:AzureOpportunity:list', 'resource': ['*'], 'customer': ['*']} successfully
2024-04-21 22:26:34 INFO User ahmed.dirir@bespinglobal.ae performed action {'action': 'Customers:M365Opportunity:list', 'resource': ['*'], 'customer': ['*']} successfully
2024-04-21 22:29:56 INFO User ahmed.dirir@bespinglobal.ae performed action {'action': 'Customers:SubClient:list', 'resource': ['*'], 'customer': ['*']} successfully
2024-04-21 22:29:56 INFO User ahmed.dirir@bespinglobal.ae performed action {'action': 'Customers:M365Opportunity:list', 'resource': ['*'], 'customer': ['*']} successfully
2024-04-21 22:30:01 INFO User ahmed.dirir@bespinglobal.ae performed action {'action': 'Customers:SubClient:list', 'resource': ['*'], 'customer': ['*']} successfully
2024-04-21 22:30:03 INFO User ahmed.dirir@bespinglobal.ae performed action {'action': 'Customers:M365Opportunity:list', 'resource': ['*'], 'customer': ['*']} successfully
2024-04-21 22:30:17 INFO User ahmed.dirir@bespinglobal.ae performed action {'action': 'Customers:SubClient:list', 'resource': ['*'], 'customer': ['*']} successfully
2024-04-21 22:30:18 INFO User ahmed.dirir@bespinglobal.ae performed action {'action': 'Customers:M365Opportunity:list', 'resource': ['*'], 'customer': ['*']} successfully
2024-04-21 22:31:00 INFO User ahmed.dirir@bespinglobal.ae performed action {'action': 'Customers:M365Opportunity:list', 'resource': ['*'], 'customer': ['*']} successfully
2024-04-21 22:31:27 ERROR User ahmed.dirir@bespinglobal.ae failed to provide a valid service undefined
2024-04-21 22:31:58 INFO User ahmed.dirir@bespinglobal.ae performed action {'action': 'Customers:SubClient:list', 'resource': ['*'], 'customer': ['*']} successfully
2024-04-21 22:32:50 INFO User ahmed.dirir@bespinglobal.ae performed action {'action': 'Customers:SubClient:list', 'resource': ['*'], 'customer': ['*']} successfully
2024-04-21 22:33:23 INFO User ahmed.dirir@bespinglobal.ae performed action {'action': 'Customers:SubClient:list', 'resource': ['*'], 'customer': ['*']} successfully
2024-04-21 22:34:34 INFO User ahmed.dirir@bespinglobal.ae performed action {'action': 'Customers:SubClient:list', 'resource': ['*'], 'customer': ['*']} successfully
2024-04-21 22:34:46 INFO User ahmed.dirir@bespinglobal.ae performed action {'action': 'Customers:SubClient:list', 'resource': ['*'], 'customer': ['*']} successfully
2024-04-21 22:35:21 INFO User ahmed.dirir@bespinglobal.ae performed action {'action': 'Customers:SubClient:list', 'resource': ['*'], 'customer': ['*']} successfully
2024-04-21 22:37:12 INFO User ahmed.dirir@bespinglobal.ae performed action {'action': 'Customers:SubClient:list', 'resource': ['*'], 'customer': ['*']} successfully
2024-04-21 22:37:14 INFO User ahmed.dirir@bespinglobal.ae performed action {'action': 'Customers:Client:list', 'resource': ['*'], 'customer': ['*']} successfully
2024-04-21 22:37:19 INFO User ahmed.dirir@bespinglobal.ae performed action {'action': 'Customers:Opportunity:list', 'resource': ['*'], 'customer': ['*']} successfully
2024-04-21 22:37:20 INFO User ahmed.dirir@bespinglobal.ae performed action {'action': 'Customers:Product:list', 'resource': ['*'], 'customer': ['*']} successfully
2024-04-21 22:37:21 INFO User ahmed.dirir@bespinglobal.ae performed action {'action': 'Customers:Addon:list', 'resource': ['*'], 'customer': ['*']} successfully
2024-04-21 22:37:22 INFO User ahmed.dirir@bespinglobal.ae performed action {'action': 'Customers:Opportunity:list', 'resource': ['*'], 'customer': ['*']} successfully
2024-04-21 22:37:23 INFO User ahmed.dirir@bespinglobal.ae performed action {'action': 'Customers:AwsOpportunity:list', 'resource': ['*'], 'customer': ['*']} successfully
2024-04-21 22:37:24 INFO User ahmed.dirir@bespinglobal.ae performed action {'action': 'Customers:AzureOpportunity:list', 'resource': ['*'], 'customer': ['*']} successfully
2024-04-21 22:37:25 INFO User ahmed.dirir@bespinglobal.ae performed action {'action': 'Customers:Opportunity:list', 'resource': ['*'], 'customer': ['*']} successfully
2024-04-21 22:37:32 INFO User ahmed.dirir@bespinglobal.ae performed action {'action': 'Customers:Client:list', 'resource': ['*'], 'customer': ['*']} successfully
2024-04-21 22:37:35 INFO User ahmed.dirir@bespinglobal.ae performed action {'action': 'Customers:Opportunity:list', 'resource': ['*'], 'customer': ['*']} successfully
2024-04-21 22:37:36 INFO User ahmed.dirir@bespinglobal.ae performed action {'action': 'Customers:Product:list', 'resource': ['*'], 'customer': ['*']} successfully
2024-04-21 22:37:37 INFO User ahmed.dirir@bespinglobal.ae performed action {'action': 'Customers:Addon:list', 'resource': ['*'], 'customer': ['*']} successfully
2024-04-21 22:40:54 INFO User ahmed.dirir@bespinglobal.ae performed action {'action': 'Customers:Addon:list', 'resource': ['*'], 'customer': ['*']} successfully
2024-04-21 22:40:54 INFO User ahmed.dirir@bespinglobal.ae performed action {'action': 'Customers:SubClient:list', 'resource': ['*'], 'customer': ['*']} successfully
2024-04-21 22:41:54 INFO User ahmed.dirir@bespinglobal.ae performed action {'action': 'Customers:Client:list', 'resource': ['*'], 'customer': ['*']} successfully
2024-04-21 22:42:15 INFO User ahmed.dirir@bespinglobal.ae performed action {'action': 'Customers:SubClient:list', 'resource': ['*'], 'customer': ['*']} successfully
2024-04-21 22:42:15 INFO User ahmed.dirir@bespinglobal.ae performed action {'action': 'Customers:Client:list', 'resource': ['*'], 'customer': ['*']} successfully
2024-04-21 22:43:59 INFO User ahmed.dirir@bespinglobal.ae performed action {'action': 'Customers:SubClient:list', 'resource': ['*'], 'customer': ['*']} successfully
2024-04-21 22:44:00 INFO User ahmed.dirir@bespinglobal.ae performed action {'action': 'Customers:Client:list', 'resource': ['*'], 'customer': ['*']} successfully
2024-04-21 22:44:19 INFO User ahmed.dirir@bespinglobal.ae performed action {'action': 'Customers:Client:list', 'resource': ['*'], 'customer': ['*']} successfully
2024-04-21 22:44:19 INFO User ahmed.dirir@bespinglobal.ae performed action {'action': 'Customers:SubClient:list', 'resource': ['*'], 'customer': ['*']} successfully
2024-04-21 22:44:21 INFO User ahmed.dirir@bespinglobal.ae performed action {'action': 'Customers:SubClient:list', 'resource': ['*'], 'customer': ['*']} successfully
2024-04-21 22:44:22 INFO User ahmed.dirir@bespinglobal.ae performed action {'action': 'Customers:Client:list', 'resource': ['*'], 'customer': ['*']} successfully
2024-04-21 22:45:53 INFO User ahmed.dirir@bespinglobal.ae performed action {'action': 'Customers:Client:list', 'resource': ['*'], 'customer': ['*']} successfully
2024-04-21 22:45:54 INFO User ahmed.dirir@bespinglobal.ae performed action {'action': 'Customers:SubClient:list', 'resource': ['*'], 'customer': ['*']} successfully
2024-04-21 22:49:10 INFO User ahmed.dirir@bespinglobal.ae performed action {'action': 'Customers:Client:list', 'resource': ['*'], 'customer': ['*']} successfully
2024-04-21 22:49:10 INFO User ahmed.dirir@bespinglobal.ae performed action {'action': 'Customers:SubClient:list', 'resource': ['*'], 'customer': ['*']} successfully
2024-04-21 22:50:30 INFO User ahmed.dirir@bespinglobal.ae performed action {'action': 'Customers:SubClient:list', 'resource': ['*'], 'customer': ['*']} successfully
2024-04-21 22:50:30 INFO User ahmed.dirir@bespinglobal.ae performed action {'action': 'Customers:Client:list', 'resource': ['*'], 'customer': ['*']} successfully
2024-04-21 22:51:36 INFO User ahmed.dirir@bespinglobal.ae performed action {'action': 'Customers:Client:list', 'resource': ['*'], 'customer': ['*']} successfully
2024-04-21 22:51:36 INFO User ahmed.dirir@bespinglobal.ae performed action {'action': 'Customers:SubClient:list', 'resource': ['*'], 'customer': ['*']} successfully
2024-04-21 22:52:00 INFO User ahmed.dirir@bespinglobal.ae performed action {'action': 'Customers:Opportunity:list', 'resource': ['*'], 'customer': ['*']} successfully
2024-04-21 22:52:03 INFO User ahmed.dirir@bespinglobal.ae performed action {'action': 'Customers:Client:list', 'resource': ['*'], 'customer': ['*']} successfully
2024-04-21 22:52:06 INFO User ahmed.dirir@bespinglobal.ae performed action {'action': 'Customers:Opportunity:list', 'resource': ['*'], 'customer': ['*']} successfully
2024-04-21 22:52:10 INFO User ahmed.dirir@bespinglobal.ae performed action {'action': 'Customers:Client:list', 'resource': ['*'], 'customer': ['*']} successfully
2024-04-21 22:52:55 INFO User ahmed.dirir@bespinglobal.ae performed action {'action': 'Customers:SubClient:list', 'resource': ['*'], 'customer': ['*']} successfully
2024-04-21 22:52:56 INFO User ahmed.dirir@bespinglobal.ae performed action {'action': 'Customers:Client:list', 'resource': ['*'], 'customer': ['*']} successfully
2024-04-21 22:53:16 INFO User ahmed.dirir@bespinglobal.ae performed action {'action': 'Customers:SubClient:list', 'resource': ['*'], 'customer': ['*']} successfully
2024-04-21 22:53:16 INFO User ahmed.dirir@bespinglobal.ae performed action {'action': 'Customers:Client:list', 'resource': ['*'], 'customer': ['*']} successfully
2024-04-21 22:53:22 INFO User ahmed.dirir@bespinglobal.ae performed action {'action': 'Customers:Client:list', 'resource': ['*'], 'customer': ['*']} successfully
2024-04-21 22:53:22 INFO User ahmed.dirir@bespinglobal.ae performed action {'action': 'Customers:SubClient:list', 'resource': ['*'], 'customer': ['*']} successfully
2024-04-21 22:53:30 INFO User ahmed.dirir@bespinglobal.ae performed action {'action': 'Customers:Opportunity:list', 'resource': ['*'], 'customer': ['*']} successfully
2024-04-21 22:56:35 INFO User ahmed.dirir@bespinglobal.ae performed action {'action': 'Customers:SubClient:list', 'resource': ['*'], 'customer': ['*']} successfully
2024-04-21 22:56:36 INFO User ahmed.dirir@bespinglobal.ae performed action {'action': 'Customers:Opportunity:list', 'resource': ['*'], 'customer': ['*']} successfully
2024-04-21 22:57:44 INFO User ahmed.dirir@bespinglobal.ae performed action {'action': 'Customers:SubClient:list', 'resource': ['*'], 'customer': ['*']} successfully
2024-04-21 22:57:45 INFO User ahmed.dirir@bespinglobal.ae performed action {'action': 'Customers:Opportunity:list', 'resource': ['*'], 'customer': ['*']} successfully
2024-04-21 22:58:32 INFO User ahmed.dirir@bespinglobal.ae performed action {'action': 'Customers:SubClient:list', 'resource': ['*'], 'customer': ['*']} successfully
2024-04-21 22:58:32 INFO User ahmed.dirir@bespinglobal.ae performed action {'action': 'Customers:Opportunity:list', 'resource': ['*'], 'customer': ['*']} successfully
2024-04-21 22:58:41 INFO User ahmed.dirir@bespinglobal.ae performed action {'action': 'Customers:Client:list', 'resource': ['*'], 'customer': ['*']} successfully
2024-04-21 22:58:42 INFO User ahmed.dirir@bespinglobal.ae performed action {'action': 'Customers:SubClient:list', 'resource': ['*'], 'customer': ['*']} successfully
2024-04-21 22:58:43 INFO User ahmed.dirir@bespinglobal.ae performed action {'action': 'Customers:Contact:list', 'resource': ['*'], 'customer': ['*']} successfully
2024-04-21 22:58:44 INFO User ahmed.dirir@bespinglobal.ae performed action {'action': 'Customers:Synthetic:list', 'resource': ['*'], 'customer': ['*']} successfully
2024-04-21 22:58:44 INFO User ahmed.dirir@bespinglobal.ae performed action {'action': 'Customers:AwsAccount:list', 'resource': ['*'], 'customer': ['*']} successfully
2024-04-21 22:58:45 INFO User ahmed.dirir@bespinglobal.ae performed action {'action': 'Customers:AzureAccount:list', 'resource': ['*'], 'customer': ['*']} successfully
2024-04-21 22:58:47 INFO User ahmed.dirir@bespinglobal.ae performed action {'action': 'Customers:M365Account:list', 'resource': ['*'], 'customer': ['*']} successfully
2024-04-21 22:58:47 INFO User ahmed.dirir@bespinglobal.ae performed action {'action': 'Customers:AwsOpportunity:list', 'resource': ['*'], 'customer': ['*']} successfully
2024-04-21 22:58:48 INFO User ahmed.dirir@bespinglobal.ae performed action {'action': 'Customers:AzureOpportunity:list', 'resource': ['*'], 'customer': ['*']} successfully
2024-04-21 22:58:49 INFO User ahmed.dirir@bespinglobal.ae performed action {'action': 'Customers:M365Opportunity:list', 'resource': ['*'], 'customer': ['*']} successfully
2024-04-21 22:59:10 INFO User ahmed.dirir@bespinglobal.ae performed action {'action': 'Customers:SubClient:list', 'resource': ['*'], 'customer': ['*']} successfully
2024-04-21 22:59:10 INFO User ahmed.dirir@bespinglobal.ae performed action {'action': 'Customers:M365Opportunity:list', 'resource': ['*'], 'customer': ['*']} successfully
2024-04-21 22:59:13 INFO User ahmed.dirir@bespinglobal.ae performed action {'action': 'Customers:Client:list', 'resource': ['*'], 'customer': ['*']} successfully
2024-04-21 22:59:17 INFO User ahmed.dirir@bespinglobal.ae performed action {'action': 'Customers:Opportunity:list', 'resource': ['*'], 'customer': ['*']} successfully
2024-04-21 22:59:21 INFO User ahmed.dirir@bespinglobal.ae performed action {'action': 'Customers:AwsOpportunity:list', 'resource': ['*'], 'customer': ['*']} successfully
2024-04-21 22:59:22 INFO User ahmed.dirir@bespinglobal.ae performed action {'action': 'Customers:AzureOpportunity:list', 'resource': ['*'], 'customer': ['*']} successfully
2024-04-21 22:59:23 INFO User ahmed.dirir@bespinglobal.ae performed action {'action': 'Customers:M365Opportunity:list', 'resource': ['*'], 'customer': ['*']} successfully
2024-04-21 22:59:28 INFO User ahmed.dirir@bespinglobal.ae performed action {'action': 'Customers:M365Account:list', 'resource': ['*'], 'customer': ['*']} successfully
2024-04-21 22:59:31 INFO User ahmed.dirir@bespinglobal.ae performed action {'action': 'Customers:Synthetic:list', 'resource': ['*'], 'customer': ['*']} successfully
2024-04-21 22:59:32 INFO User ahmed.dirir@bespinglobal.ae performed action {'action': 'Customers:Contact:list', 'resource': ['*'], 'customer': ['*']} successfully
2024-04-21 22:59:33 INFO User ahmed.dirir@bespinglobal.ae performed action {'action': 'Customers:SubClient:list', 'resource': ['*'], 'customer': ['*']} successfully
2024-04-21 22:59:34 INFO User ahmed.dirir@bespinglobal.ae performed action {'action': 'Customers:Addon:list', 'resource': ['*'], 'customer': ['*']} successfully
2024-04-21 22:59:35 INFO User ahmed.dirir@bespinglobal.ae performed action {'action': 'Customers:Product:list', 'resource': ['*'], 'customer': ['*']} successfully
2024-04-21 22:59:40 INFO User ahmed.dirir@bespinglobal.ae performed action {'action': 'Customers:Client:list', 'resource': ['*'], 'customer': ['*']} successfully
2024-04-21 22:59:50 INFO User ahmed.dirir@bespinglobal.ae performed action {'action': 'Customers:Opportunity:list', 'resource': ['*'], 'customer': ['*']} successfully
2024-04-21 23:01:11 INFO User ahmed.dirir@bespinglobal.ae performed action {'action': 'Customers:SubClient:list', 'resource': ['*'], 'customer': ['*']} successfully
2024-04-21 23:01:12 INFO User ahmed.dirir@bespinglobal.ae performed action {'action': 'Customers:Opportunity:list', 'resource': ['*'], 'customer': ['*']} successfully
2024-04-21 23:02:24 INFO User ahmed.dirir@bespinglobal.ae performed action {'action': 'Customers:SubClient:list', 'resource': ['*'], 'customer': ['*']} successfully
2024-04-21 23:02:26 INFO User ahmed.dirir@bespinglobal.ae performed action {'action': 'Customers:Opportunity:list', 'resource': ['*'], 'customer': ['*']} successfully
2024-04-21 23:03:23 INFO User ahmed.dirir@bespinglobal.ae performed action {'action': 'Customers:SubClient:list', 'resource': ['*'], 'customer': ['*']} successfully
2024-04-21 23:03:23 INFO User ahmed.dirir@bespinglobal.ae performed action {'action': 'Customers:Opportunity:list', 'resource': ['*'], 'customer': ['*']} successfully
2024-04-21 23:03:26 INFO User ahmed.dirir@bespinglobal.ae performed action {'action': 'Customers:Client:list', 'resource': ['*'], 'customer': ['*']} successfully
2024-04-21 23:03:51 INFO User ahmed.dirir@bespinglobal.ae performed action {'action': 'Customers:SubClient:list', 'resource': ['*'], 'customer': ['*']} successfully
2024-04-21 23:03:52 INFO User ahmed.dirir@bespinglobal.ae performed action {'action': 'Customers:Client:list', 'resource': ['*'], 'customer': ['*']} successfully
2024-04-21 23:06:26 INFO User ahmed.dirir@bespinglobal.ae performed action {'action': 'Customers:Client:list', 'resource': ['*'], 'customer': ['*']} successfully
2024-04-21 23:06:27 INFO User ahmed.dirir@bespinglobal.ae performed action {'action': 'Customers:SubClient:list', 'resource': ['*'], 'customer': ['*']} successfully
2024-04-21 23:07:20 INFO User ahmed.dirir@bespinglobal.ae performed action {'action': 'Customers:SubClient:list', 'resource': ['*'], 'customer': ['*']} successfully
2024-04-21 23:07:27 INFO User ahmed.dirir@bespinglobal.ae performed action {'action': 'Customers:Client:list', 'resource': ['*'], 'customer': ['*']} successfully
